{"D:\\SWESecondphase\\Marioplex-Frontend\\src\\components\\AddTrackPopup.vue": {"path":"D:\\SWESecondphase\\Marioplex-Frontend\\src\\components\\AddTrackPopup.vue","statementMap":{"0":{"start":{"line":182,"column":0},"end":{"line":182,"column":null}},"1":{"start":{"line":184,"column":0},"end":{"line":184,"column":null}},"2":{"start":{"line":185,"column":0},"end":{"line":185,"column":null}},"3":{"start":{"line":191,"column":0},"end":{"line":191,"column":null}},"4":{"start":{"line":202,"column":0},"end":{"line":202,"column":null}},"5":{"start":{"line":205,"column":0},"end":{"line":205,"column":null}},"6":{"start":{"line":209,"column":0},"end":{"line":209,"column":null}},"7":{"start":{"line":213,"column":0},"end":{"line":213,"column":null}},"8":{"start":{"line":217,"column":0},"end":{"line":217,"column":null}},"9":{"start":{"line":220,"column":0},"end":{"line":220,"column":null}},"10":{"start":{"line":232,"column":0},"end":{"line":232,"column":null}}},"fnMap":{"0":{"name":"(anonymous_1)","decl":{"start":{"line":191,"column":0},"end":{"line":191,"column":null}},"loc":{"start":{"line":191,"column":0},"end":{"line":191,"column":null}}},"1":{"name":"(anonymous_2)","decl":{"start":{"line":201,"column":0},"end":{"line":201,"column":null}},"loc":{"start":{"line":201,"column":0},"end":{"line":203,"column":null}}},"2":{"name":"(anonymous_3)","decl":{"start":{"line":204,"column":0},"end":{"line":204,"column":null}},"loc":{"start":{"line":204,"column":0},"end":{"line":218,"column":null}}},"3":{"name":"(anonymous_4)","decl":{"start":{"line":219,"column":0},"end":{"line":219,"column":null}},"loc":{"start":{"line":219,"column":0},"end":{"line":221,"column":null}}},"4":{"name":"(anonymous_5)","decl":{"start":{"line":231,"column":0},"end":{"line":231,"column":null}},"loc":{"start":{"line":231,"column":0},"end":{"line":233,"column":null}}}},"branchMap":{},"s":{"0":3,"1":3,"2":3,"3":0,"4":0,"5":0,"6":0,"7":0,"8":0,"9":0,"10":0},"f":{"0":0,"1":0,"2":0,"3":0,"4":0},"b":{}}
,"D:\\SWESecondphase\\Marioplex-Frontend\\src\\components\\AppButton.vue": {"path":"D:\\SWESecondphase\\Marioplex-Frontend\\src\\components\\AppButton.vue","statementMap":{"0":{"start":{"line":9,"column":0},"end":{"line":9,"column":null}},"1":{"start":{"line":33,"column":0},"end":{"line":33,"column":null}},"2":{"start":{"line":46,"column":0},"end":{"line":46,"column":null}},"3":{"start":{"line":52,"column":0},"end":{"line":52,"column":null}}},"fnMap":{"0":{"name":"(anonymous_1)","decl":{"start":{"line":32,"column":0},"end":{"line":32,"column":null}},"loc":{"start":{"line":32,"column":0},"end":{"line":38,"column":null}}},"1":{"name":"(anonymous_2)","decl":{"start":{"line":41,"column":0},"end":{"line":41,"column":null}},"loc":{"start":{"line":41,"column":0},"end":{"line":53,"column":null}}}},"branchMap":{},"s":{"0":0,"1":0,"2":0,"3":0},"f":{"0":0,"1":0},"b":{}}
,"D:\\SWESecondphase\\Marioplex-Frontend\\src\\components\\CreatePlaylist.vue": {"path":"D:\\SWESecondphase\\Marioplex-Frontend\\src\\components\\CreatePlaylist.vue","statementMap":{"0":{"start":{"line":299,"column":0},"end":{"line":299,"column":null}},"1":{"start":{"line":304,"column":0},"end":{"line":304,"column":null}},"2":{"start":{"line":312,"column":0},"end":{"line":312,"column":null}},"3":{"start":{"line":321,"column":0},"end":{"line":321,"column":null}},"4":{"start":{"line":326,"column":0},"end":{"line":338,"column":null}},"5":{"start":{"line":327,"column":0},"end":{"line":327,"column":null}},"6":{"start":{"line":333,"column":0},"end":{"line":333,"column":null}},"7":{"start":{"line":339,"column":0},"end":{"line":339,"column":null}},"8":{"start":{"line":340,"column":0},"end":{"line":340,"column":null}}},"fnMap":{"0":{"name":"(anonymous_1)","decl":{"start":{"line":303,"column":0},"end":{"line":303,"column":null}},"loc":{"start":{"line":303,"column":0},"end":{"line":307,"column":null}}},"1":{"name":"(anonymous_2)","decl":{"start":{"line":312,"column":0},"end":{"line":312,"column":null}},"loc":{"start":{"line":312,"column":0},"end":{"line":312,"column":null}}},"2":{"name":"(anonymous_3)","decl":{"start":{"line":320,"column":0},"end":{"line":320,"column":null}},"loc":{"start":{"line":320,"column":0},"end":{"line":322,"column":null}}},"3":{"name":"(anonymous_4)","decl":{"start":{"line":324,"column":0},"end":{"line":324,"column":null}},"loc":{"start":{"line":324,"column":0},"end":{"line":342,"column":null}}}},"branchMap":{"0":{"loc":{"start":{"line":326,"column":0},"end":{"line":338,"column":null}},"type":"if","locations":[{"start":{"line":326,"column":0},"end":{"line":338,"column":null}},{"start":{"line":326,"column":0},"end":{"line":338,"column":null}}]}},"s":{"0":4,"1":15,"2":0,"3":2,"4":5,"5":1,"6":4,"7":5,"8":5},"f":{"0":15,"1":0,"2":2,"3":5},"b":{"0":[1,4]}}
,"D:\\SWESecondphase\\Marioplex-Frontend\\src\\components\\DeletePlaylist.vue": {"path":"D:\\SWESecondphase\\Marioplex-Frontend\\src\\components\\DeletePlaylist.vue","statementMap":{"0":{"start":{"line":197,"column":0},"end":{"line":197,"column":null}},"1":{"start":{"line":202,"column":0},"end":{"line":202,"column":null}},"2":{"start":{"line":211,"column":0},"end":{"line":211,"column":null}},"3":{"start":{"line":212,"column":0},"end":{"line":212,"column":null}},"4":{"start":{"line":215,"column":0},"end":{"line":215,"column":null}},"5":{"start":{"line":216,"column":0},"end":{"line":216,"column":null}},"6":{"start":{"line":217,"column":0},"end":{"line":217,"column":null}}},"fnMap":{"0":{"name":"(anonymous_1)","decl":{"start":{"line":202,"column":0},"end":{"line":202,"column":null}},"loc":{"start":{"line":202,"column":0},"end":{"line":202,"column":null}}},"1":{"name":"(anonymous_2)","decl":{"start":{"line":210,"column":0},"end":{"line":210,"column":null}},"loc":{"start":{"line":210,"column":0},"end":{"line":213,"column":null}}},"2":{"name":"(anonymous_3)","decl":{"start":{"line":214,"column":0},"end":{"line":214,"column":null}},"loc":{"start":{"line":214,"column":0},"end":{"line":218,"column":null}}}},"branchMap":{},"s":{"0":1,"1":0,"2":3,"3":3,"4":3,"5":3,"6":3},"f":{"0":0,"1":3,"2":3},"b":{}}
,"D:\\SWESecondphase\\Marioplex-Frontend\\src\\components\\DeleteSong.vue": {"path":"D:\\SWESecondphase\\Marioplex-Frontend\\src\\components\\DeleteSong.vue","statementMap":{"0":{"start":{"line":169,"column":0},"end":{"line":169,"column":null}},"1":{"start":{"line":178,"column":0},"end":{"line":178,"column":null}},"2":{"start":{"line":181,"column":0},"end":{"line":181,"column":null}},"3":{"start":{"line":182,"column":0},"end":{"line":182,"column":null}},"4":{"start":{"line":183,"column":0},"end":{"line":183,"column":null}}},"fnMap":{"0":{"name":"(anonymous_1)","decl":{"start":{"line":177,"column":0},"end":{"line":177,"column":null}},"loc":{"start":{"line":177,"column":0},"end":{"line":179,"column":null}}},"1":{"name":"(anonymous_2)","decl":{"start":{"line":180,"column":0},"end":{"line":180,"column":null}},"loc":{"start":{"line":180,"column":0},"end":{"line":184,"column":null}}}},"branchMap":{},"s":{"0":0,"1":0,"2":0,"3":0,"4":0},"f":{"0":0,"1":0},"b":{}}
,"D:\\SWESecondphase\\Marioplex-Frontend\\src\\components\\EditBio.vue": {"path":"D:\\SWESecondphase\\Marioplex-Frontend\\src\\components\\EditBio.vue","statementMap":{"0":{"start":{"line":248,"column":0},"end":{"line":248,"column":null}},"1":{"start":{"line":253,"column":0},"end":{"line":253,"column":null}},"2":{"start":{"line":268,"column":0},"end":{"line":268,"column":null}},"3":{"start":{"line":272,"column":0},"end":{"line":272,"column":null}},"4":{"start":{"line":277,"column":0},"end":{"line":277,"column":null}},"5":{"start":{"line":278,"column":0},"end":{"line":278,"column":null}}},"fnMap":{"0":{"name":"(anonymous_1)","decl":{"start":{"line":252,"column":0},"end":{"line":252,"column":null}},"loc":{"start":{"line":252,"column":0},"end":{"line":258,"column":null}}},"1":{"name":"(anonymous_2)","decl":{"start":{"line":267,"column":0},"end":{"line":267,"column":null}},"loc":{"start":{"line":267,"column":0},"end":{"line":269,"column":null}}},"2":{"name":"(anonymous_3)","decl":{"start":{"line":271,"column":0},"end":{"line":271,"column":null}},"loc":{"start":{"line":271,"column":0},"end":{"line":279,"column":null}}}},"branchMap":{},"s":{"0":1,"1":6,"2":0,"3":0,"4":0,"5":0},"f":{"0":6,"1":0,"2":0},"b":{}}
,"D:\\SWESecondphase\\Marioplex-Frontend\\src\\components\\NavbarWebplayer.vue": {"path":"D:\\SWESecondphase\\Marioplex-Frontend\\src\\components\\NavbarWebplayer.vue","statementMap":{"0":{"start":{"line":300,"column":0},"end":{"line":300,"column":null}},"1":{"start":{"line":303,"column":0},"end":{"line":303,"column":null}},"2":{"start":{"line":317,"column":0},"end":{"line":317,"column":null}},"3":{"start":{"line":320,"column":0},"end":{"line":320,"column":null}},"4":{"start":{"line":323,"column":0},"end":{"line":323,"column":null}},"5":{"start":{"line":326,"column":0},"end":{"line":326,"column":null}},"6":{"start":{"line":327,"column":0},"end":{"line":327,"column":null}},"7":{"start":{"line":328,"column":0},"end":{"line":332,"column":null}},"8":{"start":{"line":329,"column":0},"end":{"line":329,"column":null}},"9":{"start":{"line":331,"column":0},"end":{"line":331,"column":null}},"10":{"start":{"line":335,"column":0},"end":{"line":346,"column":null}},"11":{"start":{"line":343,"column":0},"end":{"line":343,"column":null}},"12":{"start":{"line":345,"column":0},"end":{"line":345,"column":null}},"13":{"start":{"line":347,"column":0},"end":{"line":351,"column":null}},"14":{"start":{"line":348,"column":0},"end":{"line":348,"column":null}},"15":{"start":{"line":350,"column":0},"end":{"line":350,"column":null}},"16":{"start":{"line":353,"column":0},"end":{"line":353,"column":null}},"17":{"start":{"line":360,"column":0},"end":{"line":360,"column":null}},"18":{"start":{"line":361,"column":0},"end":{"line":361,"column":null}},"19":{"start":{"line":364,"column":0},"end":{"line":364,"column":null}},"20":{"start":{"line":365,"column":0},"end":{"line":365,"column":null}}},"fnMap":{"0":{"name":"(anonymous_1)","decl":{"start":{"line":302,"column":0},"end":{"line":302,"column":null}},"loc":{"start":{"line":302,"column":0},"end":{"line":307,"column":null}}},"1":{"name":"(anonymous_2)","decl":{"start":{"line":316,"column":0},"end":{"line":316,"column":null}},"loc":{"start":{"line":316,"column":0},"end":{"line":318,"column":null}}},"2":{"name":"(anonymous_3)","decl":{"start":{"line":319,"column":0},"end":{"line":319,"column":null}},"loc":{"start":{"line":319,"column":0},"end":{"line":321,"column":null}}},"3":{"name":"(anonymous_4)","decl":{"start":{"line":322,"column":0},"end":{"line":322,"column":null}},"loc":{"start":{"line":322,"column":0},"end":{"line":324,"column":null}}},"4":{"name":"(anonymous_5)","decl":{"start":{"line":325,"column":0},"end":{"line":325,"column":null}},"loc":{"start":{"line":325,"column":0},"end":{"line":333,"column":null}}},"5":{"name":"(anonymous_6)","decl":{"start":{"line":334,"column":0},"end":{"line":334,"column":null}},"loc":{"start":{"line":334,"column":0},"end":{"line":354,"column":null}}},"6":{"name":"(anonymous_7)","decl":{"start":{"line":356,"column":0},"end":{"line":356,"column":null}},"loc":{"start":{"line":356,"column":0},"end":{"line":358,"column":null}}},"7":{"name":"(anonymous_8)","decl":{"start":{"line":359,"column":0},"end":{"line":359,"column":null}},"loc":{"start":{"line":359,"column":0},"end":{"line":362,"column":null}}},"8":{"name":"(anonymous_9)","decl":{"start":{"line":363,"column":0},"end":{"line":363,"column":null}},"loc":{"start":{"line":363,"column":0},"end":{"line":366,"column":null}}}},"branchMap":{"0":{"loc":{"start":{"line":328,"column":0},"end":{"line":332,"column":null}},"type":"if","locations":[{"start":{"line":328,"column":0},"end":{"line":332,"column":null}},{"start":{"line":328,"column":0},"end":{"line":332,"column":null}}]},"1":{"loc":{"start":{"line":335,"column":0},"end":{"line":346,"column":null}},"type":"if","locations":[{"start":{"line":335,"column":0},"end":{"line":346,"column":null}},{"start":{"line":335,"column":0},"end":{"line":346,"column":null}}]},"2":{"loc":{"start":{"line":335,"column":0},"end":{"line":335,"column":null}},"type":"binary-expr","locations":[{"start":{"line":335,"column":0},"end":{"line":335,"column":null}},{"start":{"line":335,"column":0},"end":{"line":335,"column":null}},{"start":{"line":335,"column":0},"end":{"line":335,"column":null}}]},"3":{"loc":{"start":{"line":347,"column":0},"end":{"line":351,"column":null}},"type":"if","locations":[{"start":{"line":347,"column":0},"end":{"line":351,"column":null}},{"start":{"line":347,"column":0},"end":{"line":351,"column":null}}]}},"s":{"0":1,"1":5,"2":0,"3":0,"4":0,"5":0,"6":0,"7":0,"8":0,"9":0,"10":0,"11":0,"12":0,"13":0,"14":0,"15":0,"16":0,"17":0,"18":0,"19":5,"20":5},"f":{"0":5,"1":0,"2":0,"3":0,"4":0,"5":0,"6":5,"7":0,"8":5},"b":{"0":[0,0],"1":[0,0],"2":[0,0,0],"3":[0,0]}}
,"D:\\SWESecondphase\\Marioplex-Frontend\\src\\components\\ShowPopularalbums.vue": {"path":"D:\\SWESecondphase\\Marioplex-Frontend\\src\\components\\ShowPopularalbums.vue","statementMap":{"0":{"start":{"line":94,"column":0},"end":{"line":94,"column":null}}},"fnMap":{"0":{"name":"(anonymous_1)","decl":{"start":{"line":93,"column":0},"end":{"line":93,"column":null}},"loc":{"start":{"line":93,"column":0},"end":{"line":97,"column":null}}}},"branchMap":{},"s":{"0":3},"f":{"0":3},"b":{}}
,"D:\\SWESecondphase\\Marioplex-Frontend\\src\\components\\ShowPopularartists.vue": {"path":"D:\\SWESecondphase\\Marioplex-Frontend\\src\\components\\ShowPopularartists.vue","statementMap":{"0":{"start":{"line":94,"column":0},"end":{"line":94,"column":null}}},"fnMap":{"0":{"name":"(anonymous_1)","decl":{"start":{"line":93,"column":0},"end":{"line":93,"column":null}},"loc":{"start":{"line":93,"column":0},"end":{"line":97,"column":null}}}},"branchMap":{},"s":{"0":3},"f":{"0":3},"b":{}}
,"D:\\SWESecondphase\\Marioplex-Frontend\\src\\components\\ShowPopularplaylists.vue": {"path":"D:\\SWESecondphase\\Marioplex-Frontend\\src\\components\\ShowPopularplaylists.vue","statementMap":{"0":{"start":{"line":94,"column":0},"end":{"line":94,"column":null}}},"fnMap":{"0":{"name":"(anonymous_1)","decl":{"start":{"line":93,"column":0},"end":{"line":93,"column":null}},"loc":{"start":{"line":93,"column":0},"end":{"line":97,"column":null}}}},"branchMap":{},"s":{"0":3},"f":{"0":3},"b":{}}
,"D:\\SWESecondphase\\Marioplex-Frontend\\src\\components\\ShowPopularreleases.vue": {"path":"D:\\SWESecondphase\\Marioplex-Frontend\\src\\components\\ShowPopularreleases.vue","statementMap":{"0":{"start":{"line":94,"column":0},"end":{"line":94,"column":null}}},"fnMap":{"0":{"name":"(anonymous_1)","decl":{"start":{"line":93,"column":0},"end":{"line":93,"column":null}},"loc":{"start":{"line":93,"column":0},"end":{"line":97,"column":null}}}},"branchMap":{},"s":{"0":3},"f":{"0":3},"b":{}}
,"D:\\SWESecondphase\\Marioplex-Frontend\\src\\components\\SideBar.vue": {"path":"D:\\SWESecondphase\\Marioplex-Frontend\\src\\components\\SideBar.vue","statementMap":{"0":{"start":{"line":247,"column":0},"end":{"line":247,"column":null}},"1":{"start":{"line":252,"column":0},"end":{"line":252,"column":null}},"2":{"start":{"line":263,"column":0},"end":{"line":263,"column":null}},"3":{"start":{"line":277,"column":0},"end":{"line":277,"column":null}},"4":{"start":{"line":280,"column":0},"end":{"line":280,"column":null}},"5":{"start":{"line":283,"column":0},"end":{"line":283,"column":null}},"6":{"start":{"line":286,"column":0},"end":{"line":286,"column":null}},"7":{"start":{"line":287,"column":0},"end":{"line":287,"column":null}}},"fnMap":{"0":{"name":"(anonymous_1)","decl":{"start":{"line":251,"column":0},"end":{"line":251,"column":null}},"loc":{"start":{"line":251,"column":0},"end":{"line":261,"column":null}}},"1":{"name":"(anonymous_2)","decl":{"start":{"line":262,"column":0},"end":{"line":262,"column":null}},"loc":{"start":{"line":262,"column":0},"end":{"line":264,"column":null}}},"2":{"name":"(anonymous_3)","decl":{"start":{"line":276,"column":0},"end":{"line":276,"column":null}},"loc":{"start":{"line":276,"column":0},"end":{"line":278,"column":null}}},"3":{"name":"(anonymous_4)","decl":{"start":{"line":279,"column":0},"end":{"line":279,"column":null}},"loc":{"start":{"line":279,"column":0},"end":{"line":281,"column":null}}},"4":{"name":"(anonymous_5)","decl":{"start":{"line":282,"column":0},"end":{"line":282,"column":null}},"loc":{"start":{"line":282,"column":0},"end":{"line":284,"column":null}}},"5":{"name":"(anonymous_6)","decl":{"start":{"line":285,"column":0},"end":{"line":285,"column":null}},"loc":{"start":{"line":285,"column":0},"end":{"line":288,"column":null}}}},"branchMap":{},"s":{"0":1,"1":6,"2":6,"3":0,"4":0,"5":0,"6":0,"7":0},"f":{"0":6,"1":6,"2":0,"3":0,"4":0,"5":0},"b":{}}
,"D:\\SWESecondphase\\Marioplex-Frontend\\src\\components\\SongComponent.vue": {"path":"D:\\SWESecondphase\\Marioplex-Frontend\\src\\components\\SongComponent.vue","statementMap":{"0":{"start":{"line":231,"column":0},"end":{"line":231,"column":null}},"1":{"start":{"line":232,"column":0},"end":{"line":232,"column":null}},"2":{"start":{"line":233,"column":0},"end":{"line":233,"column":null}},"3":{"start":{"line":234,"column":0},"end":{"line":234,"column":null}},"4":{"start":{"line":236,"column":0},"end":{"line":236,"column":null}},"5":{"start":{"line":238,"column":0},"end":{"line":238,"column":null}},"6":{"start":{"line":239,"column":0},"end":{"line":239,"column":null}},"7":{"start":{"line":240,"column":0},"end":{"line":240,"column":null}},"8":{"start":{"line":241,"column":0},"end":{"line":243,"column":null}},"9":{"start":{"line":242,"column":0},"end":{"line":242,"column":null}},"10":{"start":{"line":253,"column":0},"end":{"line":253,"column":null}},"11":{"start":{"line":300,"column":0},"end":{"line":300,"column":null}},"12":{"start":{"line":306,"column":0},"end":{"line":306,"column":null}},"13":{"start":{"line":307,"column":0},"end":{"line":307,"column":null}},"14":{"start":{"line":308,"column":0},"end":{"line":308,"column":null}},"15":{"start":{"line":309,"column":0},"end":{"line":319,"column":null}},"16":{"start":{"line":310,"column":0},"end":{"line":318,"column":null}},"17":{"start":{"line":311,"column":0},"end":{"line":311,"column":null}},"18":{"start":{"line":312,"column":0},"end":{"line":312,"column":null}},"19":{"start":{"line":313,"column":0},"end":{"line":313,"column":null}},"20":{"start":{"line":314,"column":0},"end":{"line":317,"column":null}},"21":{"start":{"line":315,"column":0},"end":{"line":315,"column":null}},"22":{"start":{"line":316,"column":0},"end":{"line":316,"column":null}},"23":{"start":{"line":322,"column":0},"end":{"line":322,"column":null}},"24":{"start":{"line":323,"column":0},"end":{"line":326,"column":null}},"25":{"start":{"line":324,"column":0},"end":{"line":324,"column":null}},"26":{"start":{"line":325,"column":0},"end":{"line":325,"column":null}},"27":{"start":{"line":329,"column":0},"end":{"line":329,"column":null}},"28":{"start":{"line":332,"column":0},"end":{"line":340,"column":null}},"29":{"start":{"line":333,"column":0},"end":{"line":333,"column":null}},"30":{"start":{"line":334,"column":0},"end":{"line":334,"column":null}},"31":{"start":{"line":335,"column":0},"end":{"line":335,"column":null}},"32":{"start":{"line":337,"column":0},"end":{"line":337,"column":null}},"33":{"start":{"line":338,"column":0},"end":{"line":338,"column":null}},"34":{"start":{"line":339,"column":0},"end":{"line":339,"column":null}},"35":{"start":{"line":343,"column":0},"end":{"line":351,"column":null}},"36":{"start":{"line":344,"column":0},"end":{"line":348,"column":null}},"37":{"start":{"line":345,"column":0},"end":{"line":345,"column":null}},"38":{"start":{"line":347,"column":0},"end":{"line":347,"column":null}},"39":{"start":{"line":350,"column":0},"end":{"line":350,"column":null}},"40":{"start":{"line":354,"column":0},"end":{"line":354,"column":null}},"41":{"start":{"line":357,"column":0},"end":{"line":357,"column":null}},"42":{"start":{"line":362,"column":0},"end":{"line":362,"column":null}},"43":{"start":{"line":367,"column":0},"end":{"line":367,"column":null}},"44":{"start":{"line":374,"column":0},"end":{"line":374,"column":null}},"45":{"start":{"line":375,"column":0},"end":{"line":375,"column":null}},"46":{"start":{"line":376,"column":0},"end":{"line":376,"column":null}},"47":{"start":{"line":377,"column":0},"end":{"line":377,"column":null}},"48":{"start":{"line":389,"column":0},"end":{"line":389,"column":null}},"49":{"start":{"line":392,"column":0},"end":{"line":392,"column":null}}},"fnMap":{"0":{"name":"(anonymous_1)","decl":{"start":{"line":235,"column":0},"end":{"line":235,"column":null}},"loc":{"start":{"line":235,"column":0},"end":{"line":244,"column":null}}},"1":{"name":"(anonymous_2)","decl":{"start":{"line":241,"column":0},"end":{"line":241,"column":null}},"loc":{"start":{"line":241,"column":0},"end":{"line":243,"column":null}}},"2":{"name":"(anonymous_3)","decl":{"start":{"line":252,"column":0},"end":{"line":252,"column":null}},"loc":{"start":{"line":252,"column":0},"end":{"line":258,"column":null}}},"3":{"name":"(anonymous_4)","decl":{"start":{"line":299,"column":0},"end":{"line":299,"column":null}},"loc":{"start":{"line":299,"column":0},"end":{"line":304,"column":null}}},"4":{"name":"(anonymous_5)","decl":{"start":{"line":305,"column":0},"end":{"line":305,"column":null}},"loc":{"start":{"line":305,"column":0},"end":{"line":320,"column":null}}},"5":{"name":"(anonymous_6)","decl":{"start":{"line":310,"column":0},"end":{"line":310,"column":null}},"loc":{"start":{"line":310,"column":0},"end":{"line":318,"column":null}}},"6":{"name":"(anonymous_7)","decl":{"start":{"line":321,"column":0},"end":{"line":321,"column":null}},"loc":{"start":{"line":321,"column":0},"end":{"line":327,"column":null}}},"7":{"name":"(anonymous_8)","decl":{"start":{"line":328,"column":0},"end":{"line":328,"column":null}},"loc":{"start":{"line":328,"column":0},"end":{"line":330,"column":null}}},"8":{"name":"(anonymous_9)","decl":{"start":{"line":331,"column":0},"end":{"line":331,"column":null}},"loc":{"start":{"line":331,"column":0},"end":{"line":341,"column":null}}},"9":{"name":"(anonymous_10)","decl":{"start":{"line":342,"column":0},"end":{"line":342,"column":null}},"loc":{"start":{"line":342,"column":0},"end":{"line":352,"column":null}}},"10":{"name":"(anonymous_11)","decl":{"start":{"line":353,"column":0},"end":{"line":353,"column":null}},"loc":{"start":{"line":353,"column":0},"end":{"line":355,"column":null}}},"11":{"name":"(anonymous_12)","decl":{"start":{"line":356,"column":0},"end":{"line":356,"column":null}},"loc":{"start":{"line":356,"column":0},"end":{"line":358,"column":null}}},"12":{"name":"(anonymous_13)","decl":{"start":{"line":361,"column":0},"end":{"line":361,"column":null}},"loc":{"start":{"line":361,"column":0},"end":{"line":365,"column":null}}},"13":{"name":"(anonymous_14)","decl":{"start":{"line":366,"column":0},"end":{"line":366,"column":null}},"loc":{"start":{"line":366,"column":0},"end":{"line":372,"column":null}}},"14":{"name":"(anonymous_15)","decl":{"start":{"line":373,"column":0},"end":{"line":373,"column":null}},"loc":{"start":{"line":373,"column":0},"end":{"line":378,"column":null}}},"15":{"name":"(anonymous_16)","decl":{"start":{"line":388,"column":0},"end":{"line":388,"column":null}},"loc":{"start":{"line":388,"column":0},"end":{"line":390,"column":null}}},"16":{"name":"(anonymous_17)","decl":{"start":{"line":391,"column":0},"end":{"line":391,"column":null}},"loc":{"start":{"line":391,"column":0},"end":{"line":393,"column":null}}}},"branchMap":{"0":{"loc":{"start":{"line":309,"column":0},"end":{"line":319,"column":null}},"type":"if","locations":[{"start":{"line":309,"column":0},"end":{"line":319,"column":null}},{"start":{"line":309,"column":0},"end":{"line":319,"column":null}}]},"1":{"loc":{"start":{"line":314,"column":0},"end":{"line":317,"column":null}},"type":"if","locations":[{"start":{"line":314,"column":0},"end":{"line":317,"column":null}},{"start":{"line":314,"column":0},"end":{"line":317,"column":null}}]},"2":{"loc":{"start":{"line":323,"column":0},"end":{"line":326,"column":null}},"type":"if","locations":[{"start":{"line":323,"column":0},"end":{"line":326,"column":null}},{"start":{"line":323,"column":0},"end":{"line":326,"column":null}}]},"3":{"loc":{"start":{"line":323,"column":0},"end":{"line":323,"column":null}},"type":"binary-expr","locations":[{"start":{"line":323,"column":0},"end":{"line":323,"column":null}},{"start":{"line":323,"column":0},"end":{"line":323,"column":null}}]},"4":{"loc":{"start":{"line":332,"column":0},"end":{"line":340,"column":null}},"type":"if","locations":[{"start":{"line":332,"column":0},"end":{"line":340,"column":null}},{"start":{"line":332,"column":0},"end":{"line":340,"column":null}}]},"5":{"loc":{"start":{"line":343,"column":0},"end":{"line":351,"column":null}},"type":"if","locations":[{"start":{"line":343,"column":0},"end":{"line":351,"column":null}},{"start":{"line":343,"column":0},"end":{"line":351,"column":null}}]},"6":{"loc":{"start":{"line":344,"column":0},"end":{"line":348,"column":null}},"type":"if","locations":[{"start":{"line":344,"column":0},"end":{"line":348,"column":null}},{"start":{"line":344,"column":0},"end":{"line":348,"column":null}}]},"7":{"loc":{"start":{"line":367,"column":0},"end":{"line":367,"column":null}},"type":"binary-expr","locations":[{"start":{"line":367,"column":0},"end":{"line":367,"column":null}},{"start":{"line":367,"column":0},"end":{"line":367,"column":null}},{"start":{"line":367,"column":0},"end":{"line":367,"column":null}}]},"8":{"loc":{"start":{"line":376,"column":0},"end":{"line":376,"column":null}},"type":"if","locations":[{"start":{"line":376,"column":0},"end":{"line":376,"column":null}},{"start":{"line":376,"column":0},"end":{"line":376,"column":null}}]}},"s":{"0":3,"1":3,"2":3,"3":3,"4":0,"5":0,"6":0,"7":0,"8":0,"9":0,"10":8,"11":0,"12":2,"13":2,"14":2,"15":2,"16":2,"17":2,"18":2,"19":2,"20":2,"21":0,"22":0,"23":0,"24":0,"25":0,"26":0,"27":3,"28":0,"29":0,"30":0,"31":0,"32":0,"33":0,"34":0,"35":0,"36":0,"37":0,"38":0,"39":0,"40":0,"41":0,"42":8,"43":8,"44":8,"45":8,"46":8,"47":8,"48":8,"49":0},"f":{"0":0,"1":0,"2":8,"3":0,"4":2,"5":2,"6":0,"7":3,"8":0,"9":0,"10":0,"11":0,"12":8,"13":8,"14":8,"15":8,"16":0},"b":{"0":[2,0],"1":[0,2],"2":[0,0],"3":[0,0],"4":[0,0],"5":[0,0],"6":[0,0],"7":[8,0,0],"8":[0,8]}}
,"D:\\SWESecondphase\\Marioplex-Frontend\\src\\components\\UploadSong.vue": {"path":"D:\\SWESecondphase\\Marioplex-Frontend\\src\\components\\UploadSong.vue","statementMap":{"0":{"start":{"line":214,"column":0},"end":{"line":214,"column":null}},"1":{"start":{"line":218,"column":0},"end":{"line":218,"column":null}},"2":{"start":{"line":236,"column":0},"end":{"line":236,"column":null}},"3":{"start":{"line":239,"column":0},"end":{"line":239,"column":null}},"4":{"start":{"line":241,"column":0},"end":{"line":241,"column":null}},"5":{"start":{"line":244,"column":0},"end":{"line":244,"column":null}},"6":{"start":{"line":245,"column":0},"end":{"line":245,"column":null}},"7":{"start":{"line":271,"column":0},"end":{"line":271,"column":null}}},"fnMap":{"0":{"name":"(anonymous_1)","decl":{"start":{"line":217,"column":0},"end":{"line":217,"column":null}},"loc":{"start":{"line":217,"column":0},"end":{"line":225,"column":null}}},"1":{"name":"(anonymous_2)","decl":{"start":{"line":235,"column":0},"end":{"line":235,"column":null}},"loc":{"start":{"line":235,"column":0},"end":{"line":237,"column":null}}},"2":{"name":"(anonymous_3)","decl":{"start":{"line":238,"column":0},"end":{"line":238,"column":null}},"loc":{"start":{"line":238,"column":0},"end":{"line":242,"column":null}}},"3":{"name":"(anonymous_4)","decl":{"start":{"line":243,"column":0},"end":{"line":243,"column":null}},"loc":{"start":{"line":243,"column":0},"end":{"line":246,"column":null}}},"4":{"name":"(anonymous_5)","decl":{"start":{"line":247,"column":0},"end":{"line":247,"column":null}},"loc":{"start":{"line":247,"column":0},"end":{"line":278,"column":null}}}},"branchMap":{},"s":{"0":1,"1":6,"2":0,"3":0,"4":0,"5":0,"6":0,"7":0},"f":{"0":6,"1":0,"2":0,"3":0,"4":0},"b":{}}
,"D:\\SWESecondphase\\Marioplex-Frontend\\src\\components\\album_info.vue": {"path":"D:\\SWESecondphase\\Marioplex-Frontend\\src\\components\\album_info.vue","statementMap":{"0":{"start":{"line":240,"column":0},"end":{"line":240,"column":null}},"1":{"start":{"line":241,"column":0},"end":{"line":241,"column":null}},"2":{"start":{"line":242,"column":0},"end":{"line":242,"column":null}},"3":{"start":{"line":244,"column":0},"end":{"line":244,"column":null}},"4":{"start":{"line":246,"column":0},"end":{"line":246,"column":null}},"5":{"start":{"line":247,"column":0},"end":{"line":247,"column":null}},"6":{"start":{"line":248,"column":0},"end":{"line":248,"column":null}},"7":{"start":{"line":249,"column":0},"end":{"line":251,"column":null}},"8":{"start":{"line":250,"column":0},"end":{"line":250,"column":null}},"9":{"start":{"line":252,"column":0},"end":{"line":252,"column":null}},"10":{"start":{"line":258,"column":0},"end":{"line":258,"column":null}},"11":{"start":{"line":267,"column":0},"end":{"line":267,"column":null}},"12":{"start":{"line":268,"column":0},"end":{"line":268,"column":null}},"13":{"start":{"line":269,"column":0},"end":{"line":269,"column":null}},"14":{"start":{"line":272,"column":0},"end":{"line":272,"column":null}},"15":{"start":{"line":273,"column":0},"end":{"line":278,"column":null}},"16":{"start":{"line":274,"column":0},"end":{"line":274,"column":null}},"17":{"start":{"line":275,"column":0},"end":{"line":275,"column":null}},"18":{"start":{"line":276,"column":0},"end":{"line":276,"column":null}},"19":{"start":{"line":277,"column":0},"end":{"line":277,"column":null}},"20":{"start":{"line":281,"column":0},"end":{"line":281,"column":null}},"21":{"start":{"line":282,"column":0},"end":{"line":282,"column":null}},"22":{"start":{"line":283,"column":0},"end":{"line":283,"column":null}},"23":{"start":{"line":284,"column":0},"end":{"line":284,"column":null}},"24":{"start":{"line":285,"column":0},"end":{"line":285,"column":null}},"25":{"start":{"line":288,"column":0},"end":{"line":288,"column":null}},"26":{"start":{"line":291,"column":0},"end":{"line":291,"column":null}},"27":{"start":{"line":292,"column":0},"end":{"line":292,"column":null}},"28":{"start":{"line":293,"column":0},"end":{"line":299,"column":null}},"29":{"start":{"line":294,"column":0},"end":{"line":294,"column":null}},"30":{"start":{"line":295,"column":0},"end":{"line":295,"column":null}},"31":{"start":{"line":297,"column":0},"end":{"line":297,"column":null}},"32":{"start":{"line":298,"column":0},"end":{"line":298,"column":null}},"33":{"start":{"line":302,"column":0},"end":{"line":302,"column":null}},"34":{"start":{"line":303,"column":0},"end":{"line":303,"column":null}},"35":{"start":{"line":305,"column":0},"end":{"line":312,"column":null}},"36":{"start":{"line":306,"column":0},"end":{"line":306,"column":null}},"37":{"start":{"line":307,"column":0},"end":{"line":307,"column":null}},"38":{"start":{"line":309,"column":0},"end":{"line":309,"column":null}},"39":{"start":{"line":310,"column":0},"end":{"line":310,"column":null}},"40":{"start":{"line":311,"column":0},"end":{"line":311,"column":null}},"41":{"start":{"line":315,"column":0},"end":{"line":321,"column":null}},"42":{"start":{"line":316,"column":0},"end":{"line":316,"column":null}},"43":{"start":{"line":317,"column":0},"end":{"line":317,"column":null}},"44":{"start":{"line":319,"column":0},"end":{"line":319,"column":null}},"45":{"start":{"line":320,"column":0},"end":{"line":320,"column":null}}},"fnMap":{"0":{"name":"(anonymous_1)","decl":{"start":{"line":243,"column":0},"end":{"line":243,"column":null}},"loc":{"start":{"line":243,"column":0},"end":{"line":253,"column":null}}},"1":{"name":"(anonymous_2)","decl":{"start":{"line":249,"column":0},"end":{"line":249,"column":null}},"loc":{"start":{"line":249,"column":0},"end":{"line":251,"column":null}}},"2":{"name":"(anonymous_3)","decl":{"start":{"line":257,"column":0},"end":{"line":257,"column":null}},"loc":{"start":{"line":257,"column":0},"end":{"line":262,"column":null}}},"3":{"name":"(anonymous_4)","decl":{"start":{"line":266,"column":0},"end":{"line":266,"column":null}},"loc":{"start":{"line":266,"column":0},"end":{"line":270,"column":null}}},"4":{"name":"(anonymous_5)","decl":{"start":{"line":271,"column":0},"end":{"line":271,"column":null}},"loc":{"start":{"line":271,"column":0},"end":{"line":279,"column":null}}},"5":{"name":"(anonymous_6)","decl":{"start":{"line":280,"column":0},"end":{"line":280,"column":null}},"loc":{"start":{"line":280,"column":0},"end":{"line":286,"column":null}}},"6":{"name":"(anonymous_7)","decl":{"start":{"line":287,"column":0},"end":{"line":287,"column":null}},"loc":{"start":{"line":287,"column":0},"end":{"line":289,"column":null}}},"7":{"name":"(anonymous_8)","decl":{"start":{"line":290,"column":0},"end":{"line":290,"column":null}},"loc":{"start":{"line":290,"column":0},"end":{"line":300,"column":null}}},"8":{"name":"(anonymous_9)","decl":{"start":{"line":301,"column":0},"end":{"line":301,"column":null}},"loc":{"start":{"line":301,"column":0},"end":{"line":313,"column":null}}},"9":{"name":"(anonymous_10)","decl":{"start":{"line":314,"column":0},"end":{"line":314,"column":null}},"loc":{"start":{"line":314,"column":0},"end":{"line":322,"column":null}}}},"branchMap":{"0":{"loc":{"start":{"line":273,"column":0},"end":{"line":278,"column":null}},"type":"if","locations":[{"start":{"line":273,"column":0},"end":{"line":278,"column":null}},{"start":{"line":273,"column":0},"end":{"line":278,"column":null}}]},"1":{"loc":{"start":{"line":293,"column":0},"end":{"line":299,"column":null}},"type":"if","locations":[{"start":{"line":293,"column":0},"end":{"line":299,"column":null}},{"start":{"line":293,"column":0},"end":{"line":299,"column":null}}]},"2":{"loc":{"start":{"line":305,"column":0},"end":{"line":312,"column":null}},"type":"if","locations":[{"start":{"line":305,"column":0},"end":{"line":312,"column":null}},{"start":{"line":305,"column":0},"end":{"line":312,"column":null}}]},"3":{"loc":{"start":{"line":315,"column":0},"end":{"line":321,"column":null}},"type":"if","locations":[{"start":{"line":315,"column":0},"end":{"line":321,"column":null}},{"start":{"line":315,"column":0},"end":{"line":321,"column":null}}]}},"s":{"0":1,"1":1,"2":1,"3":0,"4":0,"5":0,"6":0,"7":0,"8":0,"9":0,"10":8,"11":0,"12":0,"13":0,"14":0,"15":0,"16":0,"17":0,"18":0,"19":0,"20":0,"21":0,"22":0,"23":0,"24":0,"25":0,"26":0,"27":0,"28":0,"29":0,"30":0,"31":0,"32":0,"33":0,"34":0,"35":0,"36":0,"37":0,"38":0,"39":0,"40":0,"41":0,"42":0,"43":0,"44":0,"45":0},"f":{"0":0,"1":0,"2":8,"3":0,"4":0,"5":0,"6":0,"7":0,"8":0,"9":0},"b":{"0":[0,0],"1":[0,0],"2":[0,0],"3":[0,0]}}
,"D:\\SWESecondphase\\Marioplex-Frontend\\src\\components\\home-navigation-bar.vue": {"path":"D:\\SWESecondphase\\Marioplex-Frontend\\src\\components\\home-navigation-bar.vue","statementMap":{"0":{"start":{"line":178,"column":0},"end":{"line":178,"column":null}},"1":{"start":{"line":182,"column":0},"end":{"line":182,"column":null}},"2":{"start":{"line":188,"column":0},"end":{"line":188,"column":null}},"3":{"start":{"line":189,"column":0},"end":{"line":189,"column":null}},"4":{"start":{"line":190,"column":0},"end":{"line":190,"column":null}},"5":{"start":{"line":191,"column":0},"end":{"line":191,"column":null}},"6":{"start":{"line":192,"column":0},"end":{"line":192,"column":null}},"7":{"start":{"line":193,"column":0},"end":{"line":193,"column":null}},"8":{"start":{"line":197,"column":0},"end":{"line":197,"column":null}},"9":{"start":{"line":198,"column":0},"end":{"line":198,"column":null}}},"fnMap":{"0":{"name":"(anonymous_1)","decl":{"start":{"line":181,"column":0},"end":{"line":181,"column":null}},"loc":{"start":{"line":181,"column":0},"end":{"line":185,"column":null}}},"1":{"name":"(anonymous_2)","decl":{"start":{"line":187,"column":0},"end":{"line":187,"column":null}},"loc":{"start":{"line":187,"column":0},"end":{"line":195,"column":null}}},"2":{"name":"(anonymous_3)","decl":{"start":{"line":196,"column":0},"end":{"line":196,"column":null}},"loc":{"start":{"line":196,"column":0},"end":{"line":199,"column":null}}}},"branchMap":{"0":{"loc":{"start":{"line":193,"column":0},"end":{"line":193,"column":null}},"type":"if","locations":[{"start":{"line":193,"column":0},"end":{"line":193,"column":null}},{"start":{"line":193,"column":0},"end":{"line":193,"column":null}}]}},"s":{"0":1,"1":2,"2":0,"3":0,"4":0,"5":0,"6":0,"7":0,"8":0,"9":0},"f":{"0":2,"1":0,"2":0},"b":{"0":[0,0]}}
,"D:\\SWESecondphase\\Marioplex-Frontend\\src\\components\\lib-albums.vue": {"path":"D:\\SWESecondphase\\Marioplex-Frontend\\src\\components\\lib-albums.vue","statementMap":{"0":{"start":{"line":101,"column":0},"end":{"line":101,"column":null}}},"fnMap":{"0":{"name":"(anonymous_1)","decl":{"start":{"line":100,"column":0},"end":{"line":100,"column":null}},"loc":{"start":{"line":100,"column":0},"end":{"line":104,"column":null}}}},"branchMap":{},"s":{"0":3},"f":{"0":3},"b":{}}
,"D:\\SWESecondphase\\Marioplex-Frontend\\src\\components\\lib-artists.vue": {"path":"D:\\SWESecondphase\\Marioplex-Frontend\\src\\components\\lib-artists.vue","statementMap":{"0":{"start":{"line":88,"column":0},"end":{"line":88,"column":null}}},"fnMap":{"0":{"name":"(anonymous_1)","decl":{"start":{"line":87,"column":0},"end":{"line":87,"column":null}},"loc":{"start":{"line":87,"column":0},"end":{"line":91,"column":null}}}},"branchMap":{},"s":{"0":3},"f":{"0":3},"b":{}}
,"D:\\SWESecondphase\\Marioplex-Frontend\\src\\components\\lib-likedsongs.vue": {"path":"D:\\SWESecondphase\\Marioplex-Frontend\\src\\components\\lib-likedsongs.vue","statementMap":{"0":{"start":{"line":104,"column":0},"end":{"line":104,"column":null}},"1":{"start":{"line":107,"column":0},"end":{"line":107,"column":null}},"2":{"start":{"line":114,"column":0},"end":{"line":114,"column":null}},"3":{"start":{"line":123,"column":0},"end":{"line":123,"column":null}}},"fnMap":{"0":{"name":"(anonymous_1)","decl":{"start":{"line":106,"column":0},"end":{"line":106,"column":null}},"loc":{"start":{"line":106,"column":0},"end":{"line":111,"column":null}}},"1":{"name":"(anonymous_2)","decl":{"start":{"line":113,"column":0},"end":{"line":113,"column":null}},"loc":{"start":{"line":113,"column":0},"end":{"line":115,"column":null}}},"2":{"name":"(anonymous_3)","decl":{"start":{"line":122,"column":0},"end":{"line":122,"column":null}},"loc":{"start":{"line":122,"column":0},"end":{"line":124,"column":null}}}},"branchMap":{},"s":{"0":1,"1":3,"2":3,"3":3},"f":{"0":3,"1":3,"2":3},"b":{}}
,"D:\\SWESecondphase\\Marioplex-Frontend\\src\\components\\lib-playlists-default.vue": {"path":"D:\\SWESecondphase\\Marioplex-Frontend\\src\\components\\lib-playlists-default.vue","statementMap":{"0":{"start":{"line":72,"column":0},"end":{"line":72,"column":null}}},"fnMap":{"0":{"name":"(anonymous_1)","decl":{"start":{"line":71,"column":0},"end":{"line":71,"column":null}},"loc":{"start":{"line":71,"column":0},"end":{"line":73,"column":null}}}},"branchMap":{},"s":{"0":0},"f":{"0":0},"b":{}}
,"D:\\SWESecondphase\\Marioplex-Frontend\\src\\components\\lib-playlists.vue": {"path":"D:\\SWESecondphase\\Marioplex-Frontend\\src\\components\\lib-playlists.vue","statementMap":{"0":{"start":{"line":101,"column":0},"end":{"line":101,"column":null}},"1":{"start":{"line":104,"column":0},"end":{"line":104,"column":null}}},"fnMap":{"0":{"name":"(anonymous_1)","decl":{"start":{"line":103,"column":0},"end":{"line":103,"column":null}},"loc":{"start":{"line":103,"column":0},"end":{"line":107,"column":null}}}},"branchMap":{},"s":{"0":4,"1":3},"f":{"0":3},"b":{}}
,"D:\\SWESecondphase\\Marioplex-Frontend\\src\\components\\library-navbar.vue": {"path":"D:\\SWESecondphase\\Marioplex-Frontend\\src\\components\\library-navbar.vue","statementMap":{"0":{"start":{"line":318,"column":0},"end":{"line":318,"column":null}},"1":{"start":{"line":321,"column":0},"end":{"line":321,"column":null}},"2":{"start":{"line":332,"column":0},"end":{"line":332,"column":null}},"3":{"start":{"line":337,"column":0},"end":{"line":337,"column":null}},"4":{"start":{"line":340,"column":0},"end":{"line":340,"column":null}},"5":{"start":{"line":343,"column":0},"end":{"line":343,"column":null}},"6":{"start":{"line":346,"column":0},"end":{"line":357,"column":null}},"7":{"start":{"line":354,"column":0},"end":{"line":354,"column":null}},"8":{"start":{"line":356,"column":0},"end":{"line":356,"column":null}},"9":{"start":{"line":358,"column":0},"end":{"line":358,"column":null}},"10":{"start":{"line":359,"column":0},"end":{"line":359,"column":null}}},"fnMap":{"0":{"name":"(anonymous_1)","decl":{"start":{"line":320,"column":0},"end":{"line":320,"column":null}},"loc":{"start":{"line":320,"column":0},"end":{"line":324,"column":null}}},"1":{"name":"(anonymous_2)","decl":{"start":{"line":331,"column":0},"end":{"line":331,"column":null}},"loc":{"start":{"line":331,"column":0},"end":{"line":333,"column":null}}},"2":{"name":"(anonymous_3)","decl":{"start":{"line":336,"column":0},"end":{"line":336,"column":null}},"loc":{"start":{"line":336,"column":0},"end":{"line":338,"column":null}}},"3":{"name":"(anonymous_4)","decl":{"start":{"line":339,"column":0},"end":{"line":339,"column":null}},"loc":{"start":{"line":339,"column":0},"end":{"line":341,"column":null}}},"4":{"name":"(anonymous_5)","decl":{"start":{"line":342,"column":0},"end":{"line":342,"column":null}},"loc":{"start":{"line":342,"column":0},"end":{"line":344,"column":null}}},"5":{"name":"(anonymous_6)","decl":{"start":{"line":345,"column":0},"end":{"line":345,"column":null}},"loc":{"start":{"line":345,"column":0},"end":{"line":360,"column":null}}}},"branchMap":{"0":{"loc":{"start":{"line":346,"column":0},"end":{"line":357,"column":null}},"type":"if","locations":[{"start":{"line":346,"column":0},"end":{"line":357,"column":null}},{"start":{"line":346,"column":0},"end":{"line":357,"column":null}}]},"1":{"loc":{"start":{"line":346,"column":0},"end":{"line":346,"column":null}},"type":"binary-expr","locations":[{"start":{"line":346,"column":0},"end":{"line":346,"column":null}},{"start":{"line":346,"column":0},"end":{"line":346,"column":null}},{"start":{"line":346,"column":0},"end":{"line":346,"column":null}}]}},"s":{"0":0,"1":0,"2":0,"3":0,"4":0,"5":0,"6":0,"7":0,"8":0,"9":0,"10":0},"f":{"0":0,"1":0,"2":0,"3":0,"4":0,"5":0},"b":{"0":[0,0],"1":[0,0,0]}}
,"D:\\SWESecondphase\\Marioplex-Frontend\\src\\components\\likedtracks_info.vue": {"path":"D:\\SWESecondphase\\Marioplex-Frontend\\src\\components\\likedtracks_info.vue","statementMap":{"0":{"start":{"line":147,"column":0},"end":{"line":147,"column":null}},"1":{"start":{"line":148,"column":0},"end":{"line":148,"column":null}},"2":{"start":{"line":151,"column":0},"end":{"line":151,"column":null}},"3":{"start":{"line":159,"column":0},"end":{"line":159,"column":null}},"4":{"start":{"line":160,"column":0},"end":{"line":165,"column":null}},"5":{"start":{"line":161,"column":0},"end":{"line":161,"column":null}},"6":{"start":{"line":162,"column":0},"end":{"line":162,"column":null}},"7":{"start":{"line":163,"column":0},"end":{"line":163,"column":null}},"8":{"start":{"line":164,"column":0},"end":{"line":164,"column":null}},"9":{"start":{"line":168,"column":0},"end":{"line":168,"column":null}},"10":{"start":{"line":169,"column":0},"end":{"line":169,"column":null}},"11":{"start":{"line":170,"column":0},"end":{"line":170,"column":null}},"12":{"start":{"line":171,"column":0},"end":{"line":171,"column":null}},"13":{"start":{"line":172,"column":0},"end":{"line":172,"column":null}},"14":{"start":{"line":175,"column":0},"end":{"line":175,"column":null}},"15":{"start":{"line":178,"column":0},"end":{"line":178,"column":null}},"16":{"start":{"line":179,"column":0},"end":{"line":179,"column":null}},"17":{"start":{"line":180,"column":0},"end":{"line":186,"column":null}},"18":{"start":{"line":181,"column":0},"end":{"line":181,"column":null}},"19":{"start":{"line":182,"column":0},"end":{"line":182,"column":null}},"20":{"start":{"line":184,"column":0},"end":{"line":184,"column":null}},"21":{"start":{"line":185,"column":0},"end":{"line":185,"column":null}},"22":{"start":{"line":189,"column":0},"end":{"line":189,"column":null}},"23":{"start":{"line":190,"column":0},"end":{"line":190,"column":null}},"24":{"start":{"line":192,"column":0},"end":{"line":199,"column":null}},"25":{"start":{"line":193,"column":0},"end":{"line":193,"column":null}},"26":{"start":{"line":194,"column":0},"end":{"line":194,"column":null}},"27":{"start":{"line":196,"column":0},"end":{"line":196,"column":null}},"28":{"start":{"line":197,"column":0},"end":{"line":197,"column":null}},"29":{"start":{"line":198,"column":0},"end":{"line":198,"column":null}}},"fnMap":{"0":{"name":"(anonymous_1)","decl":{"start":{"line":150,"column":0},"end":{"line":150,"column":null}},"loc":{"start":{"line":150,"column":0},"end":{"line":154,"column":null}}},"1":{"name":"(anonymous_2)","decl":{"start":{"line":158,"column":0},"end":{"line":158,"column":null}},"loc":{"start":{"line":158,"column":0},"end":{"line":166,"column":null}}},"2":{"name":"(anonymous_3)","decl":{"start":{"line":167,"column":0},"end":{"line":167,"column":null}},"loc":{"start":{"line":167,"column":0},"end":{"line":173,"column":null}}},"3":{"name":"(anonymous_4)","decl":{"start":{"line":174,"column":0},"end":{"line":174,"column":null}},"loc":{"start":{"line":174,"column":0},"end":{"line":176,"column":null}}},"4":{"name":"(anonymous_5)","decl":{"start":{"line":177,"column":0},"end":{"line":177,"column":null}},"loc":{"start":{"line":177,"column":0},"end":{"line":187,"column":null}}},"5":{"name":"(anonymous_6)","decl":{"start":{"line":188,"column":0},"end":{"line":188,"column":null}},"loc":{"start":{"line":188,"column":0},"end":{"line":200,"column":null}}}},"branchMap":{"0":{"loc":{"start":{"line":160,"column":0},"end":{"line":165,"column":null}},"type":"if","locations":[{"start":{"line":160,"column":0},"end":{"line":165,"column":null}},{"start":{"line":160,"column":0},"end":{"line":165,"column":null}}]},"1":{"loc":{"start":{"line":180,"column":0},"end":{"line":186,"column":null}},"type":"if","locations":[{"start":{"line":180,"column":0},"end":{"line":186,"column":null}},{"start":{"line":180,"column":0},"end":{"line":186,"column":null}}]},"2":{"loc":{"start":{"line":192,"column":0},"end":{"line":199,"column":null}},"type":"if","locations":[{"start":{"line":192,"column":0},"end":{"line":199,"column":null}},{"start":{"line":192,"column":0},"end":{"line":199,"column":null}}]}},"s":{"0":2,"1":2,"2":14,"3":2,"4":2,"5":0,"6":0,"7":0,"8":0,"9":1,"10":1,"11":1,"12":0,"13":0,"14":1,"15":0,"16":0,"17":0,"18":0,"19":0,"20":0,"21":0,"22":0,"23":0,"24":0,"25":0,"26":0,"27":0,"28":0,"29":0},"f":{"0":14,"1":2,"2":1,"3":1,"4":0,"5":0},"b":{"0":[0,2],"1":[0,0],"2":[0,0]}}
,"D:\\SWESecondphase\\Marioplex-Frontend\\src\\components\\mediaplayer.vue": {"path":"D:\\SWESecondphase\\Marioplex-Frontend\\src\\components\\mediaplayer.vue","statementMap":{"0":{"start":{"line":463,"column":0},"end":{"line":463,"column":null}},"1":{"start":{"line":466,"column":0},"end":{"line":466,"column":null}},"2":{"start":{"line":478,"column":0},"end":{"line":482,"column":null}},"3":{"start":{"line":479,"column":0},"end":{"line":481,"column":null}},"4":{"start":{"line":480,"column":0},"end":{"line":480,"column":null}},"5":{"start":{"line":501,"column":0},"end":{"line":508,"column":null}},"6":{"start":{"line":502,"column":0},"end":{"line":502,"column":null}},"7":{"start":{"line":503,"column":0},"end":{"line":503,"column":null}},"8":{"start":{"line":506,"column":0},"end":{"line":506,"column":null}},"9":{"start":{"line":507,"column":0},"end":{"line":507,"column":null}},"10":{"start":{"line":511,"column":0},"end":{"line":518,"column":null}},"11":{"start":{"line":512,"column":0},"end":{"line":512,"column":null}},"12":{"start":{"line":513,"column":0},"end":{"line":513,"column":null}},"13":{"start":{"line":516,"column":0},"end":{"line":516,"column":null}},"14":{"start":{"line":517,"column":0},"end":{"line":517,"column":null}},"15":{"start":{"line":523,"column":0},"end":{"line":523,"column":null}},"16":{"start":{"line":524,"column":0},"end":{"line":534,"column":null}},"17":{"start":{"line":526,"column":0},"end":{"line":526,"column":null}},"18":{"start":{"line":527,"column":0},"end":{"line":533,"column":null}},"19":{"start":{"line":528,"column":0},"end":{"line":528,"column":null}},"20":{"start":{"line":529,"column":0},"end":{"line":529,"column":null}},"21":{"start":{"line":530,"column":0},"end":{"line":530,"column":null}},"22":{"start":{"line":531,"column":0},"end":{"line":531,"column":null}},"23":{"start":{"line":532,"column":0},"end":{"line":532,"column":null}},"24":{"start":{"line":537,"column":0},"end":{"line":549,"column":null}},"25":{"start":{"line":538,"column":0},"end":{"line":538,"column":null}},"26":{"start":{"line":539,"column":0},"end":{"line":539,"column":null}},"27":{"start":{"line":540,"column":0},"end":{"line":540,"column":null}},"28":{"start":{"line":541,"column":0},"end":{"line":541,"column":null}},"29":{"start":{"line":542,"column":0},"end":{"line":542,"column":null}},"30":{"start":{"line":543,"column":0},"end":{"line":543,"column":null}},"31":{"start":{"line":546,"column":0},"end":{"line":546,"column":null}},"32":{"start":{"line":547,"column":0},"end":{"line":547,"column":null}},"33":{"start":{"line":548,"column":0},"end":{"line":548,"column":null}},"34":{"start":{"line":552,"column":0},"end":{"line":552,"column":null}},"35":{"start":{"line":553,"column":0},"end":{"line":553,"column":null}},"36":{"start":{"line":556,"column":0},"end":{"line":565,"column":null}},"37":{"start":{"line":557,"column":0},"end":{"line":557,"column":null}},"38":{"start":{"line":558,"column":0},"end":{"line":558,"column":null}},"39":{"start":{"line":559,"column":0},"end":{"line":559,"column":null}},"40":{"start":{"line":560,"column":0},"end":{"line":560,"column":null}},"41":{"start":{"line":561,"column":0},"end":{"line":561,"column":null}},"42":{"start":{"line":562,"column":0},"end":{"line":562,"column":null}},"43":{"start":{"line":563,"column":0},"end":{"line":563,"column":null}},"44":{"start":{"line":564,"column":0},"end":{"line":564,"column":null}},"45":{"start":{"line":568,"column":0},"end":{"line":568,"column":null}},"46":{"start":{"line":569,"column":0},"end":{"line":569,"column":null}},"47":{"start":{"line":572,"column":0},"end":{"line":584,"column":null}},"48":{"start":{"line":573,"column":0},"end":{"line":573,"column":null}},"49":{"start":{"line":574,"column":0},"end":{"line":574,"column":null}},"50":{"start":{"line":575,"column":0},"end":{"line":575,"column":null}},"51":{"start":{"line":576,"column":0},"end":{"line":576,"column":null}},"52":{"start":{"line":578,"column":0},"end":{"line":578,"column":null}},"53":{"start":{"line":581,"column":0},"end":{"line":581,"column":null}},"54":{"start":{"line":582,"column":0},"end":{"line":582,"column":null}},"55":{"start":{"line":583,"column":0},"end":{"line":583,"column":null}},"56":{"start":{"line":587,"column":0},"end":{"line":607,"column":null}},"57":{"start":{"line":588,"column":0},"end":{"line":588,"column":null}},"58":{"start":{"line":589,"column":0},"end":{"line":589,"column":null}},"59":{"start":{"line":590,"column":0},"end":{"line":590,"column":null}},"60":{"start":{"line":591,"column":0},"end":{"line":591,"column":null}},"61":{"start":{"line":592,"column":0},"end":{"line":592,"column":null}},"62":{"start":{"line":595,"column":0},"end":{"line":595,"column":null}},"63":{"start":{"line":596,"column":0},"end":{"line":596,"column":null}},"64":{"start":{"line":597,"column":0},"end":{"line":597,"column":null}},"65":{"start":{"line":598,"column":0},"end":{"line":598,"column":null}},"66":{"start":{"line":599,"column":0},"end":{"line":599,"column":null}},"67":{"start":{"line":600,"column":0},"end":{"line":600,"column":null}},"68":{"start":{"line":601,"column":0},"end":{"line":601,"column":null}},"69":{"start":{"line":602,"column":0},"end":{"line":602,"column":null}},"70":{"start":{"line":606,"column":0},"end":{"line":606,"column":null}},"71":{"start":{"line":610,"column":0},"end":{"line":610,"column":null}},"72":{"start":{"line":611,"column":0},"end":{"line":611,"column":null}},"73":{"start":{"line":612,"column":0},"end":{"line":628,"column":null}},"74":{"start":{"line":616,"column":0},"end":{"line":616,"column":null}},"75":{"start":{"line":617,"column":0},"end":{"line":617,"column":null}},"76":{"start":{"line":618,"column":0},"end":{"line":618,"column":null}},"77":{"start":{"line":619,"column":0},"end":{"line":628,"column":null}},"78":{"start":{"line":620,"column":0},"end":{"line":620,"column":null}},"79":{"start":{"line":621,"column":0},"end":{"line":627,"column":null}},"80":{"start":{"line":622,"column":0},"end":{"line":622,"column":null}},"81":{"start":{"line":623,"column":0},"end":{"line":623,"column":null}},"82":{"start":{"line":625,"column":0},"end":{"line":625,"column":null}},"83":{"start":{"line":626,"column":0},"end":{"line":626,"column":null}},"84":{"start":{"line":631,"column":0},"end":{"line":631,"column":null}},"85":{"start":{"line":632,"column":0},"end":{"line":632,"column":null}},"86":{"start":{"line":635,"column":0},"end":{"line":635,"column":null}},"87":{"start":{"line":636,"column":0},"end":{"line":636,"column":null}},"88":{"start":{"line":641,"column":0},"end":{"line":648,"column":null}},"89":{"start":{"line":643,"column":0},"end":{"line":643,"column":null}},"90":{"start":{"line":644,"column":0},"end":{"line":644,"column":null}},"91":{"start":{"line":645,"column":0},"end":{"line":645,"column":null}},"92":{"start":{"line":646,"column":0},"end":{"line":646,"column":null}},"93":{"start":{"line":647,"column":0},"end":{"line":647,"column":null}},"94":{"start":{"line":649,"column":0},"end":{"line":649,"column":null}},"95":{"start":{"line":652,"column":0},"end":{"line":658,"column":null}},"96":{"start":{"line":653,"column":0},"end":{"line":653,"column":null}},"97":{"start":{"line":654,"column":0},"end":{"line":654,"column":null}},"98":{"start":{"line":655,"column":0},"end":{"line":655,"column":null}},"99":{"start":{"line":656,"column":0},"end":{"line":656,"column":null}},"100":{"start":{"line":657,"column":0},"end":{"line":657,"column":null}},"101":{"start":{"line":659,"column":0},"end":{"line":659,"column":null}}},"fnMap":{"0":{"name":"(anonymous_1)","decl":{"start":{"line":465,"column":0},"end":{"line":465,"column":null}},"loc":{"start":{"line":465,"column":0},"end":{"line":475,"column":null}}},"1":{"name":"(anonymous_2)","decl":{"start":{"line":477,"column":0},"end":{"line":477,"column":null}},"loc":{"start":{"line":477,"column":0},"end":{"line":491,"column":null}}},"2":{"name":"(anonymous_3)","decl":{"start":{"line":478,"column":0},"end":{"line":478,"column":null}},"loc":{"start":{"line":478,"column":0},"end":{"line":482,"column":null}}},"3":{"name":"(anonymous_4)","decl":{"start":{"line":479,"column":0},"end":{"line":479,"column":null}},"loc":{"start":{"line":479,"column":0},"end":{"line":481,"column":null}}},"4":{"name":"(anonymous_5)","decl":{"start":{"line":500,"column":0},"end":{"line":500,"column":null}},"loc":{"start":{"line":500,"column":0},"end":{"line":509,"column":null}}},"5":{"name":"(anonymous_6)","decl":{"start":{"line":501,"column":0},"end":{"line":501,"column":null}},"loc":{"start":{"line":501,"column":0},"end":{"line":504,"column":null}}},"6":{"name":"(anonymous_7)","decl":{"start":{"line":504,"column":0},"end":{"line":504,"column":null}},"loc":{"start":{"line":504,"column":0},"end":{"line":508,"column":null}}},"7":{"name":"(anonymous_8)","decl":{"start":{"line":510,"column":0},"end":{"line":510,"column":null}},"loc":{"start":{"line":510,"column":0},"end":{"line":519,"column":null}}},"8":{"name":"(anonymous_9)","decl":{"start":{"line":511,"column":0},"end":{"line":511,"column":null}},"loc":{"start":{"line":511,"column":0},"end":{"line":514,"column":null}}},"9":{"name":"(anonymous_10)","decl":{"start":{"line":514,"column":0},"end":{"line":514,"column":null}},"loc":{"start":{"line":514,"column":0},"end":{"line":518,"column":null}}},"10":{"name":"(anonymous_11)","decl":{"start":{"line":522,"column":0},"end":{"line":522,"column":null}},"loc":{"start":{"line":522,"column":0},"end":{"line":535,"column":null}}},"11":{"name":"(anonymous_12)","decl":{"start":{"line":536,"column":0},"end":{"line":536,"column":null}},"loc":{"start":{"line":536,"column":0},"end":{"line":550,"column":null}}},"12":{"name":"(anonymous_13)","decl":{"start":{"line":551,"column":0},"end":{"line":551,"column":null}},"loc":{"start":{"line":551,"column":0},"end":{"line":554,"column":null}}},"13":{"name":"(anonymous_14)","decl":{"start":{"line":555,"column":0},"end":{"line":555,"column":null}},"loc":{"start":{"line":555,"column":0},"end":{"line":566,"column":null}}},"14":{"name":"(anonymous_15)","decl":{"start":{"line":567,"column":0},"end":{"line":567,"column":null}},"loc":{"start":{"line":567,"column":0},"end":{"line":570,"column":null}}},"15":{"name":"(anonymous_16)","decl":{"start":{"line":571,"column":0},"end":{"line":571,"column":null}},"loc":{"start":{"line":571,"column":0},"end":{"line":585,"column":null}}},"16":{"name":"(anonymous_17)","decl":{"start":{"line":586,"column":0},"end":{"line":586,"column":null}},"loc":{"start":{"line":586,"column":0},"end":{"line":608,"column":null}}},"17":{"name":"(anonymous_18)","decl":{"start":{"line":609,"column":0},"end":{"line":609,"column":null}},"loc":{"start":{"line":609,"column":0},"end":{"line":629,"column":null}}},"18":{"name":"(anonymous_19)","decl":{"start":{"line":630,"column":0},"end":{"line":630,"column":null}},"loc":{"start":{"line":630,"column":0},"end":{"line":633,"column":null}}},"19":{"name":"(anonymous_20)","decl":{"start":{"line":634,"column":0},"end":{"line":634,"column":null}},"loc":{"start":{"line":634,"column":0},"end":{"line":637,"column":null}}},"20":{"name":"(anonymous_21)","decl":{"start":{"line":640,"column":0},"end":{"line":640,"column":null}},"loc":{"start":{"line":640,"column":0},"end":{"line":650,"column":null}}},"21":{"name":"(anonymous_22)","decl":{"start":{"line":651,"column":0},"end":{"line":651,"column":null}},"loc":{"start":{"line":651,"column":0},"end":{"line":660,"column":null}}}},"branchMap":{"0":{"loc":{"start":{"line":524,"column":0},"end":{"line":534,"column":null}},"type":"if","locations":[{"start":{"line":524,"column":0},"end":{"line":534,"column":null}},{"start":{"line":524,"column":0},"end":{"line":534,"column":null}}]},"1":{"loc":{"start":{"line":524,"column":0},"end":{"line":524,"column":null}},"type":"binary-expr","locations":[{"start":{"line":524,"column":0},"end":{"line":524,"column":null}},{"start":{"line":524,"column":0},"end":{"line":524,"column":null}}]},"2":{"loc":{"start":{"line":527,"column":0},"end":{"line":533,"column":null}},"type":"if","locations":[{"start":{"line":527,"column":0},"end":{"line":533,"column":null}},{"start":{"line":527,"column":0},"end":{"line":533,"column":null}}]},"3":{"loc":{"start":{"line":537,"column":0},"end":{"line":549,"column":null}},"type":"if","locations":[{"start":{"line":537,"column":0},"end":{"line":549,"column":null}},{"start":{"line":537,"column":0},"end":{"line":549,"column":null}}]},"4":{"loc":{"start":{"line":543,"column":0},"end":{"line":543,"column":null}},"type":"if","locations":[{"start":{"line":543,"column":0},"end":{"line":543,"column":null}},{"start":{"line":543,"column":0},"end":{"line":543,"column":null}}]},"5":{"loc":{"start":{"line":556,"column":0},"end":{"line":565,"column":null}},"type":"if","locations":[{"start":{"line":556,"column":0},"end":{"line":565,"column":null}},{"start":{"line":556,"column":0},"end":{"line":565,"column":null}}]},"6":{"loc":{"start":{"line":572,"column":0},"end":{"line":584,"column":null}},"type":"if","locations":[{"start":{"line":572,"column":0},"end":{"line":584,"column":null}},{"start":{"line":572,"column":0},"end":{"line":584,"column":null}}]},"7":{"loc":{"start":{"line":578,"column":0},"end":{"line":578,"column":null}},"type":"if","locations":[{"start":{"line":578,"column":0},"end":{"line":578,"column":null}},{"start":{"line":578,"column":0},"end":{"line":578,"column":null}}]},"8":{"loc":{"start":{"line":587,"column":0},"end":{"line":607,"column":null}},"type":"if","locations":[{"start":{"line":587,"column":0},"end":{"line":607,"column":null}},{"start":{"line":587,"column":0},"end":{"line":607,"column":null}}]},"9":{"loc":{"start":{"line":592,"column":0},"end":{"line":592,"column":null}},"type":"if","locations":[{"start":{"line":592,"column":0},"end":{"line":592,"column":null}},{"start":{"line":592,"column":0},"end":{"line":592,"column":null}}]},"10":{"loc":{"start":{"line":602,"column":0},"end":{"line":602,"column":null}},"type":"if","locations":[{"start":{"line":602,"column":0},"end":{"line":602,"column":null}},{"start":{"line":602,"column":0},"end":{"line":602,"column":null}}]},"11":{"loc":{"start":{"line":612,"column":0},"end":{"line":628,"column":null}},"type":"if","locations":[{"start":{"line":612,"column":0},"end":{"line":628,"column":null}},{"start":{"line":612,"column":0},"end":{"line":628,"column":null}}]},"12":{"loc":{"start":{"line":612,"column":0},"end":{"line":612,"column":null}},"type":"binary-expr","locations":[{"start":{"line":612,"column":0},"end":{"line":612,"column":null}},{"start":{"line":612,"column":0},"end":{"line":612,"column":null}}]},"13":{"loc":{"start":{"line":619,"column":0},"end":{"line":628,"column":null}},"type":"if","locations":[{"start":{"line":619,"column":0},"end":{"line":628,"column":null}},{"start":{"line":619,"column":0},"end":{"line":628,"column":null}}]},"14":{"loc":{"start":{"line":621,"column":0},"end":{"line":627,"column":null}},"type":"if","locations":[{"start":{"line":621,"column":0},"end":{"line":627,"column":null}},{"start":{"line":621,"column":0},"end":{"line":627,"column":null}}]},"15":{"loc":{"start":{"line":621,"column":0},"end":{"line":621,"column":null}},"type":"binary-expr","locations":[{"start":{"line":621,"column":0},"end":{"line":621,"column":null}},{"start":{"line":621,"column":0},"end":{"line":621,"column":null}}]},"16":{"loc":{"start":{"line":641,"column":0},"end":{"line":648,"column":null}},"type":"if","locations":[{"start":{"line":641,"column":0},"end":{"line":648,"column":null}},{"start":{"line":641,"column":0},"end":{"line":648,"column":null}}]},"17":{"loc":{"start":{"line":645,"column":0},"end":{"line":645,"column":null}},"type":"if","locations":[{"start":{"line":645,"column":0},"end":{"line":645,"column":null}},{"start":{"line":645,"column":0},"end":{"line":645,"column":null}}]},"18":{"loc":{"start":{"line":652,"column":0},"end":{"line":658,"column":null}},"type":"if","locations":[{"start":{"line":652,"column":0},"end":{"line":658,"column":null}},{"start":{"line":652,"column":0},"end":{"line":658,"column":null}}]},"19":{"loc":{"start":{"line":655,"column":0},"end":{"line":655,"column":null}},"type":"if","locations":[{"start":{"line":655,"column":0},"end":{"line":655,"column":null}},{"start":{"line":655,"column":0},"end":{"line":655,"column":null}}]}},"s":{"0":0,"1":0,"2":0,"3":0,"4":0,"5":0,"6":0,"7":0,"8":0,"9":0,"10":0,"11":0,"12":0,"13":0,"14":0,"15":0,"16":0,"17":0,"18":0,"19":0,"20":0,"21":0,"22":0,"23":0,"24":0,"25":0,"26":0,"27":0,"28":0,"29":0,"30":0,"31":0,"32":0,"33":0,"34":0,"35":0,"36":0,"37":0,"38":0,"39":0,"40":0,"41":0,"42":0,"43":0,"44":0,"45":0,"46":0,"47":0,"48":0,"49":0,"50":0,"51":0,"52":0,"53":0,"54":0,"55":0,"56":0,"57":0,"58":0,"59":0,"60":0,"61":0,"62":0,"63":0,"64":0,"65":0,"66":0,"67":0,"68":0,"69":0,"70":0,"71":0,"72":0,"73":0,"74":0,"75":0,"76":0,"77":0,"78":0,"79":0,"80":0,"81":0,"82":0,"83":0,"84":0,"85":0,"86":0,"87":0,"88":0,"89":0,"90":0,"91":0,"92":0,"93":0,"94":0,"95":0,"96":0,"97":0,"98":0,"99":0,"100":0,"101":0},"f":{"0":0,"1":0,"2":0,"3":0,"4":0,"5":0,"6":0,"7":0,"8":0,"9":0,"10":0,"11":0,"12":0,"13":0,"14":0,"15":0,"16":0,"17":0,"18":0,"19":0,"20":0,"21":0},"b":{"0":[0,0],"1":[0,0],"2":[0,0],"3":[0,0],"4":[0,0],"5":[0,0],"6":[0,0],"7":[0,0],"8":[0,0],"9":[0,0],"10":[0,0],"11":[0,0],"12":[0,0],"13":[0,0],"14":[0,0],"15":[0,0],"16":[0,0],"17":[0,0],"18":[0,0],"19":[0,0]}}
,"D:\\SWESecondphase\\Marioplex-Frontend\\src\\components\\playlist.vue": {"path":"D:\\SWESecondphase\\Marioplex-Frontend\\src\\components\\playlist.vue","statementMap":{"0":{"start":{"line":153,"column":0},"end":{"line":153,"column":null}},"1":{"start":{"line":156,"column":0},"end":{"line":156,"column":null}},"2":{"start":{"line":163,"column":0},"end":{"line":163,"column":null}},"3":{"start":{"line":164,"column":0},"end":{"line":164,"column":null}},"4":{"start":{"line":165,"column":0},"end":{"line":165,"column":null}}},"fnMap":{"0":{"name":"(anonymous_1)","decl":{"start":{"line":155,"column":0},"end":{"line":155,"column":null}},"loc":{"start":{"line":155,"column":0},"end":{"line":159,"column":null}}},"1":{"name":"(anonymous_2)","decl":{"start":{"line":162,"column":0},"end":{"line":162,"column":null}},"loc":{"start":{"line":162,"column":0},"end":{"line":166,"column":null}}}},"branchMap":{},"s":{"0":1,"1":4,"2":0,"3":0,"4":0},"f":{"0":4,"1":0},"b":{}}
,"D:\\SWESecondphase\\Marioplex-Frontend\\src\\components\\playlist_info.vue": {"path":"D:\\SWESecondphase\\Marioplex-Frontend\\src\\components\\playlist_info.vue","statementMap":{"0":{"start":{"line":254,"column":0},"end":{"line":254,"column":null}},"1":{"start":{"line":255,"column":0},"end":{"line":255,"column":null}},"2":{"start":{"line":256,"column":0},"end":{"line":256,"column":null}},"3":{"start":{"line":258,"column":0},"end":{"line":258,"column":null}},"4":{"start":{"line":260,"column":0},"end":{"line":260,"column":null}},"5":{"start":{"line":261,"column":0},"end":{"line":261,"column":null}},"6":{"start":{"line":262,"column":0},"end":{"line":262,"column":null}},"7":{"start":{"line":263,"column":0},"end":{"line":265,"column":null}},"8":{"start":{"line":264,"column":0},"end":{"line":264,"column":null}},"9":{"start":{"line":266,"column":0},"end":{"line":266,"column":null}},"10":{"start":{"line":271,"column":0},"end":{"line":271,"column":null}},"11":{"start":{"line":293,"column":0},"end":{"line":293,"column":null}},"12":{"start":{"line":294,"column":0},"end":{"line":294,"column":null}},"13":{"start":{"line":295,"column":0},"end":{"line":295,"column":null}},"14":{"start":{"line":298,"column":0},"end":{"line":298,"column":null}},"15":{"start":{"line":299,"column":0},"end":{"line":304,"column":null}},"16":{"start":{"line":300,"column":0},"end":{"line":300,"column":null}},"17":{"start":{"line":301,"column":0},"end":{"line":301,"column":null}},"18":{"start":{"line":302,"column":0},"end":{"line":302,"column":null}},"19":{"start":{"line":303,"column":0},"end":{"line":303,"column":null}},"20":{"start":{"line":307,"column":0},"end":{"line":307,"column":null}},"21":{"start":{"line":308,"column":0},"end":{"line":308,"column":null}},"22":{"start":{"line":309,"column":0},"end":{"line":309,"column":null}},"23":{"start":{"line":310,"column":0},"end":{"line":310,"column":null}},"24":{"start":{"line":311,"column":0},"end":{"line":311,"column":null}},"25":{"start":{"line":314,"column":0},"end":{"line":314,"column":null}},"26":{"start":{"line":317,"column":0},"end":{"line":317,"column":null}},"27":{"start":{"line":318,"column":0},"end":{"line":318,"column":null}},"28":{"start":{"line":319,"column":0},"end":{"line":325,"column":null}},"29":{"start":{"line":320,"column":0},"end":{"line":320,"column":null}},"30":{"start":{"line":321,"column":0},"end":{"line":321,"column":null}},"31":{"start":{"line":323,"column":0},"end":{"line":323,"column":null}},"32":{"start":{"line":324,"column":0},"end":{"line":324,"column":null}},"33":{"start":{"line":328,"column":0},"end":{"line":328,"column":null}},"34":{"start":{"line":329,"column":0},"end":{"line":329,"column":null}},"35":{"start":{"line":331,"column":0},"end":{"line":338,"column":null}},"36":{"start":{"line":332,"column":0},"end":{"line":332,"column":null}},"37":{"start":{"line":333,"column":0},"end":{"line":333,"column":null}},"38":{"start":{"line":335,"column":0},"end":{"line":335,"column":null}},"39":{"start":{"line":336,"column":0},"end":{"line":336,"column":null}},"40":{"start":{"line":337,"column":0},"end":{"line":337,"column":null}},"41":{"start":{"line":341,"column":0},"end":{"line":355,"column":null}},"42":{"start":{"line":342,"column":0},"end":{"line":342,"column":null}},"43":{"start":{"line":343,"column":0},"end":{"line":343,"column":null}},"44":{"start":{"line":347,"column":0},"end":{"line":347,"column":null}},"45":{"start":{"line":349,"column":0},"end":{"line":349,"column":null}},"46":{"start":{"line":350,"column":0},"end":{"line":350,"column":null}},"47":{"start":{"line":354,"column":0},"end":{"line":354,"column":null}}},"fnMap":{"0":{"name":"(anonymous_1)","decl":{"start":{"line":257,"column":0},"end":{"line":257,"column":null}},"loc":{"start":{"line":257,"column":0},"end":{"line":267,"column":null}}},"1":{"name":"(anonymous_2)","decl":{"start":{"line":263,"column":0},"end":{"line":263,"column":null}},"loc":{"start":{"line":263,"column":0},"end":{"line":265,"column":null}}},"2":{"name":"(anonymous_3)","decl":{"start":{"line":270,"column":0},"end":{"line":270,"column":null}},"loc":{"start":{"line":270,"column":0},"end":{"line":275,"column":null}}},"3":{"name":"(anonymous_4)","decl":{"start":{"line":292,"column":0},"end":{"line":292,"column":null}},"loc":{"start":{"line":292,"column":0},"end":{"line":296,"column":null}}},"4":{"name":"(anonymous_5)","decl":{"start":{"line":297,"column":0},"end":{"line":297,"column":null}},"loc":{"start":{"line":297,"column":0},"end":{"line":305,"column":null}}},"5":{"name":"(anonymous_6)","decl":{"start":{"line":306,"column":0},"end":{"line":306,"column":null}},"loc":{"start":{"line":306,"column":0},"end":{"line":312,"column":null}}},"6":{"name":"(anonymous_7)","decl":{"start":{"line":313,"column":0},"end":{"line":313,"column":null}},"loc":{"start":{"line":313,"column":0},"end":{"line":315,"column":null}}},"7":{"name":"(anonymous_8)","decl":{"start":{"line":316,"column":0},"end":{"line":316,"column":null}},"loc":{"start":{"line":316,"column":0},"end":{"line":326,"column":null}}},"8":{"name":"(anonymous_9)","decl":{"start":{"line":327,"column":0},"end":{"line":327,"column":null}},"loc":{"start":{"line":327,"column":0},"end":{"line":339,"column":null}}},"9":{"name":"(anonymous_10)","decl":{"start":{"line":340,"column":0},"end":{"line":340,"column":null}},"loc":{"start":{"line":340,"column":0},"end":{"line":356,"column":null}}}},"branchMap":{"0":{"loc":{"start":{"line":299,"column":0},"end":{"line":304,"column":null}},"type":"if","locations":[{"start":{"line":299,"column":0},"end":{"line":304,"column":null}},{"start":{"line":299,"column":0},"end":{"line":304,"column":null}}]},"1":{"loc":{"start":{"line":319,"column":0},"end":{"line":325,"column":null}},"type":"if","locations":[{"start":{"line":319,"column":0},"end":{"line":325,"column":null}},{"start":{"line":319,"column":0},"end":{"line":325,"column":null}}]},"2":{"loc":{"start":{"line":331,"column":0},"end":{"line":338,"column":null}},"type":"if","locations":[{"start":{"line":331,"column":0},"end":{"line":338,"column":null}},{"start":{"line":331,"column":0},"end":{"line":338,"column":null}}]},"3":{"loc":{"start":{"line":341,"column":0},"end":{"line":355,"column":null}},"type":"if","locations":[{"start":{"line":341,"column":0},"end":{"line":355,"column":null}},{"start":{"line":341,"column":0},"end":{"line":355,"column":null}}]}},"s":{"0":1,"1":1,"2":1,"3":0,"4":0,"5":0,"6":0,"7":0,"8":0,"9":0,"10":8,"11":0,"12":0,"13":0,"14":0,"15":0,"16":0,"17":0,"18":0,"19":0,"20":0,"21":0,"22":0,"23":0,"24":0,"25":0,"26":0,"27":0,"28":0,"29":0,"30":0,"31":0,"32":0,"33":0,"34":0,"35":0,"36":0,"37":0,"38":0,"39":0,"40":0,"41":0,"42":0,"43":0,"44":0,"45":0,"46":0,"47":0},"f":{"0":0,"1":0,"2":8,"3":0,"4":0,"5":0,"6":0,"7":0,"8":0,"9":0},"b":{"0":[0,0],"1":[0,0],"2":[0,0],"3":[0,0]}}
,"D:\\SWESecondphase\\Marioplex-Frontend\\src\\components\\playlistpopup.vue": {"path":"D:\\SWESecondphase\\Marioplex-Frontend\\src\\components\\playlistpopup.vue","statementMap":{"0":{"start":{"line":190,"column":0},"end":{"line":190,"column":null}},"1":{"start":{"line":199,"column":0},"end":{"line":199,"column":null}}},"fnMap":{"0":{"name":"(anonymous_1)","decl":{"start":{"line":189,"column":0},"end":{"line":189,"column":null}},"loc":{"start":{"line":189,"column":0},"end":{"line":194,"column":null}}},"1":{"name":"(anonymous_2)","decl":{"start":{"line":198,"column":0},"end":{"line":198,"column":null}},"loc":{"start":{"line":198,"column":0},"end":{"line":200,"column":null}}}},"branchMap":{},"s":{"0":0,"1":0},"f":{"0":0,"1":0},"b":{}}
,"D:\\SWESecondphase\\Marioplex-Frontend\\src\\components\\searchcomponent.vue": {"path":"D:\\SWESecondphase\\Marioplex-Frontend\\src\\components\\searchcomponent.vue","statementMap":{"0":{"start":{"line":72,"column":0},"end":{"line":72,"column":null}},"1":{"start":{"line":77,"column":0},"end":{"line":77,"column":null}},"2":{"start":{"line":81,"column":0},"end":{"line":81,"column":null}},"3":{"start":{"line":82,"column":0},"end":{"line":82,"column":null}},"4":{"start":{"line":83,"column":0},"end":{"line":85,"column":null}},"5":{"start":{"line":84,"column":0},"end":{"line":84,"column":null}},"6":{"start":{"line":88,"column":0},"end":{"line":88,"column":null}},"7":{"start":{"line":89,"column":0},"end":{"line":89,"column":null}}},"fnMap":{"0":{"name":"(anonymous_1)","decl":{"start":{"line":76,"column":0},"end":{"line":76,"column":null}},"loc":{"start":{"line":76,"column":0},"end":{"line":78,"column":null}}},"1":{"name":"(anonymous_2)","decl":{"start":{"line":80,"column":0},"end":{"line":80,"column":null}},"loc":{"start":{"line":80,"column":0},"end":{"line":86,"column":null}}},"2":{"name":"(anonymous_3)","decl":{"start":{"line":87,"column":0},"end":{"line":87,"column":null}},"loc":{"start":{"line":87,"column":0},"end":{"line":90,"column":null}}}},"branchMap":{"0":{"loc":{"start":{"line":83,"column":0},"end":{"line":85,"column":null}},"type":"if","locations":[{"start":{"line":83,"column":0},"end":{"line":85,"column":null}},{"start":{"line":83,"column":0},"end":{"line":85,"column":null}}]}},"s":{"0":1,"1":1,"2":0,"3":0,"4":0,"5":0,"6":0,"7":0},"f":{"0":1,"1":0,"2":0},"b":{"0":[0,0]}}
,"D:\\SWESecondphase\\Marioplex-Frontend\\src\\components\\topresult_card.vue": {"path":"D:\\SWESecondphase\\Marioplex-Frontend\\src\\components\\topresult_card.vue","statementMap":{"0":{"start":{"line":160,"column":0},"end":{"line":160,"column":null}}},"fnMap":{"0":{"name":"(anonymous_1)","decl":{"start":{"line":159,"column":0},"end":{"line":159,"column":null}},"loc":{"start":{"line":159,"column":0},"end":{"line":163,"column":null}}}},"branchMap":{},"s":{"0":1},"f":{"0":1},"b":{}}
,"D:\\SWESecondphase\\Marioplex-Frontend\\src\\views\\ArtistPersonalPage.vue": {"path":"D:\\SWESecondphase\\Marioplex-Frontend\\src\\views\\ArtistPersonalPage.vue","statementMap":{"0":{"start":{"line":315,"column":0},"end":{"line":315,"column":null}},"1":{"start":{"line":316,"column":0},"end":{"line":316,"column":null}},"2":{"start":{"line":318,"column":0},"end":{"line":318,"column":null}},"3":{"start":{"line":319,"column":0},"end":{"line":319,"column":null}},"4":{"start":{"line":323,"column":0},"end":{"line":323,"column":null}},"5":{"start":{"line":333,"column":0},"end":{"line":333,"column":null}},"6":{"start":{"line":334,"column":0},"end":{"line":334,"column":null}},"7":{"start":{"line":339,"column":0},"end":{"line":339,"column":null}},"8":{"start":{"line":342,"column":0},"end":{"line":342,"column":null}}},"fnMap":{"0":{"name":"(anonymous_1)","decl":{"start":{"line":322,"column":0},"end":{"line":322,"column":null}},"loc":{"start":{"line":322,"column":0},"end":{"line":324,"column":null}}},"1":{"name":"(anonymous_2)","decl":{"start":{"line":333,"column":0},"end":{"line":333,"column":null}},"loc":{"start":{"line":333,"column":0},"end":{"line":333,"column":null}}},"2":{"name":"(anonymous_3)","decl":{"start":{"line":334,"column":0},"end":{"line":334,"column":null}},"loc":{"start":{"line":334,"column":0},"end":{"line":334,"column":null}}},"3":{"name":"(anonymous_4)","decl":{"start":{"line":338,"column":0},"end":{"line":338,"column":null}},"loc":{"start":{"line":338,"column":0},"end":{"line":340,"column":null}}},"4":{"name":"(anonymous_5)","decl":{"start":{"line":341,"column":0},"end":{"line":341,"column":null}},"loc":{"start":{"line":341,"column":0},"end":{"line":343,"column":null}}}},"branchMap":{},"s":{"0":1,"1":1,"2":1,"3":1,"4":6,"5":6,"6":6,"7":1,"8":1},"f":{"0":6,"1":6,"2":6,"3":1,"4":1},"b":{}}
,"D:\\SWESecondphase\\Marioplex-Frontend\\src\\views\\ClaimArtist.vue": {"path":"D:\\SWESecondphase\\Marioplex-Frontend\\src\\views\\ClaimArtist.vue","statementMap":{"0":{"start":{"line":327,"column":0},"end":{"line":327,"column":null}},"1":{"start":{"line":330,"column":0},"end":{"line":330,"column":null}},"2":{"start":{"line":345,"column":0},"end":{"line":345,"column":null}},"3":{"start":{"line":348,"column":0},"end":{"line":348,"column":null}},"4":{"start":{"line":353,"column":0},"end":{"line":353,"column":null}}},"fnMap":{"0":{"name":"(anonymous_1)","decl":{"start":{"line":329,"column":0},"end":{"line":329,"column":null}},"loc":{"start":{"line":329,"column":0},"end":{"line":335,"column":null}}},"1":{"name":"(anonymous_2)","decl":{"start":{"line":344,"column":0},"end":{"line":344,"column":null}},"loc":{"start":{"line":344,"column":0},"end":{"line":346,"column":null}}},"2":{"name":"(anonymous_3)","decl":{"start":{"line":347,"column":0},"end":{"line":347,"column":null}},"loc":{"start":{"line":347,"column":0},"end":{"line":354,"column":null}}}},"branchMap":{},"s":{"0":1,"1":5,"2":1,"3":1,"4":1},"f":{"0":5,"1":1,"2":1},"b":{}}
,"D:\\SWESecondphase\\Marioplex-Frontend\\src\\views\\ForArtist.vue": {"path":"D:\\SWESecondphase\\Marioplex-Frontend\\src\\views\\ForArtist.vue","statementMap":{"0":{"start":{"line":114,"column":0},"end":{"line":114,"column":null}}},"fnMap":{},"branchMap":{},"s":{"0":1},"f":{},"b":{}}
,"D:\\SWESecondphase\\Marioplex-Frontend\\src\\views\\ForgetPassword.vue": {"path":"D:\\SWESecondphase\\Marioplex-Frontend\\src\\views\\ForgetPassword.vue","statementMap":{"0":{"start":{"line":140,"column":0},"end":{"line":140,"column":null}},"1":{"start":{"line":149,"column":0},"end":{"line":159,"column":null}},"2":{"start":{"line":150,"column":0},"end":{"line":150,"column":null}},"3":{"start":{"line":151,"column":0},"end":{"line":151,"column":null}},"4":{"start":{"line":152,"column":0},"end":{"line":152,"column":null}},"5":{"start":{"line":154,"column":0},"end":{"line":154,"column":null}},"6":{"start":{"line":155,"column":0},"end":{"line":155,"column":null}},"7":{"start":{"line":156,"column":0},"end":{"line":157,"column":null}},"8":{"start":{"line":157,"column":0},"end":{"line":157,"column":null}},"9":{"start":{"line":164,"column":0},"end":{"line":164,"column":null}},"10":{"start":{"line":167,"column":0},"end":{"line":167,"column":null}},"11":{"start":{"line":170,"column":0},"end":{"line":170,"column":null}}},"fnMap":{"0":{"name":"(anonymous_1)","decl":{"start":{"line":139,"column":0},"end":{"line":139,"column":null}},"loc":{"start":{"line":139,"column":0},"end":{"line":146,"column":null}}},"1":{"name":"(anonymous_2)","decl":{"start":{"line":148,"column":0},"end":{"line":148,"column":null}},"loc":{"start":{"line":148,"column":0},"end":{"line":160,"column":null}}},"2":{"name":"(anonymous_3)","decl":{"start":{"line":157,"column":0},"end":{"line":157,"column":null}},"loc":{"start":{"line":157,"column":0},"end":{"line":157,"column":null}}},"3":{"name":"(anonymous_4)","decl":{"start":{"line":163,"column":0},"end":{"line":163,"column":null}},"loc":{"start":{"line":163,"column":0},"end":{"line":165,"column":null}}},"4":{"name":"(anonymous_5)","decl":{"start":{"line":166,"column":0},"end":{"line":166,"column":null}},"loc":{"start":{"line":166,"column":0},"end":{"line":168,"column":null}}},"5":{"name":"(anonymous_6)","decl":{"start":{"line":169,"column":0},"end":{"line":169,"column":null}},"loc":{"
[...]
line":461,"column":null}},{"start":{"line":461,"column":0},"end":{"line":461,"column":null}}]},"2":{"loc":{"start":{"line":469,"column":0},"end":{"line":479,"column":null}},"type":"if","locations":[{"start":{"line":469,"column":0},"end":{"line":479,"column":null}},{"start":{"line":469,"column":0},"end":{"line":479,"column":null}}]},"3":{"loc":{"start":{"line":470,"column":0},"end":{"line":476,"column":null}},"type":"if","locations":[{"start":{"line":470,"column":0},"end":{"line":476,"column":null}},{"start":{"line":470,"column":0},"end":{"line":476,"column":null}}]},"4":{"loc":{"start":{"line":482,"column":0},"end":{"line":499,"column":null}},"type":"if","locations":[{"start":{"line":482,"column":0},"end":{"line":499,"column":null}},{"start":{"line":482,"column":0},"end":{"line":499,"column":null}}]},"5":{"loc":{"start":{"line":484,"column":0},"end":{"line":496,"column":null}},"type":"if","locations":[{"start":{"line":484,"column":0},"end":{"line":496,"column":null}},{"start":{"line":484,"column":0},"end":{"line":496,"column":null}}]},"6":{"loc":{"start":{"line":484,"column":0},"end":{"line":484,"column":null}},"type":"binary-expr","locations":[{"start":{"line":484,"column":0},"end":{"line":484,"column":null}},{"start":{"line":484,"column":0},"end":{"line":484,"column":null}},{"start":{"line":484,"column":0},"end":{"line":484,"column":null}},{"start":{"line":484,"column":0},"end":{"line":484,"column":null}},{"start":{"line":484,"column":0},"end":{"line":484,"column":null}}]},"7":{"loc":{"start":{"line":502,"column":0},"end":{"line":512,"column":null}},"type":"if","locations":[{"start":{"line":502,"column":0},"end":{"line":512,"column":null}},{"start":{"line":502,"column":0},"end":{"line":512,"column":null}}]},"8":{"loc":{"start":{"line":503,"column":0},"end":{"line":509,"column":null}},"type":"if","locations":[{"start":{"line":503,"column":0},"end":{"line":509,"column":null}},{"start":{"line":503,"column":0},"end":{"line":509,"column":null}}]},"9":{"loc":{"start":{"line":515,"column":0},"end":{"line":532,"column":null}},"type":"if","locations":[{"start":{"line":515,"column":0},"end":{"line":532,"column":null}},{"start":{"line":515,"column":0},"end":{"line":532,"column":null}}]},"10":{"loc":{"start":{"line":517,"column":0},"end":{"line":529,"column":null}},"type":"if","locations":[{"start":{"line":517,"column":0},"end":{"line":529,"column":null}},{"start":{"line":517,"column":0},"end":{"line":529,"column":null}}]},"11":{"loc":{"start":{"line":517,"column":0},"end":{"line":517,"column":null}},"type":"binary-expr","locations":[{"start":{"line":517,"column":0},"end":{"line":517,"column":null}},{"start":{"line":517,"column":0},"end":{"line":517,"column":null}},{"start":{"line":517,"column":0},"end":{"line":517,"column":null}},{"start":{"line":517,"column":0},"end":{"line":517,"column":null}},{"start":{"line":517,"column":0},"end":{"line":517,"column":null}}]},"12":{"loc":{"start":{"line":535,"column":0},"end":{"line":545,"column":null}},"type":"if","locations":[{"start":{"line":535,"column":0},"end":{"line":545,"column":null}},{"start":{"line":535,"column":0},"end":{"line":545,"column":null}}]},"13":{"loc":{"start":{"line":536,"column":0},"end":{"line":542,"column":null}},"type":"if","locations":[{"start":{"line":536,"column":0},"end":{"line":542,"column":null}},{"start":{"line":536,"column":0},"end":{"line":542,"column":null}}]},"14":{"loc":{"start":{"line":548,"column":0},"end":{"line":558,"column":null}},"type":"if","locations":[{"start":{"line":548,"column":0},"end":{"line":558,"column":null}},{"start":{"line":548,"column":0},"end":{"line":558,"column":null}}]},"15":{"loc":{"start":{"line":549,"column":0},"end":{"line":555,"column":null}},"type":"if","locations":[{"start":{"line":549,"column":0},"end":{"line":555,"column":null}},{"start":{"line":549,"column":0},"end":{"line":555,"column":null}}]},"16":{"loc":{"start":{"line":561,"column":0},"end":{"line":571,"column":null}},"type":"if","locations":[{"start":{"line":561,"column":0},"end":{"line":571,"column":null}},{"start":{"line":561,"column":0},"end":{"line":571,"column":null}}]},"17":{"loc":{"start":{"line":562,"column":0},"end":{"line":568,"column":null}},"type":"if","locations":[{"start":{"line":562,"column":0},"end":{"line":568,"column":null}},{"start":{"line":562,"column":0},"end":{"line":568,"column":null}}]},"18":{"loc":{"start":{"line":562,"column":0},"end":{"line":562,"column":null}},"type":"binary-expr","locations":[{"start":{"line":562,"column":0},"end":{"line":562,"column":null}},{"start":{"line":562,"column":0},"end":{"line":562,"column":null}}]},"19":{"loc":{"start":{"line":574,"column":0},"end":{"line":584,"column":null}},"type":"if","locations":[{"start":{"line":574,"column":0},"end":{"line":584,"column":null}},{"start":{"line":574,"column":0},"end":{"line":584,"column":null}}]},"20":{"loc":{"start":{"line":575,"column":0},"end":{"line":581,"column":null}},"type":"if","locations":[{"start":{"line":575,"column":0},"end":{"line":581,"column":null}},{"start":{"line":575,"column":0},"end":{"line":581,"column":null}}]},"21":{"loc":{"start":{"line":587,"column":0},"end":{"line":597,"column":null}},"type":"if","locations":[{"start":{"line":587,"column":0},"end":{"line":597,"column":null}},{"start":{"line":587,"column":0},"end":{"line":597,"column":null}}]},"22":{"loc":{"start":{"line":588,"column":0},"end":{"line":594,"column":null}},"type":"if","locations":[{"start":{"line":588,"column":0},"end":{"line":594,"column":null}},{"start":{"line":588,"column":0},"end":{"line":594,"column":null}}]},"23":{"loc":{"start":{"line":600,"column":0},"end":{"line":615,"column":null}},"type":"if","locations":[{"start":{"line":600,"column":0},"end":{"line":615,"column":null}},{"start":{"line":600,"column":0},"end":{"line":615,"column":null}}]},"24":{"loc":{"start":{"line":601,"column":0},"end":{"line":612,"column":null}},"type":"if","locations":[{"start":{"line":601,"column":0},"end":{"line":612,"column":null}},{"start":{"line":601,"column":0},"end":{"line":612,"column":null}}]},"25":{"loc":{"start":{"line":601,"column":0},"end":{"line":601,"column":null}},"type":"binary-expr","locations":[{"start":{"line":601,"column":0},"end":{"line":601,"column":null}},{"start":{"line":601,"column":0},"end":{"line":601,"column":null}},{"start":{"line":601,"column":0},"end":{"line":601,"column":null}},{"start":{"line":601,"column":0},"end":{"line":601,"column":null}}]},"26":{"loc":{"start":{"line":618,"column":0},"end":{"line":628,"column":null}},"type":"if","locations":[{"start":{"line":618,"column":0},"end":{"line":628,"column":null}},{"start":{"line":618,"column":0},"end":{"line":628,"column":null}}]},"27":{"loc":{"start":{"line":619,"column":0},"end":{"line":625,"column":null}},"type":"if","locations":[{"start":{"line":619,"column":0},"end":{"line":625,"column":null}},{"start":{"line":619,"column":0},"end":{"line":625,"column":null}}]},"28":{"loc":{"start":{"line":631,"column":0},"end":{"line":647,"column":null}},"type":"if","locations":[{"start":{"line":631,"column":0},"end":{"line":647,"column":null}},{"start":{"line":631,"column":0},"end":{"line":647,"column":null}}]},"29":{"loc":{"start":{"line":633,"column":0},"end":{"line":644,"column":null}},"type":"if","locations":[{"start":{"line":633,"column":0},"end":{"line":644,"column":null}},{"start":{"line":633,"column":0},"end":{"line":644,"column":null}}]},"30":{"loc":{"start":{"line":633,"column":0},"end":{"line":633,"column":null}},"type":"binary-expr","locations":[{"start":{"line":633,"column":0},"end":{"line":633,"column":null}},{"start":{"line":633,"column":0},"end":{"line":633,"column":null}},{"start":{"line":633,"column":0},"end":{"line":633,"column":null}},{"start":{"line":633,"column":0},"end":{"line":633,"column":null}}]},"31":{"loc":{"start":{"line":651,"column":0},"end":{"line":665,"column":null}},"type":"if","locations":[{"start":{"line":651,"column":0},"end":{"line":665,"column":null}},{"start":{"line":651,"column":0},"end":{"line":665,"column":null}}]},"32":{"loc":{"start":{"line":652,"column":0},"end":{"line":662,"column":null}},"type":"if","locations":[{"start":{"line":652,"column":0},"end":{"line":662,"column":null}},{"start":{"line":652,"column":0},"end":{"line":662,"column":null}}]},"33":{"loc":{"start":{"line":652,"column":0},"end":{"line":652,"column":null}},"type":"binary-expr","locations":[{"start":{"line":652,"column":0},"end":{"line":652,"column":null}},{"start":{"line":652,"column":0},"end":{"line":652,"column":null}},{"start":{"line":652,"column":0},"end":{"line":652,"column":null}}]},"34":{"loc":{"start":{"line":668,"column":0},"end":{"line":678,"column":null}},"type":"if","locations":[{"start":{"line":668,"column":0},"end":{"line":678,"column":null}},{"start":{"line":668,"column":0},"end":{"line":678,"column":null}}]},"35":{"loc":{"start":{"line":669,"column":0},"end":{"line":675,"column":null}},"type":"if","locations":[{"start":{"line":669,"column":0},"end":{"line":675,"column":null}},{"start":{"line":669,"column":0},"end":{"line":675,"column":null}}]}},"s":{"0":1,"1":1,"2":1,"3":12,"4":7,"5":7,"6":7,"7":7,"8":7,"9":7,"10":7,"11":7,"12":7,"13":7,"14":7,"15":7,"16":7,"17":7,"18":0,"19":0,"20":0,"21":0,"22":0,"23":1,"24":63,"25":38,"26":21,"27":9,"28":5,"29":5,"30":4,"31":4,"32":12,"33":20,"34":8,"35":8,"36":1,"37":1,"38":7,"39":7,"40":12,"41":19,"42":7,"43":6,"44":6,"45":1,"46":1,"47":12,"48":19,"49":7,"50":7,"51":0,"52":0,"53":7,"54":7,"55":12,"56":19,"57":7,"58":2,"59":2,"60":5,"61":5,"62":12,"63":19,"64":7,"65":6,"66":6,"67":1,"68":1,"69":12,"70":19,"71":7,"72":1,"73":1,"74":6,"75":6,"76":12,"77":19,"78":7,"79":7,"80":7,"81":0,"82":0,"83":12,"84":19,"85":7,"86":7,"87":7,"88":0,"89":0,"90":12,"91":19,"92":7,"93":7,"94":7,"95":0,"96":0,"97":12,"98":19,"99":7,"100":7,"101":7,"102":0,"103":0,"104":12,"105":19,"106":7,"107":7,"108":6,"109":6,"110":1,"111":1,"112":12,"113":19,"114":19,"115":7,"116":1,"117":1,"118":6,"119":6,"120":12,"121":19,"122":7,"123":7,"124":7,"125":0,"126":0,"127":12},"f":{"0":12,"1":7,"2":0,"3":1,"4":63,"5":38,"6":21,"7":20,"8":19,"9":19,"10":19,"11":19,"12":19,"13":19,"14":19,"15":19,"16":19,"17":19,"18":19,"19":19},"b":{"0":[0,0],"1":[38,3],"2":[9,12],"3":[5,4],"4":[8,12],"5":[1,7],"6":[8,3,2,2,2],"7":[7,12],"8":[6,1],"9":[7,12],"10":[0,7],"11":[7,1,1,1,1],"12":[7,12],"13":[2,5],"14":[7,12],"15":[6,1],"16":[7,12],"17":[1,6],"18":[7,7],"19":[7,12],"20":[7,0],"21":[7,12],"22":[7,0],"23":[7,12],"24":[7,0],"25":[7,1,0,0],"26":[7,12],"27":[7,0],"28":[7,12],"29":[6,1],"30":[7,1,1,1],"31":[7,12],"32":[1,6],"33":[7,7,1],"34":[7,12],"35":[7,0]}}
,"D:\\SWESecondphase\\Marioplex-Frontend\\src\\views\\UserHome.vue": {"path":"D:\\SWESecondphase\\Marioplex-Frontend\\src\\views\\UserHome.vue","statementMap":{"0":{"start":{"line":102,"column":0},"end":{"line":102,"column":null}},"1":{"start":{"line":103,"column":0},"end":{"line":103,"column":null}},"2":{"start":{"line":104,"column":0},"end":{"line":104,"column":null}},"3":{"start":{"line":105,"column":0},"end":{"line":105,"column":null}},"4":{"start":{"line":106,"column":0},"end":{"line":106,"column":null}},"5":{"start":{"line":107,"column":0},"end":{"line":107,"column":null}},"6":{"start":{"line":120,"column":0},"end":{"line":125,"column":null}},"7":{"start":{"line":124,"column":0},"end":{"line":124,"column":null}},"8":{"start":{"line":131,"column":0},"end":{"line":131,"column":null}},"9":{"start":{"line":132,"column":0},"end":{"line":132,"column":null}},"10":{"start":{"line":133,"column":0},"end":{"line":133,"column":null}},"11":{"start":{"line":134,"column":0},"end":{"line":134,"column":null}},"12":{"start":{"line":135,"column":0},"end":{"line":135,"column":null}},"13":{"start":{"line":140,"column":0},"end":{"line":140,"column":null}}},"fnMap":{"0":{"name":"(anonymous_1)","decl":{"start":{"line":119,"column":0},"end":{"line":119,"column":null}},"loc":{"start":{"line":119,"column":0},"end":{"line":128,"column":null}}},"1":{"name":"(anonymous_2)","decl":{"start":{"line":120,"column":0},"end":{"line":120,"column":null}},"loc":{"start":{"line":120,"column":0},"end":{"line":125,"column":null}}},"2":{"name":"(anonymous_3)","decl":{"start":{"line":130,"column":0},"end":{"line":130,"column":null}},"loc":{"start":{"line":130,"column":0},"end":{"line":136,"column":null}}},"3":{"name":"(anonymous_4)","decl":{"start":{"line":138,"column":0},"end":{"line":138,"column":null}},"loc":{"start":{"line":138,"column":0},"end":{"line":141,"column":null}}}},"branchMap":{},"s":{"0":0,"1":0,"2":0,"3":0,"4":0,"5":0,"6":0,"7":0,"8":0,"9":0,"10":0,"11":0,"12":0,"13":0},"f":{"0":0,"1":0,"2":0,"3":0},"b":{}}
,"D:\\SWESecondphase\\Marioplex-Frontend\\src\\views\\album_view.vue": {"path":"D:\\SWESecondphase\\Marioplex-Frontend\\src\\views\\album_view.vue","statementMap":{"0":{"start":{"line":39,"column":0},"end":{"line":39,"column":null}},"1":{"start":{"line":40,"column":0},"end":{"line":40,"column":null}},"2":{"start":{"line":41,"column":0},"end":{"line":41,"column":null}},"3":{"start":{"line":45,"column":0},"end":{"line":45,"column":null}},"4":{"start":{"line":68,"column":0},"end":{"line":68,"column":null}},"5":{"start":{"line":69,"column":0},"end":{"line":69,"column":null}},"6":{"start":{"line":72,"column":0},"end":{"line":72,"column":null}}},"fnMap":{"0":{"name":"(anonymous_1)","decl":{"start":{"line":44,"column":0},"end":{"line":44,"column":null}},"loc":{"start":{"line":44,"column":0},"end":{"line":48,"column":null}}},"1":{"name":"(anonymous_2)","decl":{"start":{"line":67,"column":0},"end":{"line":67,"column":null}},"loc":{"start":{"line":67,"column":0},"end":{"line":70,"column":null}}},"2":{"name":"(anonymous_3)","decl":{"start":{"line":71,"column":0},"end":{"line":71,"column":null}},"loc":{"start":{"line":71,"column":0},"end":{"line":73,"column":null}}}},"branchMap":{},"s":{"0":0,"1":0,"2":0,"3":0,"4":0,"5":0,"6":0},"f":{"0":0,"1":0,"2":0},"b":{}}
,"D:\\SWESecondphase\\Marioplex-Frontend\\src\\views\\library-albums.vue": {"path":"D:\\SWESecondphase\\Marioplex-Frontend\\src\\views\\library-albums.vue","statementMap":{"0":{"start":{"line":50,"column":0},"end":{"line":50,"column":null}},"1":{"start":{"line":51,"column":0},"end":{"line":51,"column":null}},"2":{"start":{"line":52,"column":0},"end":{"line":52,"column":null}},"3":{"start":{"line":60,"column":0},"end":{"line":60,"column":null}}},"fnMap":{"0":{"name":"(anonymous_1)","decl":{"start":{"line":59,"column":0},"end":{"line":59,"column":null}},"loc":{"start":{"line":59,"column":0},"end":{"line":61,"column":null}}}},"branchMap":{},"s":{"0":0,"1":0,"2":0,"3":0},"f":{"0":0},"b":{}}
,"D:\\SWESecondphase\\Marioplex-Frontend\\src\\views\\library-artists.vue": {"path":"D:\\SWESecondphase\\Marioplex-Frontend\\src\\views\\library-artists.vue","statementMap":{"0":{"start":{"line":48,"column":0},"end":{"line":48,"column":null}},"1":{"start":{"line":49,"column":0},"end":{"line":49,"column":null}},"2":{"start":{"line":50,"column":0},"end":{"line":50,"column":null}},"3":{"start":{"line":58,"column":0},"end":{"line":58,"column":null}}},"fnMap":{"0":{"name":"(anonymous_1)","decl":{"start":{"line":57,"column":0},"end":{"line":57,"column":null}},"loc":{"start":{"line":57,"column":0},"end":{"line":59,"column":null}}}},"branchMap":{},"s":{"0":0,"1":0,"2":0,"3":0},"f":{"0":0},"b":{}}
,"D:\\SWESecondphase\\Marioplex-Frontend\\src\\views\\library-playlists.vue": {"path":"D:\\SWESecondphase\\Marioplex-Frontend\\src\\views\\library-playlists.vue","statementMap":{"0":{"start":{"line":52,"column":0},"end":{"line":52,"column":null}},"1":{"start":{"line":53,"column":0},"end":{"line":53,"column":null}},"2":{"start":{"line":54,"column":0},"end":{"line":54,"column":null}},"3":{"start":{"line":55,"column":0},"end":{"line":55,"column":null}},"4":{"start":{"line":64,"column":0},"end":{"line":64,"column":null}},"5":{"start":{"line":65,"column":0},"end":{"line":65,"column":null}}},"fnMap":{"0":{"name":"(anonymous_1)","decl":{"start":{"line":63,"column":0},"end":{"line":63,"column":null}},"loc":{"start":{"line":63,"column":0},"end":{"line":66,"column":null}}}},"branchMap":{},"s":{"0":0,"1":0,"2":0,"3":0,"4":0,"5":0},"f":{"0":0},"b":{}}
,"D:\\SWESecondphase\\Marioplex-Frontend\\src\\views\\playlist_view.vue": {"path":"D:\\SWESecondphase\\Marioplex-Frontend\\src\\views\\playlist_view.vue","statementMap":{"0":{"start":{"line":78,"column":0},"end":{"line":78,"column":null}},"1":{"start":{"line":79,"column":0},"end":{"line":79,"column":null}},"2":{"start":{"line":80,"column":0},"end":{"line":80,"column":null}},"3":{"start":{"line":81,"column":0},"end":{"line":81,"column":null}},"4":{"start":{"line":83,"column":0},"end":{"line":83,"column":null}},"5":{"start":{"line":84,"column":0},"end":{"line":84,"column":null}},"6":{"start":{"line":94,"column":0},"end":{"line":94,"column":null}},"7":{"start":{"line":111,"column":0},"end":{"line":111,"column":null}},"8":{"start":{"line":112,"column":0},"end":{"line":112,"column":null}},"9":{"start":{"line":113,"column":0},"end":{"line":113,"column":null}},"10":{"start":{"line":117,"column":0},"end":{"line":117,"column":null}},"11":{"start":{"line":118,"column":0},"end":{"line":118,"column":null}},"12":{"start":{"line":119,"column":0},"end":{"line":119,"column":null}},"13":{"start":{"line":120,"column":0},"end":{"line":120,"column":null}},"14":{"start":{"line":121,"column":0},"end":{"line":121,"column":null}},"15":{"start":{"line":126,"column":0},"end":{"line":126,"column":null}},"16":{"start":{"line":127,"column":0},"end":{"line":127,"column":null}},"17":{"start":{"line":132,"column":0},"end":{"line":132,"column":null}},"18":{"start":{"line":141,"column":0},"end":{"line":141,"column":null}},"19":{"start":{"line":146,"column":0},"end":{"line":146,"column":null}}},"fnMap":{"0":{"name":"(anonymous_1)","decl":{"start":{"line":93,"column":0},"end":{"line":93,"column":null}},"loc":{"start":{"line":93,"column":0},"end":{"line":100,"column":null}}},"1":{"name":"(anonymous_2)","decl":{"start":{"line":110,"column":0},"end":{"line":110,"column":null}},"loc":{"start":{"line":110,"column":0},"end":{"line":114,"column":null}}},"2":{"name":"(anonymous_3)","decl":{"start":{"line":115,"column":0},"end":{"line":115,"column":null}},"loc":{"start":{"line":115,"column":0},"end":{"line":128,"column":null}}},"3":{"name":"(anonymous_4)","decl":{"start":{"line":132,"column":0},"end":{"line":132,"column":null}},"loc":{"start":{"line":132,"column":0},"end":{"line":132,"column":null}}},"4":{"name":"(anonymous_5)","decl":{"start":{"line":140,"column":0},"end":{"line":140,"column":null}},"loc":{"start":{"line":140,"column":0},"end":{"line":147,"column":null}}}},"branchMap":{},"s":{"0":0,"1":0,"2":0,"3":0,"4":0,"5":0,"6":0,"7":0,"8":0,"9":0,"10":0,"11":0,"12":0,"13":0,"14":0,"15":0,"16":0,"17":0,"18":0,"19":0},"f":{"0":0,"1":0,"2":0,"3":0,"4":0},"b":{}}
,"D:\\SWESecondphase\\Marioplex-Frontend\\src\\views\\searchresults.vue": {"path":"D:\\SWESecondphase\\Marioplex-Frontend\\src\\views\\searchresults.vue","statementMap":{"0":{"start":{"line":149,"column":0},"end":{"line":149,"column":null}},"1":{"start":{"line":150,"column":0},"end":{"line":150,"column":null}},"2":{"start":{"line":151,"column":0},"end":{"line":151,"column":null}},"3":{"start":{"line":152,"column":0},"end":{"line":152,"column":null}},"4":{"start":{"line":153,"column":0},"end":{"line":153,"column":null}}},"fnMap":{},"branchMap":{},"s":{"0":0,"1":0,"2":0,"3":0,"4":0},"f":{},"b":{}}
,"D:\\SWESecondphase\\Marioplex-Frontend\\src\\views\\seeallartist.vue": {"path":"D:\\SWESecondphase\\Marioplex-Frontend\\src\\views\\seeallartist.vue","statementMap":{"0":{"start":{"line":34,"column":0},"end":{"line":34,"column":null}},"1":{"start":{"line":35,"column":0},"end":{"line":35,"column":null}},"2":{"start":{"line":43,"column":0},"end":{"line":43,"column":null}}},"fnMap":{"0":{"name":"(anonymous_1)","decl":{"start":{"line":42,"column":0},"end":{"line":42,"column":null}},"loc":{"start":{"line":42,"column":0},"end":{"line":44,"column":null}}}},"branchMap":{},"s":{"0":0,"1":0,"2":0},"f":{"0":0},"b":{}}
}
