TN:
SF:D:\SecondSWE\Marioplex-Frontend\babel.config.js
FNF:0
FNH:0
DA:1,0
LF:1
LH:0
BRF:0
BRH:0
end_of_record
TN:
SF:D:\SecondSWE\Marioplex-Frontend\styleguide.config.js
FNF:0
FNH:0
DA:1,0
LF:1
LH:0
BRF:0
BRH:0
end_of_record
TN:
SF:D:\SecondSWE\Marioplex-Frontend\vue.config.js
FNF:0
FNH:0
DA:1,0
DA:2,0
LF:2
LH:0
BRF:0
BRH:0
end_of_record
TN:
SF:D:\SecondSWE\Marioplex-Frontend\coverage\lcov-report\block-navigation.js
FN:2,init
FN:24,toggleClass
FN:31,makeCurrent
FN:41,goToPrevious
FN:52,goToNext
FN:65,jump
FNF:6
FNH:0
FNDA:0,init
FNDA:0,toggleClass
FNDA:0,makeCurrent
FNDA:0,goToPrevious
FNDA:0,goToNext
FNDA:0,jump
DA:2,0
DA:4,0
DA:7,0
DA:10,0
DA:14,0
DA:20,0
DA:25,0
DA:28,0
DA:32,0
DA:33,0
DA:34,0
DA:42,0
DA:43,0
DA:44,0
DA:45,0
DA:46,0
DA:49,0
DA:53,0
DA:55,0
DA:59,0
DA:62,0
DA:65,0
DA:66,0
DA:69,0
DA:70,0
DA:74,0
DA:75,0
DA:79,0
LF:28
LH:0
BRDA:43,0,0,0
BRDA:43,0,1,0
BRDA:43,1,0,0
BRDA:43,1,1,0
BRDA:45,2,0,0
BRDA:45,2,1,0
BRDA:55,3,0,0
BRDA:55,3,1,0
BRDA:56,4,0,0
BRDA:56,4,1,0
BRDA:66,5,0,0
BRDA:66,5,1,0
BRDA:66,5,2,0
BRDA:66,5,3,0
BRDA:66,5,4,0
BRF:15
BRH:0
end_of_record
TN:
SF:D:\SecondSWE\Marioplex-Frontend\coverage\lcov-report\prettify.js
FN:2,(anonymous_0)
FN:2,k
FN:2,ab
FN:2,T
FN:2,X
FN:2,(anonymous_5)
FN:2,W
FN:2,(anonymous_7)
FN:2,a
FN:2,aa
FN:2,B
FN:2,o
FN:2,g
FN:2,(anonymous_13)
FN:2,(anonymous_14)
FN:2,i
FN:2,Q
FN:2,ae
FN:2,ad
FN:2,ai
FN:2,D
FN:2,c
FN:2,q
FN:2,d
FN:2,y
FN:2,b
FN:2,Y
FN:2,(anonymous_27)
FN:2,U
FNF:29
FNH:0
FNDA:0,(anonymous_0)
FNDA:0,k
FNDA:0,ab
FNDA:0,T
FNDA:0,X
FNDA:0,(anonymous_5)
FNDA:0,W
FNDA:0,(anonymous_7)
FNDA:0,a
FNDA:0,aa
FNDA:0,B
FNDA:0,o
FNDA:0,g
FNDA:0,(anonymous_13)
FNDA:0,(anonymous_14)
FNDA:0,i
FNDA:0,Q
FNDA:0,ae
FNDA:0,ad
FNDA:0,ai
FNDA:0,D
FNDA:0,c
FNDA:0,q
FNDA:0,d
FNDA:0,y
FNDA:0,b
FNDA:0,Y
FNDA:0,(anonymous_27)
FNDA:0,U
DA:2,0
LF:1
LH:0
BRDA:2,0,0,0
BRDA:2,0,1,0
BRDA:2,1,0,0
BRDA:2,1,1,0
BRDA:2,2,0,0
BRDA:2,2,1,0
BRDA:2,3,0,0
BRDA:2,3,1,0
BRDA:2,4,0,0
BRDA:2,4,1,0
BRDA:2,5,0,0
BRDA:2,5,1,0
BRDA:2,6,0,0
BRDA:2,6,1,0
BRDA:2,7,0,0
BRDA:2,7,1,0
BRDA:2,8,0,0
BRDA:2,8,1,0
BRDA:2,9,0,0
BRDA:2,9,1,0
BRDA:2,10,0,0
BRDA:2,10,1,0
BRDA:2,11,0,0
BRDA:2,11,1,0
BRDA:2,11,2,0
BRDA:2,11,3,0
BRDA:2,12,0,0
BRDA:2,12,1,0
BRDA:2,13,0,0
BRDA:2,13,1,0
BRDA:2,14,0,0
BRDA:2,14,1,0
BRDA:2,15,0,0
BRDA:2,15,1,0
BRDA:2,16,0,0
BRDA:2,16,1,0
BRDA:2,17,0,0
BRDA:2,17,1,0
BRDA:2,18,0,0
BRDA:2,18,1,0
BRDA:2,19,0,0
BRDA:2,19,1,0
BRDA:2,20,0,0
BRDA:2,20,1,0
BRDA:2,21,0,0
BRDA:2,21,1,0
BRDA:2,22,0,0
BRDA:2,22,1,0
BRDA:2,23,0,0
BRDA:2,23,1,0
BRDA:2,24,0,0
BRDA:2,24,1,0
BRDA:2,25,0,0
BRDA:2,25,1,0
BRDA:2,26,0,0
BRDA:2,26,1,0
BRDA:2,27,0,0
BRDA:2,27,1,0
BRDA:2,28,0,0
BRDA:2,28,1,0
BRDA:2,29,0,0
BRDA:2,29,1,0
BRDA:2,30,0,0
BRDA:2,30,1,0
BRDA:2,31,0,0
BRDA:2,31,1,0
BRDA:2,32,0,0
BRDA:2,32,1,0
BRDA:2,33,0,0
BRDA:2,33,1,0
BRDA:2,34,0,0
BRDA:2,34,1,0
BRDA:2,35,0,0
BRDA:2,35,1,0
BRDA:2,36,0,0
BRDA:2,36,1,0
BRDA:2,37,0,0
BRDA:2,37,1,0
BRDA:2,38,0,0
BRDA:2,38,1,0
BRDA:2,39,0,0
BRDA:2,39,1,0
BRDA:2,40,0,0
BRDA:2,40,1,0
BRDA:2,41,0,0
BRDA:2,41,1,0
BRDA:2,42,0,0
BRDA:2,42,1,0
BRDA:2,43,0,0
BRDA:2,43,1,0
BRDA:2,44,0,0
BRDA:2,44,1,0
BRDA:2,45,0,0
BRDA:2,45,1,0
BRDA:2,46,0,0
BRDA:2,46,1,0
BRDA:2,47,0,0
BRDA:2,47,1,0
BRDA:2,48,0,0
BRDA:2,48,1,0
BRDA:2,49,0,0
BRDA:2,49,1,0
BRDA:2,50,0,0
BRDA:2,50,1,0
BRDA:2,50,2,0
BRDA:2,51,0,0
BRDA:2,51,1,0
BRDA:2,52,0,0
BRDA:2,52,1,0
BRDA:2,53,0,0
BRDA:2,53,1,0
BRDA:2,54,0,0
BRDA:2,54,1,0
BRDA:2,55,0,0
BRDA:2,55,1,0
BRDA:2,56,0,0
BRDA:2,56,1,0
BRDA:2,57,0,0
BRDA:2,57,1,0
BRDA:2,58,0,0
BRDA:2,58,1,0
BRDA:2,59,0,0
BRDA:2,59,1,0
BRDA:2,60,0,0
BRDA:2,60,1,0
BRDA:2,61,0,0
BRDA:2,61,1,0
BRDA:2,62,0,0
BRDA:2,62,1,0
BRDA:2,63,0,0
BRDA:2,63,1,0
BRDA:2,64,0,0
BRDA:2,64,1,0
BRDA:2,65,0,0
BRDA:2,65,1,0
BRDA:2,66,0,0
BRDA:2,66,1,0
BRDA:2,67,0,0
BRDA:2,67,1,0
BRDA:2,68,0,0
BRDA:2,68,1,0
BRDA:2,69,0,0
BRDA:2,69,1,0
BRDA:2,70,0,0
BRDA:2,70,1,0
BRDA:2,71,0,0
BRDA:2,71,1,0
BRDA:2,72,0,0
BRDA:2,72,1,0
BRDA:2,73,0,0
BRDA:2,73,1,0
BRDA:2,74,0,0
BRDA:2,74,1,0
BRDA:2,75,0,0
BRDA:2,75,1,0
BRDA:2,76,0,0
BRDA:2,76,1,0
BRDA:2,77,0,0
BRDA:2,77,1,0
BRDA:2,78,0,0
BRDA:2,78,1,0
BRDA:2,79,0,0
BRDA:2,79,1,0
BRDA:2,80,0,0
BRDA:2,80,1,0
BRDA:2,81,0,0
BRDA:2,81,1,0
BRDA:2,82,0,0
BRDA:2,82,1,0
BRDA:2,83,0,0
BRDA:2,83,1,0
BRDA:2,84,0,0
BRDA:2,84,1,0
BRDA:2,85,0,0
BRDA:2,85,1,0
BRDA:2,86,0,0
BRDA:2,86,1,0
BRDA:2,87,0,0
BRDA:2,87,1,0
BRDA:2,88,0,0
BRDA:2,88,1,0
BRDA:2,89,0,0
BRDA:2,89,1,0
BRDA:2,89,2,0
BRDA:2,90,0,0
BRDA:2,90,1,0
BRDA:2,91,0,0
BRDA:2,91,1,0
BRDA:2,92,0,0
BRDA:2,92,1,0
BRDA:2,93,0,0
BRDA:2,93,1,0
BRDA:2,94,0,0
BRDA:2,94,1,0
BRDA:2,95,0,0
BRDA:2,95,1,0
BRDA:2,96,0,0
BRDA:2,96,1,0
BRDA:2,97,0,0
BRDA:2,97,1,0
BRDA:2,98,0,0
BRDA:2,98,1,0
BRDA:2,99,0,0
BRDA:2,99,1,0
BRDA:2,100,0,0
BRDA:2,100,1,0
BRDA:2,101,0,0
BRDA:2,101,1,0
BRDA:2,102,0,0
BRDA:2,102,1,0
BRDA:2,103,0,0
BRDA:2,103,1,0
BRDA:2,104,0,0
BRDA:2,104,1,0
BRDA:2,105,0,0
BRDA:2,105,1,0
BRDA:2,106,0,0
BRDA:2,106,1,0
BRDA:2,107,0,0
BRDA:2,107,1,0
BRDA:2,108,0,0
BRDA:2,108,1,0
BRDA:2,109,0,0
BRDA:2,109,1,0
BRDA:2,110,0,0
BRDA:2,110,1,0
BRDA:2,111,0,0
BRDA:2,111,1,0
BRDA:2,112,0,0
BRDA:2,112,1,0
BRDA:2,113,0,0
BRDA:2,113,1,0
BRDA:2,114,0,0
BRDA:2,114,1,0
BRDA:2,115,0,0
BRDA:2,115,1,0
BRDA:2,116,0,0
BRDA:2,116,1,0
BRDA:2,117,0,0
BRDA:2,117,1,0
BRDA:2,118,0,0
BRDA:2,118,1,0
BRDA:2,119,0,0
BRDA:2,119,1,0
BRDA:2,120,0,0
BRDA:2,120,1,0
BRDA:2,121,0,0
BRDA:2,121,1,0
BRDA:2,122,0,0
BRDA:2,122,1,0
BRDA:2,123,0,0
BRDA:2,123,1,0
BRDA:2,124,0,0
BRDA:2,124,1,0
BRDA:2,125,0,0
BRDA:2,125,1,0
BRDA:2,126,0,0
BRDA:2,126,1,0
BRDA:2,127,0,0
BRDA:2,127,1,0
BRDA:2,128,0,0
BRDA:2,128,1,0
BRDA:2,128,2,0
BRDA:2,129,0,0
BRDA:2,129,1,0
BRDA:2,130,0,0
BRDA:2,130,1,0
BRDA:2,131,0,0
BRDA:2,131,1,0
BRDA:2,131,2,0
BRDA:2,131,3,0
BRDA:2,131,4,0
BRDA:2,132,0,0
BRDA:2,132,1,0
BRDA:2,133,0,0
BRDA:2,133,1,0
BRDA:2,134,0,0
BRDA:2,134,1,0
BRDA:2,135,0,0
BRDA:2,135,1,0
BRDA:2,136,0,0
BRDA:2,136,1,0
BRDA:2,137,0,0
BRDA:2,137,1,0
BRDA:2,138,0,0
BRDA:2,138,1,0
BRF:286
BRH:0
end_of_record
TN:
SF:D:\SecondSWE\Marioplex-Frontend\coverage\lcov-report\sorter.js
FN:2,(anonymous_0)
FN:11,getTable
FN:15,getTableHeader
FN:19,getTableBody
FN:23,getNthColumn
FN:28,loadColumns
FN:53,loadRowData
FN:72,loadData
FN:81,sortByIndex
FN:83,(anonymous_9)
FN:95,(anonymous_10)
FN:112,removeSortIndicators
FN:120,addSortIndicators
FN:126,enableUI
FN:129,ithSorter
FN:132,(anonymous_15)
FN:159,(anonymous_16)
FNF:17
FNH:0
FNDA:0,(anonymous_0)
FNDA:0,getTable
FNDA:0,getTableHeader
FNDA:0,getTableBody
FNDA:0,getNthColumn
FNDA:0,loadColumns
FNDA:0,loadRowData
FNDA:0,loadData
FNDA:0,sortByIndex
FNDA:0,(anonymous_9)
FNDA:0,(anonymous_10)
FNDA:0,removeSortIndicators
FNDA:0,addSortIndicators
FNDA:0,enableUI
FNDA:0,ithSorter
FNDA:0,(anonymous_15)
FNDA:0,(anonymous_16)
DA:2,0
DA:5,0
DA:12,0
DA:16,0
DA:20,0
DA:24,0
DA:29,0
DA:31,0
DA:35,0
DA:36,0
DA:37,0
DA:42,0
DA:43,0
DA:44,0
DA:45,0
DA:49,0
DA:54,0
DA:57,0
DA:60,0
DA:61,0
DA:62,0
DA:63,0
DA:64,0
DA:65,0
DA:67,0
DA:69,0
DA:73,0
DA:76,0
DA:77,0
DA:82,0
DA:83,0
DA:84,0
DA:85,0
DA:86,0
DA:88,0
DA:89,0
DA:90,0
DA:91,0
DA:94,0
DA:95,0
DA:96,0
DA:100,0
DA:101,0
DA:102,0
DA:105,0
DA:107,0
DA:108,0
DA:113,0
DA:114,0
DA:116,0
DA:117,0
DA:121,0
DA:129,0
DA:130,0
DA:132,0
DA:133,0
DA:135,0
DA:136,0
DA:138,0
DA:139,0
DA:140,0
DA:141,0
DA:142,0
DA:145,0
DA:146,0
DA:149,0
DA:150,0
DA:151,0
DA:153,0
DA:159,0
DA:160,0
DA:161,0
DA:163,0
DA:164,0
DA:165,0
DA:166,0
DA:170,0
LF:77
LH:0
BRDA:40,0,0,0
BRDA:40,0,1,0
BRDA:43,1,0,0
BRDA:43,1,1,0
BRDA:64,2,0,0
BRDA:64,2,1,0
BRDA:86,3,0,0
BRDA:86,3,1,0
BRDA:86,4,0,0
BRDA:86,4,1,0
BRDA:94,5,0,0
BRDA:94,5,1,0
BRDA:121,6,0,0
BRDA:121,6,1,0
BRDA:135,7,0,0
BRDA:135,7,1,0
BRDA:146,8,0,0
BRDA:146,8,1,0
BRDA:150,9,0,0
BRDA:150,9,1,0
BRDA:160,10,0,0
BRDA:160,10,1,0
BRF:22
BRH:0
end_of_record
TN:
SF:D:\SecondSWE\Marioplex-Frontend\mockServer\mock.js
FN:3,mockServer
FN:6,(anonymous_1)
FN:693,(anonymous_2)
FN:708,(anonymous_3)
FN:711,(anonymous_4)
FN:715,(anonymous_5)
FN:718,(anonymous_6)
FN:721,(anonymous_7)
FN:724,(anonymous_8)
FN:727,(anonymous_9)
FN:730,(anonymous_10)
FN:733,(anonymous_11)
FN:736,(anonymous_12)
FN:739,(anonymous_13)
FN:743,(anonymous_14)
FN:747,(anonymous_15)
FN:756,(anonymous_16)
FN:774,(anonymous_17)
FN:790,(anonymous_18)
FN:793,(anonymous_19)
FN:796,(anonymous_20)
FN:799,(anonymous_21)
FN:802,(anonymous_22)
FN:805,(anonymous_23)
FN:808,(anonymous_24)
FN:811,(anonymous_25)
FN:822,(anonymous_26)
FN:836,(anonymous_27)
FN:843,(anonymous_28)
FN:852,(anonymous_29)
FN:863,(anonymous_30)
FN:870,(anonymous_31)
FN:888,(anonymous_32)
FN:904,(anonymous_33)
FN:914,(anonymous_34)
FN:917,(anonymous_35)
FN:921,(anonymous_36)
FN:924,(anonymous_37)
FN:932,(anonymous_38)
FN:935,(anonymous_39)
FN:941,(anonymous_40)
FN:944,(anonymous_41)
FN:947,(anonymous_42)
FN:959,(anonymous_43)
FN:968,(anonymous_44)
FN:972,(anonymous_45)
FN:975,(anonymous_46)
FN:978,(anonymous_47)
FN:981,(anonymous_48)
FN:985,(anonymous_49)
FN:990,(anonymous_50)
FN:994,(anonymous_51)
FN:1001,(anonymous_52)
FN:1006,(anonymous_53)
FN:1010,(anonymous_54)
FN:1015,(anonymous_55)
FN:1018,(anonymous_56)
FN:1027,(anonymous_57)
FNF:58
FNH:0
FNDA:0,mockServer
FNDA:0,(anonymous_1)
FNDA:0,(anonymous_2)
FNDA:0,(anonymous_3)
FNDA:0,(anonymous_4)
FNDA:0,(anonymous_5)
FNDA:0,(anonymous_6)
FNDA:0,(anonymous_7)
FNDA:0,(anonymous_8)
FNDA:0,(anonymous_9)
FNDA:0,(anonymous_10)
FNDA:0,(anonymous_11)
FNDA:0,(anonymous_12)
FNDA:0,(anonymous_13)
FNDA:0,(anonymous_14)
FNDA:0,(anonymous_15)
FNDA:0,(anonymous_16)
FNDA:0,(anonymous_17)
FNDA:0,(anonymous_18)
FNDA:0,(anonymous_19)
FNDA:0,(anonymous_20)
FNDA:0,(anonymous_21)
FNDA:0,(anonymous_22)
FNDA:0,(anonymous_23)
FNDA:0,(anonymous_24)
FNDA:0,(anonymous_25)
FNDA:0,(anonymous_26)
FNDA:0,(anonymous_27)
FNDA:0,(anonymous_28)
FNDA:0,(anonymous_29)
FNDA:0,(anonymous_30)
FNDA:0,(anonymous_31)
FNDA:0,(anonymous_32)
FNDA:0,(anonymous_33)
FNDA:0,(anonymous_34)
FNDA:0,(anonymous_35)
FNDA:0,(anonymous_36)
FNDA:0,(anonymous_37)
FNDA:0,(anonymous_38)
FNDA:0,(anonymous_39)
FNDA:0,(anonymous_40)
FNDA:0,(anonymous_41)
FNDA:0,(anonymous_42)
FNDA:0,(anonymous_43)
FNDA:0,(anonymous_44)
FNDA:0,(anonymous_45)
FNDA:0,(anonymous_46)
FNDA:0,(anonymous_47)
FNDA:0,(anonymous_48)
FNDA:0,(anonymous_49)
FNDA:0,(anonymous_50)
FNDA:0,(anonymous_51)
FNDA:0,(anonymous_52)
FNDA:0,(anonymous_53)
FNDA:0,(anonymous_54)
FNDA:0,(anonymous_55)
FNDA:0,(anonymous_56)
FNDA:0,(anonymous_57)
DA:4,0
DA:7,0
DA:708,0
DA:709,0
DA:711,0
DA:712,0
DA:713,0
DA:715,0
DA:716,0
DA:718,0
DA:719,0
DA:721,0
DA:722,0
DA:724,0
DA:725,0
DA:727,0
DA:728,0
DA:730,0
DA:731,0
DA:733,0
DA:734,0
DA:736,0
DA:737,0
DA:739,0
DA:740,0
DA:741,0
DA:744,0
DA:745,0
DA:748,0
DA:749,0
DA:750,0
DA:756,0
DA:757,0
DA:758,0
DA:759,0
DA:771,0
DA:774,0
DA:775,0
DA:776,0
DA:780,0
DA:781,0
DA:787,0
DA:790,0
DA:791,0
DA:793,0
DA:794,0
DA:796,0
DA:797,0
DA:799,0
DA:800,0
DA:802,0
DA:803,0
DA:805,0
DA:806,0
DA:808,0
DA:809,0
DA:811,0
DA:812,0
DA:813,0
DA:814,0
DA:822,0
DA:823,0
DA:824,0
DA:825,0
DA:826,0
DA:836,0
DA:837,0
DA:838,0
DA:843,0
DA:844,0
DA:845,0
DA:846,0
DA:852,0
DA:853,0
DA:854,0
DA:855,0
DA:863,0
DA:864,0
DA:865,0
DA:866,0
DA:870,0
DA:871,0
DA:872,0
DA:873,0
DA:885,0
DA:888,0
DA:889,0
DA:890,0
DA:894,0
DA:895,0
DA:901,0
DA:904,0
DA:905,0
DA:914,0
DA:915,0
DA:917,0
DA:918,0
DA:921,0
DA:922,0
DA:924,0
DA:925,0
DA:926,0
DA:932,0
DA:933,0
DA:935,0
DA:936,0
DA:941,0
DA:942,0
DA:944,0
DA:945,0
DA:947,0
DA:948,0
DA:949,0
DA:950,0
DA:951,0
DA:952,0
DA:953,0
DA:954,0
DA:955,0
DA:956,0
DA:959,0
DA:960,0
DA:961,0
DA:968,0
DA:969,0
DA:972,0
DA:973,0
DA:975,0
DA:976,0
DA:978,0
DA:979,0
DA:981,0
DA:982,0
DA:985,0
DA:986,0
DA:987,0
DA:990,0
DA:991,0
DA:992,0
DA:994,0
DA:995,0
DA:996,0
DA:1001,0
DA:1002,0
DA:1003,0
DA:1006,0
DA:1007,0
DA:1008,0
DA:1010,0
DA:1011,0
DA:1012,0
DA:1015,0
DA:1016,0
DA:1018,0
DA:1019,0
DA:1020,0
DA:1021,0
DA:1027,0
DA:1028,0
DA:1029,0
DA:1033,0
LF:161
LH:0
BRDA:3,0,0,0
BRDA:3,1,0,0
BRDA:758,2,0,0
BRDA:758,2,1,0
BRDA:776,3,0,0
BRDA:776,3,1,0
BRDA:777,4,0,0
BRDA:777,4,1,0
BRDA:872,5,0,0
BRDA:872,5,1,0
BRDA:890,6,0,0
BRDA:890,6,1,0
BRDA:891,7,0,0
BRDA:891,7,1,0
BRF:14
BRH:0
end_of_record
TN:
SF:D:\SecondSWE\Marioplex-Frontend\src\App.vue
FN:8,(anonymous_1)
FN:14,(anonymous_2)
FN:24,(anonymous_3)
FNF:3
FNH:0
FNDA:0,(anonymous_1)
FNDA:0,(anonymous_2)
FNDA:0,(anonymous_3)
DA:9,0
DA:10,0
DA:11,0
DA:12,0
DA:13,0
DA:14,0
DA:15,0
DA:16,0
DA:18,0
DA:19,0
DA:25,0
LF:11
LH:0
BRDA:12,0,0,0
BRDA:12,0,1,0
BRDA:16,1,0,0
BRDA:16,1,1,0
BRF:4
BRH:0
end_of_record
TN:
SF:D:\SecondSWE\Marioplex-Frontend\src\main.js
FN:27,(anonymous_0)
FNF:1
FNH:0
FNDA:0,(anonymous_0)
DA:12,0
DA:14,0
DA:16,0
DA:20,0
DA:24,0
DA:27,0
LF:6
LH:0
BRDA:14,0,0,0
BRDA:14,0,1,0
BRF:2
BRH:0
end_of_record
TN:
SF:D:\SecondSWE\Marioplex-Frontend\src\registerServiceWorker.js
FN:7,(anonymous_0)
FN:13,(anonymous_1)
FN:16,(anonymous_2)
FN:19,(anonymous_3)
FN:22,(anonymous_4)
FN:25,(anonymous_5)
FN:30,(anonymous_6)
FNF:7
FNH:0
FNDA:0,(anonymous_0)
FNDA:0,(anonymous_1)
FNDA:0,(anonymous_2)
FNDA:0,(anonymous_3)
FNDA:0,(anonymous_4)
FNDA:0,(anonymous_5)
FNDA:0,(anonymous_6)
DA:5,0
DA:6,0
DA:8,0
DA:14,0
DA:17,0
DA:20,0
DA:23,0
DA:26,0
DA:31,0
LF:9
LH:0
BRDA:5,0,0,0
BRDA:5,0,1,0
BRF:2
BRH:0
end_of_record
TN:
SF:D:\SecondSWE\Marioplex-Frontend\src\util.test.js
FNF:0
FNH:0
LF:0
LH:0
BRF:0
BRH:0
end_of_record
TN:
SF:D:\SecondSWE\Marioplex-Frontend\src\components\AddTrackPopup.vue
FN:191,(anonymous_1)
FN:201,(anonymous_2)
FN:204,(anonymous_3)
FN:219,(anonymous_4)
FN:231,(anonymous_5)
FNF:5
FNH:0
FNDA:0,(anonymous_1)
FNDA:0,(anonymous_2)
FNDA:0,(anonymous_3)
FNDA:0,(anonymous_4)
FNDA:0,(anonymous_5)
DA:182,0
DA:184,0
DA:185,0
DA:191,0
DA:202,0
DA:205,0
DA:209,0
DA:213,0
DA:217,0
DA:220,0
DA:232,0
LF:11
LH:0
BRF:0
BRH:0
end_of_record
TN:
SF:D:\SecondSWE\Marioplex-Frontend\src\components\CreatePlaylist.vue
FN:304,(anonymous_1)
FN:313,(anonymous_2)
FN:321,(anonymous_3)
FN:325,(anonymous_4)
FNF:4
FNH:3
FNDA:8,(anonymous_1)
FNDA:0,(anonymous_2)
FNDA:1,(anonymous_3)
FNDA:1,(anonymous_4)
DA:300,1
DA:305,8
DA:313,0
DA:322,1
DA:327,1
DA:328,1
DA:334,0
DA:340,1
DA:341,1
LF:9
LH:7
BRDA:327,0,0,1
BRDA:327,0,1,0
BRF:2
BRH:1
end_of_record
TN:
SF:D:\SecondSWE\Marioplex-Frontend\src\components\DeletePlaylist.vue
FN:202,(anonymous_1)
FN:210,(anonymous_2)
FN:214,(anonymous_3)
FNF:3
FNH:0
FNDA:0,(anonymous_1)
FNDA:0,(anonymous_2)
FNDA:0,(anonymous_3)
DA:197,1
DA:202,0
DA:211,0
DA:212,0
DA:215,0
DA:216,0
DA:217,0
LF:7
LH:1
BRF:0
BRH:0
end_of_record
TN:
SF:D:\SecondSWE\Marioplex-Frontend\src\components\DeleteSong.vue
FN:177,(anonymous_1)
FN:180,(anonymous_2)
FNF:2
FNH:0
FNDA:0,(anonymous_1)
FNDA:0,(anonymous_2)
DA:169,0
DA:178,0
DA:181,0
DA:182,0
DA:183,0
LF:5
LH:0
BRF:0
BRH:0
end_of_record
TN:
SF:D:\SecondSWE\Marioplex-Frontend\src\components\EditBio.vue
FN:252,(anonymous_1)
FN:267,(anonymous_2)
FN:271,(anonymous_3)
FNF:3
FNH:0
FNDA:0,(anonymous_1)
FNDA:0,(anonymous_2)
FNDA:0,(anonymous_3)
DA:248,0
DA:253,0
DA:268,0
DA:272,0
DA:277,0
DA:278,0
LF:6
LH:0
BRF:0
BRH:0
end_of_record
TN:
SF:D:\SecondSWE\Marioplex-Frontend\src\components\NavbarWebplayer.vue
FN:296,(anonymous_1)
FN:310,(anonymous_2)
FN:313,(anonymous_3)
FN:316,(anonymous_4)
FN:319,(anonymous_5)
FN:328,(anonymous_6)
FN:350,(anonymous_7)
FN:353,(anonymous_8)
FN:357,(anonymous_9)
FNF:9
FNH:0
FNDA:0,(anonymous_1)
FNDA:0,(anonymous_2)
FNDA:0,(anonymous_3)
FNDA:0,(anonymous_4)
FNDA:0,(anonymous_5)
FNDA:0,(anonymous_6)
FNDA:0,(anonymous_7)
FNDA:0,(anonymous_8)
FNDA:0,(anonymous_9)
DA:294,0
DA:297,0
DA:311,0
DA:314,0
DA:317,0
DA:320,0
DA:321,0
DA:322,0
DA:323,0
DA:325,0
DA:329,0
DA:337,0
DA:339,0
DA:341,0
DA:342,0
DA:344,0
DA:347,0
DA:354,0
DA:355,0
DA:358,0
DA:359,0
LF:21
LH:0
BRDA:322,0,0,0
BRDA:322,0,1,0
BRDA:329,1,0,0
BRDA:329,1,1,0
BRDA:329,2,0,0
BRDA:329,2,1,0
BRDA:329,2,2,0
BRDA:341,3,0,0
BRDA:341,3,1,0
BRF:9
BRH:0
end_of_record
TN:
SF:D:\SecondSWE\Marioplex-Frontend\src\components\ShowPopularalbums.vue
FN:93,(anonymous_1)
FNF:1
FNH:0
FNDA:0,(anonymous_1)
DA:94,0
LF:1
LH:0
BRF:0
BRH:0
end_of_record
TN:
SF:D:\SecondSWE\Marioplex-Frontend\src\components\ShowPopularartists.vue
FN:93,(anonymous_1)
FNF:1
FNH:0
FNDA:0,(anonymous_1)
DA:94,0
LF:1
LH:0
BRF:0
BRH:0
end_of_record
TN:
SF:D:\SecondSWE\Marioplex-Frontend\src\components\ShowPopularplaylists.vue
FN:93,(anonymous_1)
FNF:1
FNH:0
FNDA:0,(anonymous_1)
DA:94,0
LF:1
LH:0
BRF:0
BRH:0
end_of_record
TN:
SF:D:\SecondSWE\Marioplex-Frontend\src\components\ShowPopularreleases.vue
FN:93,(anonymous_1)
FNF:1
FNH:0
FNDA:0,(anonymous_1)
DA:94,0
LF:1
LH:0
BRF:0
BRH:0
end_of_record
TN:
SF:D:\SecondSWE\Marioplex-Frontend\src\components\SideBar.vue
FN:247,(anonymous_1)
FN:258,(anonymous_2)
FN:272,(anonymous_3)
FN:275,(anonymous_4)
FN:278,(anonymous_5)
FN:281,(anonymous_6)
FNF:6
FNH:0
FNDA:0,(anonymous_1)
FNDA:0,(anonymous_2)
FNDA:0,(anonymous_3)
FNDA:0,(anonymous_4)
FNDA:0,(anonymous_5)
FNDA:0,(anonymous_6)
DA:243,0
DA:248,0
DA:259,0
DA:273,0
DA:276,0
DA:279,0
DA:282,0
DA:283,0
LF:8
LH:0
BRF:0
BRH:0
end_of_record
TN:
SF:D:\SecondSWE\Marioplex-Frontend\src\components\SongComponent.vue
FN:232,(anonymous_1)
FN:238,(anonymous_2)
FN:245,(anonymous_3)
FN:292,(anonymous_4)
FN:298,(anonymous_5)
FN:305,(anonymous_6)
FN:314,(anonymous_7)
FN:322,(anonymous_8)
FN:325,(anonymous_9)
FN:336,(anonymous_10)
FN:349,(anonymous_11)
FN:353,(anonymous_12)
FN:358,(anonymous_13)
FN:363,(anonymous_14)
FN:370,(anonymous_15)
FN:382,(anonymous_16)
FN:385,(anonymous_17)
FN:388,(anonymous_18)
FNF:18
FNH:0
FNDA:0,(anonymous_1)
FNDA:0,(anonymous_2)
FNDA:0,(anonymous_3)
FNDA:0,(anonymous_4)
FNDA:0,(anonymous_5)
FNDA:0,(anonymous_6)
FNDA:0,(anonymous_7)
FNDA:0,(anonymous_8)
FNDA:0,(anonymous_9)
FNDA:0,(anonymous_10)
FNDA:0,(anonymous_11)
FNDA:0,(anonymous_12)
FNDA:0,(anonymous_13)
FNDA:0,(anonymous_14)
FNDA:0,(anonymous_15)
FNDA:0,(anonymous_16)
FNDA:0,(anonymous_17)
FNDA:0,(anonymous_18)
DA:228,0
DA:229,0
DA:230,0
DA:231,0
DA:233,0
DA:235,0
DA:236,0
DA:237,0
DA:238,0
DA:239,0
DA:241,0
DA:246,0
DA:293,0
DA:299,0
DA:300,0
DA:301,0
DA:302,0
DA:303,0
DA:304,0
DA:305,0
DA:306,0
DA:307,0
DA:308,0
DA:309,0
DA:310,0
DA:315,0
DA:316,0
DA:317,0
DA:318,0
DA:319,0
DA:323,0
DA:326,0
DA:327,0
DA:328,0
DA:329,0
DA:331,0
DA:332,0
DA:333,0
DA:337,0
DA:338,0
DA:339,0
DA:340,0
DA:342,0
DA:345,0
DA:346,0
DA:350,0
DA:351,0
DA:354,0
DA:359,0
DA:364,0
DA:371,0
DA:372,0
DA:373,0
DA:374,0
DA:375,0
DA:382,0
DA:386,0
DA:389,0
LF:58
LH:0
BRDA:304,0,0,0
BRDA:304,0,1,0
BRDA:317,1,0,0
BRDA:317,1,1,0
BRDA:317,2,0,0
BRDA:317,2,1,0
BRDA:326,3,0,0
BRDA:326,3,1,0
BRDA:338,4,0,0
BRDA:338,4,1,0
BRDA:339,5,0,0
BRDA:339,5,1,0
BRDA:364,6,0,0
BRDA:364,6,1,0
BRDA:364,6,2,0
BRDA:373,7,0,0
BRDA:373,7,1,0
BRF:17
BRH:0
end_of_record
TN:
SF:D:\SecondSWE\Marioplex-Frontend\src\components\UploadSong.vue
FN:217,(anonymous_1)
FN:235,(anonymous_2)
FN:238,(anonymous_3)
FN:243,(anonymous_4)
FN:247,(anonymous_5)
FNF:5
FNH:0
FNDA:0,(anonymous_1)
FNDA:0,(anonymous_2)
FNDA:0,(anonymous_3)
FNDA:0,(anonymous_4)
FNDA:0,(anonymous_5)
DA:214,0
DA:218,0
DA:236,0
DA:239,0
DA:241,0
DA:244,0
DA:245,0
DA:271,0
LF:8
LH:0
BRF:0
BRH:0
end_of_record
TN:
SF:D:\SecondSWE\Marioplex-Frontend\src\components\album_info.vue
FN:243,(anonymous_1)
FN:249,(anonymous_2)
FN:256,(anonymous_3)
FN:265,(anonymous_4)
FN:270,(anonymous_5)
FN:279,(anonymous_6)
FN:286,(anonymous_7)
FN:289,(anonymous_8)
FN:300,(anonymous_9)
FN:313,(anonymous_10)
FNF:10
FNH:0
FNDA:0,(anonymous_1)
FNDA:0,(anonymous_2)
FNDA:0,(anonymous_3)
FNDA:0,(anonymous_4)
FNDA:0,(anonymous_5)
FNDA:0,(anonymous_6)
FNDA:0,(anonymous_7)
FNDA:0,(anonymous_8)
FNDA:0,(anonymous_9)
FNDA:0,(anonymous_10)
DA:240,0
DA:241,0
DA:242,0
DA:244,0
DA:246,0
DA:247,0
DA:248,0
DA:249,0
DA:250,0
DA:252,0
DA:257,0
DA:266,0
DA:267,0
DA:268,0
DA:271,0
DA:272,0
DA:273,0
DA:274,0
DA:275,0
DA:276,0
DA:280,0
DA:281,0
DA:282,0
DA:283,0
DA:284,0
DA:287,0
DA:290,0
DA:291,0
DA:292,0
DA:293,0
DA:294,0
DA:296,0
DA:297,0
DA:301,0
DA:302,0
DA:304,0
DA:305,0
DA:306,0
DA:308,0
DA:309,0
DA:310,0
DA:314,0
DA:315,0
DA:316,0
DA:318,0
DA:319,0
LF:46
LH:0
BRDA:272,0,0,0
BRDA:272,0,1,0
BRDA:292,1,0,0
BRDA:292,1,1,0
BRDA:304,2,0,0
BRDA:304,2,1,0
BRDA:314,3,0,0
BRDA:314,3,1,0
BRF:8
BRH:0
end_of_record
TN:
SF:D:\SecondSWE\Marioplex-Frontend\src\components\home-navigation-bar.vue
FN:181,(anonymous_1)
FN:187,(anonymous_2)
FN:196,(anonymous_3)
FNF:3
FNH:0
FNDA:0,(anonymous_1)
FNDA:0,(anonymous_2)
FNDA:0,(anonymous_3)
DA:178,0
DA:182,0
DA:188,0
DA:189,0
DA:190,0
DA:191,0
DA:192,0
DA:193,0
DA:197,0
DA:198,0
LF:10
LH:0
BRDA:193,0,0,0
BRDA:193,0,1,0
BRF:2
BRH:0
end_of_record
TN:
SF:D:\SecondSWE\Marioplex-Frontend\src\components\lib-albums.vue
FN:100,(anonymous_1)
FNF:1
FNH:0
FNDA:0,(anonymous_1)
DA:101,0
LF:1
LH:0
BRF:0
BRH:0
end_of_record
TN:
SF:D:\SecondSWE\Marioplex-Frontend\src\components\lib-artists.vue
FN:87,(anonymous_1)
FNF:1
FNH:0
FNDA:0,(anonymous_1)
DA:88,0
LF:1
LH:0
BRF:0
BRH:0
end_of_record
TN:
SF:D:\SecondSWE\Marioplex-Frontend\src\components\lib-likedsongs.vue
FN:104,(anonymous_1)
FN:111,(anonymous_2)
FN:120,(anonymous_3)
FNF:3
FNH:0
FNDA:0,(anonymous_1)
FNDA:0,(anonymous_2)
FNDA:0,(anonymous_3)
DA:102,0
DA:105,0
DA:112,0
DA:121,0
LF:4
LH:0
BRF:0
BRH:0
end_of_record
TN:
SF:D:\SecondSWE\Marioplex-Frontend\src\components\lib-playlists-default.vue
FN:71,(anonymous_1)
FNF:1
FNH:0
FNDA:0,(anonymous_1)
DA:72,0
LF:1
LH:0
BRF:0
BRH:0
end_of_record
TN:
SF:D:\SecondSWE\Marioplex-Frontend\src\components\lib-playlists.vue
FN:103,(anonymous_1)
FNF:1
FNH:0
FNDA:0,(anonymous_1)
DA:101,0
DA:104,0
LF:2
LH:0
BRF:0
BRH:0
end_of_record
TN:
SF:D:\SecondSWE\Marioplex-Frontend\src\components\library-navbar.vue
FN:320,(anonymous_1)
FN:331,(anonymous_2)
FN:336,(anonymous_3)
FN:339,(anonymous_4)
FN:342,(anonymous_5)
FN:345,(anonymous_6)
FNF:6
FNH:0
FNDA:0,(anonymous_1)
FNDA:0,(anonymous_2)
FNDA:0,(anonymous_3)
FNDA:0,(anonymous_4)
FNDA:0,(anonymous_5)
FNDA:0,(anonymous_6)
DA:318,0
DA:321,0
DA:332,0
DA:337,0
DA:340,0
DA:343,0
DA:346,0
DA:354,0
DA:356,0
DA:358,0
DA:359,0
LF:11
LH:0
BRDA:346,0,0,0
BRDA:346,0,1,0
BRDA:346,1,0,0
BRDA:346,1,1,0
BRDA:346,1,2,0
BRF:5
BRH:0
end_of_record
TN:
SF:D:\SecondSWE\Marioplex-Frontend\src\components\likedtracks_info.vue
FN:150,(anonymous_1)
FN:158,(anonymous_2)
FN:167,(anonymous_3)
FN:174,(anonymous_4)
FN:177,(anonymous_5)
FN:188,(anonymous_6)
FNF:6
FNH:0
FNDA:0,(anonymous_1)
FNDA:0,(anonymous_2)
FNDA:0,(anonymous_3)
FNDA:0,(anonymous_4)
FNDA:0,(anonymous_5)
FNDA:0,(anonymous_6)
DA:147,0
DA:148,0
DA:151,0
DA:159,0
DA:160,0
DA:161,0
DA:162,0
DA:163,0
DA:164,0
DA:168,0
DA:169,0
DA:170,0
DA:171,0
DA:172,0
DA:175,0
DA:178,0
DA:179,0
DA:180,0
DA:181,0
DA:182,0
DA:184,0
DA:185,0
DA:189,0
DA:190,0
DA:192,0
DA:193,0
DA:194,0
DA:196,0
DA:197,0
DA:198,0
LF:30
LH:0
BRDA:160,0,0,0
BRDA:160,0,1,0
BRDA:180,1,0,0
BRDA:180,1,1,0
BRDA:192,2,0,0
BRDA:192,2,1,0
BRF:6
BRH:0
end_of_record
TN:
SF:D:\SecondSWE\Marioplex-Frontend\src\components\mediaplayer.vue
FN:465,(anonymous_1)
FN:477,(anonymous_2)
FN:478,(anonymous_3)
FN:479,(anonymous_4)
FN:500,(anonymous_5)
FN:501,(anonymous_6)
FN:504,(anonymous_7)
FN:510,(anonymous_8)
FN:511,(anonymous_9)
FN:514,(anonymous_10)
FN:522,(anonymous_11)
FN:534,(anonymous_12)
FN:549,(anonymous_13)
FN:553,(anonymous_14)
FN:565,(anonymous_15)
FN:569,(anonymous_16)
FN:584,(anonymous_17)
FN:607,(anonymous_18)
FN:628,(anonymous_19)
FN:632,(anonymous_20)
FN:638,(anonymous_21)
FN:649,(anonymous_22)
FNF:22
FNH:0
FNDA:0,(anonymous_1)
FNDA:0,(anonymous_2)
FNDA:0,(anonymous_3)
FNDA:0,(anonymous_4)
FNDA:0,(anonymous_5)
FNDA:0,(anonymous_6)
FNDA:0,(anonymous_7)
FNDA:0,(anonymous_8)
FNDA:0,(anonymous_9)
FNDA:0,(anonymous_10)
FNDA:0,(anonymous_11)
FNDA:0,(anonymous_12)
FNDA:0,(anonymous_13)
FNDA:0,(anonymous_14)
FNDA:0,(anonymous_15)
FNDA:0,(anonymous_16)
FNDA:0,(anonymous_17)
FNDA:0,(anonymous_18)
FNDA:0,(anonymous_19)
FNDA:0,(anonymous_20)
FNDA:0,(anonymous_21)
FNDA:0,(anonymous_22)
DA:463,0
DA:466,0
DA:478,0
DA:479,0
DA:480,0
DA:501,0
DA:502,0
DA:503,0
DA:506,0
DA:507,0
DA:511,0
DA:512,0
DA:513,0
DA:516,0
DA:517,0
DA:523,0
DA:524,0
DA:526,0
DA:527,0
DA:528,0
DA:529,0
DA:530,0
DA:531,0
DA:535,0
DA:536,0
DA:537,0
DA:538,0
DA:539,0
DA:540,0
DA:541,0
DA:544,0
DA:545,0
DA:546,0
DA:550,0
DA:551,0
DA:554,0
DA:555,0
DA:556,0
DA:557,0
DA:558,0
DA:559,0
DA:560,0
DA:561,0
DA:562,0
DA:566,0
DA:567,0
DA:570,0
DA:571,0
DA:572,0
DA:573,0
DA:574,0
DA:576,0
DA:579,0
DA:580,0
DA:581,0
DA:585,0
DA:586,0
DA:587,0
DA:588,0
DA:589,0
DA:590,0
DA:593,0
DA:594,0
DA:595,0
DA:596,0
DA:597,0
DA:598,0
DA:599,0
DA:600,0
DA:604,0
DA:608,0
DA:609,0
DA:610,0
DA:614,0
DA:615,0
DA:616,0
DA:617,0
DA:618,0
DA:619,0
DA:620,0
DA:621,0
DA:623,0
DA:624,0
DA:629,0
DA:630,0
DA:633,0
DA:634,0
DA:639,0
DA:641,0
DA:642,0
DA:643,0
DA:644,0
DA:645,0
DA:647,0
DA:650,0
DA:651,0
DA:652,0
DA:653,0
DA:654,0
DA:655,0
DA:657,0
LF:101
LH:0
BRDA:524,0,0,0
BRDA:524,0,1,0
BRDA:524,1,0,0
BRDA:524,1,1,0
BRDA:535,2,0,0
BRDA:535,2,1,0
BRDA:541,3,0,0
BRDA:541,3,1,0
BRDA:554,4,0,0
BRDA:554,4,1,0
BRDA:570,5,0,0
BRDA:570,5,1,0
BRDA:576,6,0,0
BRDA:576,6,1,0
BRDA:585,7,0,0
BRDA:585,7,1,0
BRDA:590,8,0,0
BRDA:590,8,1,0
BRDA:600,9,0,0
BRDA:600,9,1,0
BRDA:610,10,0,0
BRDA:610,10,1,0
BRDA:610,11,0,0
BRDA:610,11,1,0
BRDA:617,12,0,0
BRDA:617,12,1,0
BRDA:619,13,0,0
BRDA:619,13,1,0
BRDA:619,14,0,0
BRDA:619,14,1,0
BRDA:639,15,0,0
BRDA:639,15,1,0
BRDA:643,16,0,0
BRDA:643,16,1,0
BRDA:650,17,0,0
BRDA:650,17,1,0
BRDA:653,18,0,0
BRDA:653,18,1,0
BRF:38
BRH:0
end_of_record
TN:
SF:D:\SecondSWE\Marioplex-Frontend\src\components\playlist.vue
FN:155,(anonymous_1)
FN:162,(anonymous_2)
FNF:2
FNH:0
FNDA:0,(anonymous_1)
FNDA:0,(anonymous_2)
DA:153,0
DA:156,0
DA:163,0
DA:164,0
DA:165,0
LF:5
LH:0
BRF:0
BRH:0
end_of_record
TN:
SF:D:\SecondSWE\Marioplex-Frontend\src\components\playlist_info.vue
FN:255,(anonymous_1)
FN:261,(anonymous_2)
FN:268,(anonymous_3)
FN:290,(anonymous_4)
FN:295,(anonymous_5)
FN:304,(anonymous_6)
FN:311,(anonymous_7)
FN:314,(anonymous_8)
FN:325,(anonymous_9)
FN:338,(anonymous_10)
FNF:10
FNH:0
FNDA:0,(anonymous_1)
FNDA:0,(anonymous_2)
FNDA:0,(anonymous_3)
FNDA:0,(anonymous_4)
FNDA:0,(anonymous_5)
FNDA:0,(anonymous_6)
FNDA:0,(anonymous_7)
FNDA:0,(anonymous_8)
FNDA:0,(anonymous_9)
FNDA:0,(anonymous_10)
DA:252,0
DA:253,0
DA:254,0
DA:256,0
DA:258,0
DA:259,0
DA:260,0
DA:261,0
DA:262,0
DA:264,0
DA:269,0
DA:291,0
DA:292,0
DA:293,0
DA:296,0
DA:297,0
DA:298,0
DA:299,0
DA:300,0
DA:301,0
DA:305,0
DA:306,0
DA:307,0
DA:308,0
DA:309,0
DA:312,0
DA:315,0
DA:316,0
DA:317,0
DA:318,0
DA:319,0
DA:321,0
DA:322,0
DA:326,0
DA:327,0
DA:329,0
DA:330,0
DA:331,0
DA:333,0
DA:334,0
DA:335,0
DA:339,0
DA:340,0
DA:341,0
DA:345,0
DA:347,0
DA:348,0
DA:352,0
LF:48
LH:0
BRDA:297,0,0,0
BRDA:297,0,1,0
BRDA:317,1,0,0
BRDA:317,1,1,0
BRDA:329,2,0,0
BRDA:329,2,1,0
BRDA:339,3,0,0
BRDA:339,3,1,0
BRF:8
BRH:0
end_of_record
TN:
SF:D:\SecondSWE\Marioplex-Frontend\src\components\playlistpopup.vue
FN:189,(anonymous_1)
FN:198,(anonymous_2)
FNF:2
FNH:0
FNDA:0,(anonymous_1)
FNDA:0,(anonymous_2)
DA:190,0
DA:199,0
LF:2
LH:0
BRF:0
BRH:0
end_of_record
TN:
SF:D:\SecondSWE\Marioplex-Frontend\src\components\searchcomponent.vue
FN:76,(anonymous_1)
FN:80,(anonymous_2)
FN:87,(anonymous_3)
FN:91,(anonymous_4)
FNF:4
FNH:0
FNDA:0,(anonymous_1)
FNDA:0,(anonymous_2)
FNDA:0,(anonymous_3)
FNDA:0,(anonymous_4)
DA:72,0
DA:73,0
DA:77,0
DA:81,0
DA:82,0
DA:83,0
DA:84,0
DA:88,0
DA:89,0
DA:92,0
DA:93,0
LF:11
LH:0
BRDA:83,0,0,0
BRDA:83,0,1,0
BRDA:92,1,0,0
BRDA:92,1,1,0
BRF:4
BRH:0
end_of_record
TN:
SF:D:\SecondSWE\Marioplex-Frontend\src\components\topresult_card.vue
FN:160,(anonymous_1)
FNF:1
FNH:0
FNDA:0,(anonymous_1)
DA:161,0
LF:1
LH:0
BRF:0
BRH:0
end_of_record
TN:
SF:D:\SecondSWE\Marioplex-Frontend\src\javascript\mediaplayer_script.js
FN:6,(anonymous_0)
FN:12,(anonymous_1)
FN:21,(anonymous_2)
FN:38,(anonymous_3)
FN:81,(anonymous_4)
FN:86,(anonymous_5)
FN:90,(anonymous_6)
FN:94,(anonymous_7)
FN:97,(anonymous_8)
FN:106,(anonymous_9)
FN:116,(anonymous_10)
FNF:11
FNH:0
FNDA:0,(anonymous_0)
FNDA:0,(anonymous_1)
FNDA:0,(anonymous_2)
FNDA:0,(anonymous_3)
FNDA:0,(anonymous_4)
FNDA:0,(anonymous_5)
FNDA:0,(anonymous_6)
FNDA:0,(anonymous_7)
FNDA:0,(anonymous_8)
FNDA:0,(anonymous_9)
FNDA:0,(anonymous_10)
DA:5,0
DA:7,0
DA:9,0
DA:10,0
DA:11,0
DA:12,0
DA:13,0
DA:15,0
DA:22,0
DA:39,0
DA:41,0
DA:45,0
DA:52,0
DA:58,0
DA:59,0
DA:67,0
DA:68,0
DA:77,0
DA:78,0
DA:82,0
DA:83,0
DA:84,0
DA:87,0
DA:88,0
DA:91,0
DA:95,0
DA:98,0
DA:99,0
DA:100,0
DA:102,0
DA:103,0
DA:107,0
DA:108,0
DA:110,0
DA:116,0
LF:35
LH:0
BRDA:41,0,0,0
BRDA:41,0,1,0
BRDA:42,1,0,0
BRDA:42,1,1,0
BRDA:52,2,0,0
BRDA:52,2,1,0
BRDA:53,3,0,0
BRDA:53,3,1,0
BRDA:53,3,2,0
BRDA:87,4,0,0
BRDA:87,4,1,0
BRDA:98,5,0,0
BRDA:98,5,1,0
BRDA:107,6,0,0
BRDA:107,6,1,0
BRF:15
BRH:0
end_of_record
TN:
SF:D:\SecondSWE\Marioplex-Frontend\src\modules\Search.js
FN:16,(anonymous_0)
FN:19,(anonymous_1)
FN:22,(anonymous_2)
FN:25,(anonymous_3)
FN:28,(anonymous_4)
FN:31,(anonymous_5)
FN:34,(anonymous_6)
FN:37,(anonymous_7)
FN:40,(anonymous_8)
FN:46,(anonymous_9)
FN:51,(anonymous_10)
FN:77,(anonymous_11)
FN:120,(anonymous_12)
FN:133,(anonymous_13)
FN:136,(anonymous_14)
FN:141,(anonymous_15)
FN:144,(anonymous_16)
FN:147,(anonymous_17)
FN:150,(anonymous_18)
FN:153,(anonymous_19)
FN:156,(anonymous_20)
FN:159,(anonymous_21)
FN:161,(anonymous_22)
FNF:23
FNH:0
FNDA:0,(anonymous_0)
FNDA:0,(anonymous_1)
FNDA:0,(anonymous_2)
FNDA:0,(anonymous_3)
FNDA:0,(anonymous_4)
FNDA:0,(anonymous_5)
FNDA:0,(anonymous_6)
FNDA:0,(anonymous_7)
FNDA:0,(anonymous_8)
FNDA:0,(anonymous_9)
FNDA:0,(anonymous_10)
FNDA:0,(anonymous_11)
FNDA:0,(anonymous_12)
FNDA:0,(anonymous_13)
FNDA:0,(anonymous_14)
FNDA:0,(anonymous_15)
FNDA:0,(anonymous_16)
FNDA:0,(anonymous_17)
FNDA:0,(anonymous_18)
FNDA:0,(anonymous_19)
FNDA:0,(anonymous_20)
FNDA:0,(anonymous_21)
FNDA:0,(anonymous_22)
DA:17,0
DA:20,0
DA:23,0
DA:26,0
DA:29,0
DA:32,0
DA:35,0
DA:38,0
DA:41,0
DA:42,0
DA:47,0
DA:48,0
DA:52,0
DA:55,0
DA:58,0
DA:61,0
DA:64,0
DA:65,0
DA:66,0
DA:68,0
DA:74,0
DA:78,0
DA:79,0
DA:80,0
DA:81,0
DA:84,0
DA:85,0
DA:86,0
DA:88,0
DA:90,0
DA:92,0
DA:93,0
DA:94,0
DA:96,0
DA:98,0
DA:100,0
DA:101,0
DA:102,0
DA:104,0
DA:106,0
DA:108,0
DA:109,0
DA:114,0
DA:115,0
DA:116,0
DA:117,0
DA:121,0
DA:122,0
DA:123,0
DA:124,0
DA:125,0
DA:126,0
DA:127,0
DA:128,0
DA:130,0
DA:134,0
DA:137,0
DA:142,0
DA:145,0
DA:148,0
DA:151,0
DA:154,0
DA:157,0
DA:159,0
DA:161,0
LF:65
LH:0
BRDA:84,0,0,0
BRDA:84,0,1,0
BRDA:92,1,0,0
BRDA:92,1,1,0
BRDA:100,2,0,0
BRDA:100,2,1,0
BRF:6
BRH:0
end_of_record
TN:
SF:D:\SecondSWE\Marioplex-Frontend\src\modules\ShowWebPlayer.js
FN:12,(anonymous_0)
FN:15,(anonymous_1)
FN:18,(anonymous_2)
FN:21,(anonymous_3)
FN:26,(anonymous_4)
FN:29,(anonymous_5)
FN:33,(anonymous_6)
FN:37,(anonymous_7)
FN:40,(anonymous_8)
FN:44,(anonymous_9)
FN:48,(anonymous_10)
FN:51,(anonymous_11)
FN:55,(anonymous_12)
FN:59,(anonymous_13)
FN:62,(anonymous_14)
FN:66,(anonymous_15)
FN:72,(anonymous_16)
FN:73,(anonymous_17)
FN:74,(anonymous_18)
FN:75,(anonymous_19)
FNF:20
FNH:0
FNDA:0,(anonymous_0)
FNDA:0,(anonymous_1)
FNDA:0,(anonymous_2)
FNDA:0,(anonymous_3)
FNDA:0,(anonymous_4)
FNDA:0,(anonymous_5)
FNDA:0,(anonymous_6)
FNDA:0,(anonymous_7)
FNDA:0,(anonymous_8)
FNDA:0,(anonymous_9)
FNDA:0,(anonymous_10)
FNDA:0,(anonymous_11)
FNDA:0,(anonymous_12)
FNDA:0,(anonymous_13)
FNDA:0,(anonymous_14)
FNDA:0,(anonymous_15)
FNDA:0,(anonymous_16)
FNDA:0,(anonymous_17)
FNDA:0,(anonymous_18)
FNDA:0,(anonymous_19)
DA:13,0
DA:16,0
DA:19,0
DA:22,0
DA:27,0
DA:30,0
DA:31,0
DA:34,0
DA:38,0
DA:41,0
DA:42,0
DA:45,0
DA:49,0
DA:52,0
DA:53,0
DA:56,0
DA:60,0
DA:63,0
DA:64,0
DA:67,0
DA:72,0
DA:73,0
DA:74,0
DA:75,0
LF:24
LH:0
BRF:0
BRH:0
end_of_record
TN:
SF:D:\SecondSWE\Marioplex-Frontend\src\modules\album.js
FN:14,(anonymous_0)
FN:17,(anonymous_1)
FN:20,(anonymous_2)
FN:23,(anonymous_3)
FN:26,(anonymous_4)
FN:29,(anonymous_5)
FN:32,(anonymous_6)
FN:37,(anonymous_7)
FN:41,(anonymous_8)
FN:54,(anonymous_9)
FN:59,(anonymous_10)
FN:62,(anonymous_11)
FN:68,(anonymous_12)
FN:72,(anonymous_13)
FN:75,(anonymous_14)
FN:81,(anonymous_15)
FN:87,(anonymous_16)
FN:88,(anonymous_17)
FN:89,(anonymous_18)
FN:90,(anonymous_19)
FN:91,(anonymous_20)
FN:92,(anonymous_21)
FN:93,(anonymous_22)
FNF:23
FNH:0
FNDA:0,(anonymous_0)
FNDA:0,(anonymous_1)
FNDA:0,(anonymous_2)
FNDA:0,(anonymous_3)
FNDA:0,(anonymous_4)
FNDA:0,(anonymous_5)
FNDA:0,(anonymous_6)
FNDA:0,(anonymous_7)
FNDA:0,(anonymous_8)
FNDA:0,(anonymous_9)
FNDA:0,(anonymous_10)
FNDA:0,(anonymous_11)
FNDA:0,(anonymous_12)
FNDA:0,(anonymous_13)
FNDA:0,(anonymous_14)
FNDA:0,(anonymous_15)
FNDA:0,(anonymous_16)
FNDA:0,(anonymous_17)
FNDA:0,(anonymous_18)
FNDA:0,(anonymous_19)
FNDA:0,(anonymous_20)
FNDA:0,(anonymous_21)
FNDA:0,(anonymous_22)
DA:15,0
DA:18,0
DA:21,0
DA:24,0
DA:27,0
DA:30,0
DA:33,0
DA:38,0
DA:39,0
DA:42,0
DA:43,0
DA:44,0
DA:45,0
DA:46,0
DA:47,0
DA:48,0
DA:49,0
DA:50,0
DA:51,0
DA:52,0
DA:55,0
DA:60,0
DA:63,0
DA:64,0
DA:65,0
DA:69,0
DA:73,0
DA:76,0
DA:77,0
DA:78,0
DA:82,0
DA:87,0
DA:88,0
DA:89,0
DA:90,0
DA:91,0
DA:92,0
DA:93,0
LF:38
LH:0
BRDA:64,0,0,0
BRDA:64,0,1,0
BRDA:77,1,0,0
BRDA:77,1,1,0
BRF:4
BRH:0
end_of_record
TN:
SF:D:\SecondSWE\Marioplex-Frontend\src\modules\artistproperties.js
FN:10,(anonymous_0)
FN:13,(anonymous_1)
FN:18,(anonymous_2)
FN:21,(anonymous_3)
FN:26,(anonymous_4)
FNF:5
FNH:0
FNDA:0,(anonymous_0)
FNDA:0,(anonymous_1)
FNDA:0,(anonymous_2)
FNDA:0,(anonymous_3)
FNDA:0,(anonymous_4)
DA:11,0
DA:14,0
DA:19,0
DA:22,0
DA:27,0
LF:5
LH:0
BRF:0
BRH:0
end_of_record
TN:
SF:D:\SecondSWE\Marioplex-Frontend\src\modules\authorization.js
FN:14,(anonymous_0)
FN:17,(anonymous_1)
FN:24,(anonymous_2)
FN:27,(anonymous_3)
FN:32,(anonymous_4)
FN:43,(anonymous_5)
FN:55,(anonymous_6)
FN:61,(anonymous_7)
FN:67,(anonymous_8)
FN:71,(anonymous_9)
FN:77,(anonymous_10)
FN:83,(anonymous_11)
FN:89,(anonymous_12)
FN:95,(anonymous_13)
FN:101,(anonymous_14)
FN:109,(anonymous_15)
FN:116,(anonymous_16)
FN:124,(anonymous_17)
FN:129,(anonymous_18)
FN:132,(anonymous_19)
FN:139,(anonymous_20)
FN:144,(anonymous_21)
FN:148,(anonymous_22)
FN:153,(anonymous_23)
FN:159,(anonymous_24)
FN:160,(anonymous_25)
FNF:26
FNH:0
FNDA:0,(anonymous_0)
FNDA:0,(anonymous_1)
FNDA:0,(anonymous_2)
FNDA:0,(anonymous_3)
FNDA:0,(anonymous_4)
FNDA:0,(anonymous_5)
FNDA:0,(anonymous_6)
FNDA:0,(anonymous_7)
FNDA:0,(anonymous_8)
FNDA:0,(anonymous_9)
FNDA:0,(anonymous_10)
FNDA:0,(anonymous_11)
FNDA:0,(anonymous_12)
FNDA:0,(anonymous_13)
FNDA:0,(anonymous_14)
FNDA:0,(anonymous_15)
FNDA:0,(anonymous_16)
FNDA:0,(anonymous_17)
FNDA:0,(anonymous_18)
FNDA:0,(anonymous_19)
FNDA:0,(anonymous_20)
FNDA:0,(anonymous_21)
FNDA:0,(anonymous_22)
FNDA:0,(anonymous_23)
FNDA:0,(anonymous_24)
FNDA:0,(anonymous_25)
DA:15,0
DA:18,0
DA:19,0
DA:20,0
DA:21,0
DA:22,0
DA:25,0
DA:28,0
DA:29,0
DA:30,0
DA:33,0
DA:39,0
DA:44,0
DA:46,0
DA:56,0
DA:57,0
DA:58,0
DA:59,0
DA:62,0
DA:63,0
DA:64,0
DA:68,0
DA:69,0
DA:72,0
DA:73,0
DA:74,0
DA:75,0
DA:78,0
DA:79,0
DA:80,0
DA:84,0
DA:85,0
DA:86,0
DA:87,0
DA:90,0
DA:91,0
DA:92,0
DA:93,0
DA:96,0
DA:97,0
DA:98,0
DA:102,0
DA:103,0
DA:104,0
DA:110,0
DA:111,0
DA:112,0
DA:113,0
DA:114,0
DA:117,0
DA:118,0
DA:119,0
DA:120,0
DA:125,0
DA:130,0
DA:133,0
DA:134,0
DA:135,0
DA:137,0
DA:140,0
DA:141,0
DA:142,0
DA:145,0
DA:146,0
DA:149,0
DA:150,0
DA:151,0
DA:154,0
DA:159,0
DA:160,0
LF:70
LH:0
BRDA:9,0,0,0
BRDA:9,0,1,0
BRDA:93,1,0,0
BRDA:93,1,1,0
BRF:4
BRH:0
end_of_record
TN:
SF:D:\SecondSWE\Marioplex-Frontend\src\modules\categorys.js
FN:9,(anonymous_0)
FN:12,(anonymous_1)
FN:17,(anonymous_2)
FN:21,(anonymous_3)
FN:28,(anonymous_4)
FN:34,(anonymous_5)
FN:35,(anonymous_6)
FNF:7
FNH:0
FNDA:0,(anonymous_0)
FNDA:0,(anonymous_1)
FNDA:0,(anonymous_2)
FNDA:0,(anonymous_3)
FNDA:0,(anonymous_4)
FNDA:0,(anonymous_5)
FNDA:0,(anonymous_6)
DA:10,0
DA:13,0
DA:18,0
DA:19,0
DA:22,0
DA:23,0
DA:24,0
DA:25,0
DA:26,0
DA:29,0
DA:34,0
DA:35,0
LF:12
LH:0
BRF:0
BRH:0
end_of_record
TN:
SF:D:\SecondSWE\Marioplex-Frontend\src\modules\claimartistprofile.js
FN:8,(anonymous_0)
FN:13,(anonymous_1)
FN:16,(anonymous_2)
FN:27,(anonymous_3)
FN:30,(anonymous_4)
FN:34,(anonymous_5)
FN:44,(anonymous_6)
FNF:7
FNH:0
FNDA:0,(anonymous_0)
FNDA:0,(anonymous_1)
FNDA:0,(anonymous_2)
FNDA:0,(anonymous_3)
FNDA:0,(anonymous_4)
FNDA:0,(anonymous_5)
FNDA:0,(anonymous_6)
DA:9,0
DA:14,0
DA:17,0
DA:23,0
DA:28,0
DA:31,0
DA:32,0
DA:35,0
DA:36,0
DA:37,0
DA:38,0
DA:39,0
DA:41,0
DA:45,0
LF:14
LH:0
BRDA:36,0,0,0
BRDA:36,0,1,0
BRF:2
BRH:0
end_of_record
TN:
SF:D:\SecondSWE\Marioplex-Frontend\src\modules\creatplaylist.js
FN:13,(anonymous_0)
FN:16,(anonymous_1)
FN:19,(anonymous_2)
FN:23,(anonymous_3)
FN:24,(anonymous_4)
FN:27,(anonymous_5)
FN:30,(anonymous_6)
FN:36,(anonymous_7)
FN:44,(anonymous_8)
FN:49,(anonymous_9)
FN:53,(anonymous_10)
FN:56,(anonymous_11)
FN:60,(anonymous_12)
FN:64,(anonymous_13)
FN:72,(anonymous_14)
FN:76,(anonymous_15)
FN:79,(anonymous_16)
FN:87,(anonymous_17)
FN:94,(anonymous_18)
FN:100,(anonymous_19)
FN:105,(anonymous_20)
FNF:21
FNH:0
FNDA:0,(anonymous_0)
FNDA:0,(anonymous_1)
FNDA:0,(anonymous_2)
FNDA:0,(anonymous_3)
FNDA:0,(anonymous_4)
FNDA:0,(anonymous_5)
FNDA:0,(anonymous_6)
FNDA:0,(anonymous_7)
FNDA:0,(anonymous_8)
FNDA:0,(anonymous_9)
FNDA:0,(anonymous_10)
FNDA:0,(anonymous_11)
FNDA:0,(anonymous_12)
FNDA:0,(anonymous_13)
FNDA:0,(anonymous_14)
FNDA:0,(anonymous_15)
FNDA:0,(anonymous_16)
FNDA:0,(anonymous_17)
FNDA:0,(anonymous_18)
FNDA:0,(anonymous_19)
FNDA:0,(anonymous_20)
DA:14,0
DA:17,0
DA:21,0
DA:23,0
DA:24,0
DA:28,0
DA:31,0
DA:32,0
DA:33,0
DA:37,0
DA:42,0
DA:45,0
DA:50,0
DA:51,0
DA:54,0
DA:57,0
DA:58,0
DA:61,0
DA:62,0
DA:65,0
DA:67,0
DA:69,0
DA:70,0
DA:73,0
DA:77,0
DA:80,0
DA:81,0
DA:82,0
DA:83,0
DA:84,0
DA:88,0
DA:89,0
DA:91,0
DA:96,0
DA:97,0
DA:98,0
DA:101,0
DA:102,0
DA:103,0
DA:106,0
LF:40
LH:0
BRDA:83,0,0,0
BRDA:83,0,1,0
BRDA:88,1,0,0
BRDA:88,1,1,0
BRDA:96,2,0,0
BRDA:96,2,1,0
BRF:6
BRH:0
end_of_record
TN:
SF:D:\SecondSWE\Marioplex-Frontend\src\modules\deleteplaylist.js
FN:18,(anonymous_0)
FNF:1
FNH:0
FNDA:0,(anonymous_0)
DA:19,0
LF:1
LH:0
BRF:0
BRH:0
end_of_record
TN:
SF:D:\SecondSWE\Marioplex-Frontend\src\modules\likedtracks.js
FN:11,(anonymous_0)
FN:14,(anonymous_1)
FN:17,(anonymous_2)
FN:20,(anonymous_3)
FN:25,(anonymous_4)
FN:28,(anonymous_5)
FN:38,(anonymous_6)
FN:44,(anonymous_7)
FN:45,(anonymous_8)
FN:46,(anonymous_9)
FN:47,(anonymous_10)
FNF:11
FNH:0
FNDA:0,(anonymous_0)
FNDA:0,(anonymous_1)
FNDA:0,(anonymous_2)
FNDA:0,(anonymous_3)
FNDA:0,(anonymous_4)
FNDA:0,(anonymous_5)
FNDA:0,(anonymous_6)
FNDA:0,(anonymous_7)
FNDA:0,(anonymous_8)
FNDA:0,(anonymous_9)
FNDA:0,(anonymous_10)
DA:12,0
DA:15,0
DA:18,0
DA:21,0
DA:26,0
DA:29,0
DA:30,0
DA:31,0
DA:32,0
DA:33,0
DA:34,0
DA:35,0
DA:39,0
DA:44,0
DA:45,0
DA:46,0
DA:47,0
LF:17
LH:0
BRDA:34,0,0,0
BRDA:34,0,1,0
BRF:2
BRH:0
end_of_record
TN:
SF:D:\SecondSWE\Marioplex-Frontend\src\modules\mediaplayer.js
FN:87,(anonymous_0)
FN:90,(anonymous_1)
FN:93,(anonymous_2)
FN:96,(anonymous_3)
FN:99,(anonymous_4)
FN:102,(anonymous_5)
FN:106,(anonymous_6)
FN:109,(anonymous_7)
FN:136,(anonymous_8)
FN:140,(anonymous_9)
FN:143,(anonymous_10)
FN:149,(anonymous_11)
FN:154,(anonymous_12)
FN:158,(anonymous_13)
FN:161,(anonymous_14)
FN:164,(anonymous_15)
FN:178,(anonymous_16)
FN:182,(anonymous_17)
FN:188,(anonymous_18)
FN:205,(anonymous_19)
FN:212,(anonymous_20)
FN:219,(anonymous_21)
FN:222,(anonymous_22)
FN:229,(anonymous_23)
FN:232,(anonymous_24)
FN:237,(anonymous_25)
FN:240,(anonymous_26)
FN:243,(anonymous_27)
FN:248,(anonymous_28)
FN:257,(anonymous_29)
FN:262,(anonymous_30)
FN:266,(anonymous_31)
FN:274,(anonymous_32)
FN:280,(anonymous_33)
FN:284,(anonymous_34)
FN:295,(anonymous_35)
FN:301,(anonymous_36)
FN:309,(anonymous_37)
FN:312,(anonymous_38)
FN:315,(anonymous_39)
FN:318,(anonymous_40)
FN:321,(anonymous_41)
FN:324,(anonymous_42)
FN:327,(anonymous_43)
FN:330,(anonymous_44)
FN:334,(anonymous_45)
FNF:46
FNH:0
FNDA:0,(anonymous_0)
FNDA:0,(anonymous_1)
FNDA:0,(anonymous_2)
FNDA:0,(anonymous_3)
FNDA:0,(anonymous_4)
FNDA:0,(anonymous_5)
FNDA:0,(anonymous_6)
FNDA:0,(anonymous_7)
FNDA:0,(anonymous_8)
FNDA:0,(anonymous_9)
FNDA:0,(anonymous_10)
FNDA:0,(anonymous_11)
FNDA:0,(anonymous_12)
FNDA:0,(anonymous_13)
FNDA:0,(anonymous_14)
FNDA:0,(anonymous_15)
FNDA:0,(anonymous_16)
FNDA:0,(anonymous_17)
FNDA:0,(anonymous_18)
FNDA:0,(anonymous_19)
FNDA:0,(anonymous_20)
FNDA:0,(anonymous_21)
FNDA:0,(anonymous_22)
FNDA:0,(anonymous_23)
FNDA:0,(anonymous_24)
FNDA:0,(anonymous_25)
FNDA:0,(anonymous_26)
FNDA:0,(anonymous_27)
FNDA:0,(anonymous_28)
FNDA:0,(anonymous_29)
FNDA:0,(anonymous_30)
FNDA:0,(anonymous_31)
FNDA:0,(anonymous_32)
FNDA:0,(anonymous_33)
FNDA:0,(anonymous_34)
FNDA:0,(anonymous_35)
FNDA:0,(anonymous_36)
FNDA:0,(anonymous_37)
FNDA:0,(anonymous_38)
FNDA:0,(anonymous_39)
FNDA:0,(anonymous_40)
FNDA:0,(anonymous_41)
FNDA:0,(anonymous_42)
FNDA:0,(anonymous_43)
FNDA:0,(anonymous_44)
FNDA:0,(anonymous_45)
DA:88,0
DA:91,0
DA:94,0
DA:97,0
DA:100,0
DA:103,0
DA:104,0
DA:107,0
DA:110,0
DA:111,0
DA:117,0
DA:118,0
DA:120,0
DA:121,0
DA:122,0
DA:124,0
DA:125,0
DA:128,0
DA:129,0
DA:130,0
DA:131,0
DA:137,0
DA:141,0
DA:144,0
DA:146,0
DA:147,0
DA:150,0
DA:155,0
DA:156,0
DA:159,0
DA:162,0
DA:165,0
DA:166,0
DA:167,0
DA:168,0
DA:175,0
DA:176,0
DA:179,0
DA:183,0
DA:185,0
DA:186,0
DA:189,0
DA:190,0
DA:191,0
DA:192,0
DA:202,0
DA:203,0
DA:206,0
DA:209,0
DA:213,0
DA:214,0
DA:215,0
DA:216,0
DA:217,0
DA:220,0
DA:223,0
DA:225,0
DA:226,0
DA:227,0
DA:230,0
DA:233,0
DA:238,0
DA:241,0
DA:244,0
DA:249,0
DA:250,0
DA:251,0
DA:252,0
DA:254,0
DA:255,0
DA:258,0
DA:259,0
DA:260,0
DA:263,0
DA:267,0
DA:268,0
DA:269,0
DA:270,0
DA:272,0
DA:275,0
DA:276,0
DA:277,0
DA:278,0
DA:281,0
DA:285,0
DA:286,0
DA:287,0
DA:288,0
DA:289,0
DA:290,0
DA:296,0
DA:297,0
DA:298,0
DA:302,0
DA:303,0
DA:304,0
DA:310,0
DA:313,0
DA:316,0
DA:319,0
DA:322,0
DA:325,0
DA:328,0
DA:331,0
DA:335,0
LF:105
LH:0
BRDA:104,0,0,0
BRDA:104,0,1,0
BRDA:111,1,0,0
BRDA:111,1,1,0
BRDA:112,2,0,0
BRDA:112,2,1,0
BRDA:112,2,2,0
BRDA:112,2,3,0
BRDA:120,3,0,0
BRDA:120,3,1,0
BRDA:124,4,0,0
BRDA:124,4,1,0
BRDA:185,5,0,0
BRDA:185,5,1,0
BRDA:194,6,0,0
BRDA:194,6,1,0
BRDA:214,7,0,0
BRDA:214,7,1,0
BRDA:214,8,0,0
BRDA:214,8,1,0
BRDA:215,9,0,0
BRDA:215,9,1,0
BRDA:215,10,0,0
BRDA:215,10,1,0
BRDA:225,11,0,0
BRDA:225,11,1,0
BRDA:225,12,0,0
BRDA:225,12,1,0
BRDA:250,13,0,0
BRDA:250,13,1,0
BRDA:258,14,0,0
BRDA:258,14,1,0
BRDA:258,15,0,0
BRDA:258,15,1,0
BRDA:268,16,0,0
BRDA:268,16,1,0
BRDA:275,17,0,0
BRDA:275,17,1,0
BRDA:275,18,0,0
BRDA:275,18,1,0
BRDA:285,19,0,0
BRDA:285,19,1,0
BRDA:286,20,0,0
BRDA:286,20,1,0
BRDA:289,21,0,0
BRDA:289,21,1,0
BRDA:296,22,0,0
BRDA:296,22,1,0
BRDA:302,23,0,0
BRDA:302,23,1,0
BRF:50
BRH:0
end_of_record
TN:
SF:D:\SecondSWE\Marioplex-Frontend\src\modules\playlist.js
FN:14,(anonymous_0)
FN:17,(anonymous_1)
FN:20,(anonymous_2)
FN:25,(anonymous_3)
FN:30,(anonymous_4)
FN:33,(anonymous_5)
FN:36,(anonymous_6)
FN:39,(anonymous_7)
FN:42,(anonymous_8)
FN:47,(anonymous_9)
FN:51,(anonymous_10)
FN:61,(anonymous_11)
FN:65,(anonymous_12)
FN:68,(anonymous_13)
FN:75,(anonymous_14)
FN:79,(anonymous_15)
FN:86,(anonymous_16)
FN:90,(anonymous_17)
FN:104,(anonymous_18)
FN:107,(anonymous_19)
FN:113,(anonymous_20)
FN:117,(anonymous_21)
FN:120,(anonymous_22)
FN:126,(anonymous_23)
FN:133,(anonymous_24)
FN:134,(anonymous_25)
FN:135,(anonymous_26)
FN:136,(anonymous_27)
FN:137,(anonymous_28)
FN:138,(anonymous_29)
FN:139,(anonymous_30)
FNF:31
FNH:0
FNDA:0,(anonymous_0)
FNDA:0,(anonymous_1)
FNDA:0,(anonymous_2)
FNDA:0,(anonymous_3)
FNDA:0,(anonymous_4)
FNDA:0,(anonymous_5)
FNDA:0,(anonymous_6)
FNDA:0,(anonymous_7)
FNDA:0,(anonymous_8)
FNDA:0,(anonymous_9)
FNDA:0,(anonymous_10)
FNDA:0,(anonymous_11)
FNDA:0,(anonymous_12)
FNDA:0,(anonymous_13)
FNDA:0,(anonymous_14)
FNDA:0,(anonymous_15)
FNDA:0,(anonymous_16)
FNDA:0,(anonymous_17)
FNDA:0,(anonymous_18)
FNDA:0,(anonymous_19)
FNDA:0,(anonymous_20)
FNDA:0,(anonymous_21)
FNDA:0,(anonymous_22)
FNDA:0,(anonymous_23)
FNDA:0,(anonymous_24)
FNDA:0,(anonymous_25)
FNDA:0,(anonymous_26)
FNDA:0,(anonymous_27)
FNDA:0,(anonymous_28)
FNDA:0,(anonymous_29)
FNDA:0,(anonymous_30)
DA:15,0
DA:18,0
DA:21,0
DA:26,0
DA:31,0
DA:34,0
DA:37,0
DA:40,0
DA:43,0
DA:49,0
DA:52,0
DA:53,0
DA:54,0
DA:55,0
DA:56,0
DA:57,0
DA:58,0
DA:59,0
DA:62,0
DA:66,0
DA:69,0
DA:70,0
DA:71,0
DA:72,0
DA:76,0
DA:80,0
DA:84,0
DA:87,0
DA:88,0
DA:91,0
DA:93,0
DA:105,0
DA:108,0
DA:109,0
DA:110,0
DA:114,0
DA:118,0
DA:121,0
DA:122,0
DA:123,0
DA:127,0
DA:133,0
DA:134,0
DA:135,0
DA:136,0
DA:137,0
DA:138,0
DA:139,0
LF:48
LH:0
BRDA:69,0,0,0
BRDA:69,0,1,0
BRDA:109,1,0,0
BRDA:109,1,1,0
BRDA:122,2,0,0
BRDA:122,2,1,0
BRF:6
BRH:0
end_of_record
TN:
SF:D:\SecondSWE\Marioplex-Frontend\src\modules\playlistpopup.js
FN:9,(anonymous_0)
FN:14,(anonymous_1)
FN:19,(anonymous_2)
FNF:3
FNH:0
FNDA:0,(anonymous_0)
FNDA:0,(anonymous_1)
FNDA:0,(anonymous_2)
DA:10,0
DA:15,0
DA:20,0
LF:3
LH:0
BRF:0
BRH:0
end_of_record
TN:
SF:D:\SecondSWE\Marioplex-Frontend\src\modules\queue.js
FN:13,(anonymous_0)
FN:15,(anonymous_1)
FN:19,(anonymous_2)
FN:21,(anonymous_3)
FN:25,(anonymous_4)
FN:28,(anonymous_5)
FN:31,(anonymous_6)
FN:36,(anonymous_7)
FN:39,(anonymous_8)
FN:48,(anonymous_9)
FN:52,(anonymous_10)
FN:55,(anonymous_11)
FN:58,(anonymous_12)
FN:62,(anonymous_13)
FN:85,(anonymous_14)
FN:92,(anonymous_15)
FN:98,(anonymous_16)
FN:111,(anonymous_17)
FN:118,(anonymous_18)
FN:124,(anonymous_19)
FN:131,(anonymous_20)
FN:132,(anonymous_21)
FN:133,(anonymous_22)
FNF:23
FNH:0
FNDA:0,(anonymous_0)
FNDA:0,(anonymous_1)
FNDA:0,(anonymous_2)
FNDA:0,(anonymous_3)
FNDA:0,(anonymous_4)
FNDA:0,(anonymous_5)
FNDA:0,(anonymous_6)
FNDA:0,(anonymous_7)
FNDA:0,(anonymous_8)
FNDA:0,(anonymous_9)
FNDA:0,(anonymous_10)
FNDA:0,(anonymous_11)
FNDA:0,(anonymous_12)
FNDA:0,(anonymous_13)
FNDA:0,(anonymous_14)
FNDA:0,(anonymous_15)
FNDA:0,(anonymous_16)
FNDA:0,(anonymous_17)
FNDA:0,(anonymous_18)
FNDA:0,(anonymous_19)
FNDA:0,(anonymous_20)
FNDA:0,(anonymous_21)
FNDA:0,(anonymous_22)
DA:14,0
DA:15,0
DA:16,0
DA:20,0
DA:21,0
DA:22,0
DA:26,0
DA:29,0
DA:32,0
DA:37,0
DA:40,0
DA:41,0
DA:42,0
DA:43,0
DA:44,0
DA:45,0
DA:49,0
DA:53,0
DA:56,0
DA:59,0
DA:63,0
DA:64,0
DA:65,0
DA:73,0
DA:75,0
DA:76,0
DA:86,0
DA:87,0
DA:88,0
DA:89,0
DA:90,0
DA:92,0
DA:93,0
DA:95,0
DA:99,0
DA:102,0
DA:112,0
DA:113,0
DA:114,0
DA:115,0
DA:116,0
DA:118,0
DA:119,0
DA:121,0
DA:125,0
DA:131,0
DA:132,0
DA:133,0
LF:48
LH:0
BRDA:16,0,0,0
BRDA:16,0,1,0
BRDA:22,1,0,0
BRDA:22,1,1,0
BRDA:44,2,0,0
BRDA:44,2,1,0
BRDA:64,3,0,0
BRDA:64,3,1,0
BRDA:75,4,0,0
BRDA:75,4,1,0
BRDA:88,5,0,0
BRDA:88,5,1,0
BRDA:114,6,0,0
BRDA:114,6,1,0
BRF:14
BRH:0
end_of_record
TN:
SF:D:\SecondSWE\Marioplex-Frontend\src\modules\uploadsong.js
FN:9,(anonymous_0)
FN:18,(anonymous_1)
FN:23,(anonymous_2)
FN:44,(anonymous_3)
FN:50,(anonymous_4)
FN:55,(anonymous_5)
FN:58,(anonymous_6)
FN:63,(anonymous_7)
FNF:8
FNH:0
FNDA:0,(anonymous_0)
FNDA:0,(anonymous_1)
FNDA:0,(anonymous_2)
FNDA:0,(anonymous_3)
FNDA:0,(anonymous_4)
FNDA:0,(anonymous_5)
FNDA:0,(anonymous_6)
FNDA:0,(anonymous_7)
DA:10,0
DA:19,0
DA:24,0
DA:25,0
DA:26,0
DA:27,0
DA:28,0
DA:29,0
DA:30,0
DA:31,0
DA:32,0
DA:33,0
DA:36,0
DA:45,0
DA:46,0
DA:47,0
DA:48,0
DA:51,0
DA:52,0
DA:56,0
DA:59,0
DA:60,0
DA:61,0
DA:64,0
LF:24
LH:0
BRF:0
BRH:0
end_of_record
TN:
SF:D:\SecondSWE\Marioplex-Frontend\src\modules\userlibrary.js
FN:13,(anonymous_0)
FN:16,(anonymous_1)
FN:19,(anonymous_2)
FN:22,(anonymous_3)
FN:25,(anonymous_4)
FN:30,(anonymous_5)
FN:33,(anonymous_6)
FN:41,(anonymous_7)
FN:50,(anonymous_8)
FN:53,(anonymous_9)
FN:64,(anonymous_10)
FN:73,(anonymous_11)
FN:76,(anonymous_12)
FN:80,(anonymous_13)
FN:86,(anonymous_14)
FN:87,(anonymous_15)
FN:88,(anonymous_16)
FN:89,(anonymous_17)
FN:90,(anonymous_18)
FNF:19
FNH:0
FNDA:0,(anonymous_0)
FNDA:0,(anonymous_1)
FNDA:0,(anonymous_2)
FNDA:0,(anonymous_3)
FNDA:0,(anonymous_4)
FNDA:0,(anonymous_5)
FNDA:0,(anonymous_6)
FNDA:0,(anonymous_7)
FNDA:0,(anonymous_8)
FNDA:0,(anonymous_9)
FNDA:0,(anonymous_10)
FNDA:0,(anonymous_11)
FNDA:0,(anonymous_12)
FNDA:0,(anonymous_13)
FNDA:0,(anonymous_14)
FNDA:0,(anonymous_15)
FNDA:0,(anonymous_16)
FNDA:0,(anonymous_17)
FNDA:0,(anonymous_18)
DA:14,0
DA:17,0
DA:20,0
DA:23,0
DA:26,0
DA:31,0
DA:34,0
DA:35,0
DA:36,0
DA:37,0
DA:38,0
DA:42,0
DA:43,0
DA:44,0
DA:45,0
DA:46,0
DA:51,0
DA:54,0
DA:55,0
DA:56,0
DA:58,0
DA:59,0
DA:60,0
DA:61,0
DA:65,0
DA:66,0
DA:67,0
DA:68,0
DA:70,0
DA:74,0
DA:77,0
DA:78,0
DA:81,0
DA:86,0
DA:87,0
DA:88,0
DA:89,0
DA:90,0
LF:38
LH:0
BRDA:37,0,0,0
BRDA:37,0,1,0
BRDA:45,1,0,0
BRDA:45,1,1,0
BRDA:55,2,0,0
BRDA:55,2,1,0
BRDA:60,3,0,0
BRDA:60,3,1,0
BRDA:67,4,0,0
BRDA:67,4,1,0
BRF:10
BRH:0
end_of_record
TN:
SF:D:\SecondSWE\Marioplex-Frontend\src\router\index.js
FNF:0
FNH:0
DA:27,0
DA:29,0
DA:136,0
LF:3
LH:0
BRF:0
BRH:0
end_of_record
TN:
SF:D:\SecondSWE\Marioplex-Frontend\src\store\index.js
FNF:0
FNH:0
DA:20,0
LF:1
LH:0
BRF:0
BRH:0
end_of_record
TN:
SF:D:\SecondSWE\Marioplex-Frontend\src\views\ArtistPersonalPage.vue
FN:322,(anonymous_1)
FN:333,(anonymous_2)
FN:334,(anonymous_3)
FN:338,(anonymous_4)
FN:341,(anonymous_5)
FNF:5
FNH:0
FNDA:0,(anonymous_1)
FNDA:0,(anonymous_2)
FNDA:0,(anonymous_3)
FNDA:0,(anonymous_4)
FNDA:0,(anonymous_5)
DA:315,0
DA:316,0
DA:318,0
DA:319,0
DA:323,0
DA:333,0
DA:334,0
DA:339,0
DA:342,0
LF:9
LH:0
BRF:0
BRH:0
end_of_record
TN:
SF:D:\SecondSWE\Marioplex-Frontend\src\views\ClaimArtist.vue
FN:329,(anonymous_1)
FN:344,(anonymous_2)
FN:347,(anonymous_3)
FNF:3
FNH:0
FNDA:0,(anonymous_1)
FNDA:0,(anonymous_2)
FNDA:0,(anonymous_3)
DA:327,0
DA:330,0
DA:345,0
DA:348,0
DA:353,0
LF:5
LH:0
BRF:0
BRH:0
end_of_record
TN:
SF:D:\SecondSWE\Marioplex-Frontend\src\views\ForArtist.vue
FNF:0
FNH:0
DA:114,0
LF:1
LH:0
BRF:0
BRH:0
end_of_record
TN:
SF:D:\SecondSWE\Marioplex-Frontend\src\views\ForgetPassword.vue
FN:139,(anonymous_1)
FN:148,(anonymous_2)
FN:157,(anonymous_3)
FN:163,(anonymous_4)
FN:166,(anonymous_5)
FN:169,(anonymous_6)
FNF:6
FNH:0
FNDA:0,(anonymous_1)
FNDA:0,(anonymous_2)
FNDA:0,(anonymous_3)
FNDA:0,(anonymous_4)
FNDA:0,(anonymous_5)
FNDA:0,(anonymous_6)
DA:140,0
DA:149,0
DA:150,0
DA:151,0
DA:152,0
DA:154,0
DA:155,0
DA:156,0
DA:157,0
DA:164,0
DA:167,0
DA:170,0
LF:12
LH:0
BRDA:149,0,0,0
BRDA:149,0,1,0
BRF:2
BRH:0
end_of_record
TN:
SF:D:\SecondSWE\Marioplex-Frontend\src\views\Home.vue
FNF:0
FNH:0
DA:12,0
DA:13,0
LF:2
LH:0
BRF:0
BRH:0
end_of_record
TN:
SF:D:\SecondSWE\Marioplex-Frontend\src\views\HomeWebPlayer.vue
FN:49,(anonymous_1)
FN:50,(anonymous_2)
FNF:2
FNH:0
FNDA:0,(anonymous_1)
FNDA:0,(anonymous_2)
DA:30,0
DA:31,0
DA:32,0
DA:33,0
DA:34,0
DA:35,0
DA:49,0
DA:50,0
LF:8
LH:0
BRF:0
BRH:0
end_of_record
TN:
SF:D:\SecondSWE\Marioplex-Frontend\src\views\LikedTracks.vue
FN:78,(anonymous_1)
FNF:1
FNH:0
FNDA:0,(anonymous_1)
DA:55,0
DA:56,0
DA:57,0
DA:58,0
DA:79,0
LF:5
LH:0
BRF:0
BRH:0
end_of_record
TN:
SF:D:\SecondSWE\Marioplex-Frontend\src\views\Login.vue
FN:188,(anonymous_1)
FN:199,(anonymous_2)
FN:206,(anonymous_3)
FN:216,(anonymous_4)
FN:219,(anonymous_5)
FN:222,(anonymous_6)
FN:230,(anonymous_7)
FN:243,(anonymous_8)
FNF:8
FNH:0
FNDA:0,(anonymous_1)
FNDA:0,(anonymous_2)
FNDA:0,(anonymous_3)
FNDA:0,(anonymous_4)
FNDA:0,(anonymous_5)
FNDA:0,(anonymous_6)
FNDA:0,(anonymous_7)
FNDA:0,(anonymous_8)
DA:178,0
DA:179,0
DA:180,0
DA:189,0
DA:200,0
DA:201,0
DA:202,0
DA:203,0
DA:205,0
DA:206,0
DA:207,0
DA:208,0
DA:212,0
DA:217,0
DA:220,0
DA:223,0
DA:231,0
DA:232,0
DA:233,0
DA:234,0
DA:236,0
DA:237,0
DA:240,0
DA:244,0
DA:245,0
DA:246,0
DA:247,0
DA:249,0
DA:250,0
DA:253,0
LF:30
LH:0
BRDA:207,0,0,0
BRDA:207,0,1,0
BRDA:220,1,0,0
BRDA:220,1,1,0
BRDA:231,2,0,0
BRDA:231,2,1,0
BRDA:232,3,0,0
BRDA:232,3,1,0
BRDA:244,4,0,0
BRDA:244,4,1,0
BRDA:245,5,0,0
BRDA:245,5,1,0
BRF:12
BRH:0
end_of_record
TN:
SF:D:\SecondSWE\Marioplex-Frontend\src\views\Queue.vue
FN:106,(anonymous_1)
FNF:1
FNH:0
FNDA:0,(anonymous_1)
DA:101,0
DA:102,0
DA:107,0
DA:108,0
LF:4
LH:0
BRF:0
BRH:0
end_of_record
TN:
SF:D:\SecondSWE\Marioplex-Frontend\src\views\Search.vue
FN:266,(anonymous_1)
FN:277,(anonymous_2)
FN:281,(anonymous_3)
FN:297,(anonymous_4)
FN:298,(anonymous_5)
FNF:5
FNH:0
FNDA:0,(anonymous_1)
FNDA:0,(anonymous_2)
FNDA:0,(anonymous_3)
FNDA:0,(anonymous_4)
FNDA:0,(anonymous_5)
DA:257,0
DA:258,0
DA:259,0
DA:260,0
DA:261,0
DA:262,0
DA:263,0
DA:267,0
DA:278,0
DA:282,0
DA:297,0
DA:298,0
LF:12
LH:0
BRF:0
BRH:0
end_of_record
TN:
SF:D:\SecondSWE\Marioplex-Frontend\src\views\SignUp.vue
FN:356,(anonymous_1)
FN:404,(anonymous_2)
FN:418,(anonymous_3)
FN:433,(anonymous_4)
FN:436,(anonymous_5)
FN:442,(anonymous_6)
FN:453,(anonymous_7)
FN:470,(anonymous_8)
FN:490,(anonymous_9)
FN:503,(anonymous_10)
FN:523,(anonymous_11)
FN:536,(anonymous_12)
FN:549,(anonymous_13)
FN:562,(anonymous_14)
FN:575,(anonymous_15)
FN:588,(anonymous_16)
FN:606,(anonymous_17)
FN:619,(anonymous_18)
FN:638,(anonymous_19)
FN:656,(anonymous_20)
FNF:20
FNH:0
FNDA:0,(anonymous_1)
FNDA:0,(anonymous_2)
FNDA:0,(anonymous_3)
FNDA:0,(anonymous_4)
FNDA:0,(anonymous_5)
FNDA:0,(anonymous_6)
FNDA:0,(anonymous_7)
FNDA:0,(anonymous_8)
FNDA:0,(anonymous_9)
FNDA:0,(anonymous_10)
FNDA:0,(anonymous_11)
FNDA:0,(anonymous_12)
FNDA:0,(anonymous_13)
FNDA:0,(anonymous_14)
FNDA:0,(anonymous_15)
FNDA:0,(anonymous_16)
FNDA:0,(anonymous_17)
FNDA:0,(anonymous_18)
FNDA:0,(anonymous_19)
FNDA:0,(anonymous_20)
DA:347,0
DA:348,0
DA:349,0
DA:357,0
DA:405,0
DA:406,0
DA:407,0
DA:408,0
DA:409,0
DA:410,0
DA:411,0
DA:412,0
DA:413,0
DA:414,0
DA:415,0
DA:416,0
DA:417,0
DA:418,0
DA:419,0
DA:420,0
DA:421,0
DA:429,0
DA:430,0
DA:434,0
DA:437,0
DA:438,0
DA:439,0
DA:440,0
DA:443,0
DA:444,0
DA:445,0
DA:446,0
DA:454,0
DA:455,0
DA:456,0
DA:457,0
DA:458,0
DA:459,0
DA:460,0
DA:461,0
DA:463,0
DA:464,0
DA:467,0
DA:471,0
DA:472,0
DA:473,0
DA:480,0
DA:481,0
DA:483,0
DA:484,0
DA:487,0
DA:491,0
DA:492,0
DA:493,0
DA:494,0
DA:496,0
DA:497,0
DA:500,0
DA:504,0
DA:505,0
DA:506,0
DA:513,0
DA:514,0
DA:516,0
DA:517,0
DA:520,0
DA:524,0
DA:525,0
DA:526,0
DA:527,0
DA:529,0
DA:530,0
DA:533,0
DA:537,0
DA:538,0
DA:539,0
DA:540,0
DA:542,0
DA:543,0
DA:546,0
DA:550,0
DA:551,0
DA:552,0
DA:553,0
DA:555,0
DA:556,0
DA:559,0
DA:563,0
DA:564,0
DA:565,0
DA:566,0
DA:568,0
DA:569,0
DA:572,0
DA:576,0
DA:577,0
DA:578,0
DA:579,0
DA:581,0
DA:582,0
DA:585,0
DA:589,0
DA:590,0
DA:596,0
DA:597,0
DA:599,0
DA:600,0
DA:603,0
DA:607,0
DA:608,0
DA:609,0
DA:610,0
DA:612,0
DA:613,0
DA:616,0
DA:620,0
DA:621,0
DA:622,0
DA:628,0
DA:629,0
DA:631,0
DA:632,0
DA:635,0
DA:639,0
DA:640,0
DA:641,0
DA:646,0
DA:647,0
DA:649,0
DA:650,0
DA:653,0
DA:657,0
DA:658,0
DA:659,0
DA:660,0
DA:662,0
DA:663,0
DA:666,0
LF:138
LH:0
BRDA:419,0,0,0
BRDA:419,0,1,0
BRDA:445,1,0,0
BRDA:445,1,1,0
BRDA:455,2,0,0
BRDA:455,2,1,0
BRDA:457,3,0,0
BRDA:457,3,1,0
BRDA:471,4,0,0
BRDA:471,4,1,0
BRDA:473,5,0,0
BRDA:473,5,1,0
BRDA:473,6,0,0
BRDA:473,6,1,0
BRDA:473,6,2,0
BRDA:473,6,3,0
BRDA:473,6,4,0
BRDA:491,7,0,0
BRDA:491,7,1,0
BRDA:492,8,0,0
BRDA:492,8,1,0
BRDA:504,9,0,0
BRDA:504,9,1,0
BRDA:506,10,0,0
BRDA:506,10,1,0
BRDA:506,11,0,0
BRDA:506,11,1,0
BRDA:506,11,2,0
BRDA:506,11,3,0
BRDA:506,11,4,0
BRDA:524,12,0,0
BRDA:524,12,1,0
BRDA:525,13,0,0
BRDA:525,13,1,0
BRDA:537,14,0,0
BRDA:537,14,1,0
BRDA:538,15,0,0
BRDA:538,15,1,0
BRDA:550,16,0,0
BRDA:550,16,1,0
BRDA:551,17,0,0
BRDA:551,17,1,0
BRDA:551,18,0,0
BRDA:551,18,1,0
BRDA:563,19,0,0
BRDA:563,19,1,0
BRDA:564,20,0,0
BRDA:564,20,1,0
BRDA:576,21,0,0
BRDA:576,21,1,0
BRDA:577,22,0,0
BRDA:577,22,1,0
BRDA:589,23,0,0
BRDA:589,23,1,0
BRDA:590,24,0,0
BRDA:590,24,1,0
BRDA:590,25,0,0
BRDA:590,25,1,0
BRDA:590,25,2,0
BRDA:590,25,3,0
BRDA:607,26,0,0
BRDA:607,26,1,0
BRDA:608,27,0,0
BRDA:608,27,1,0
BRDA:620,28,0,0
BRDA:620,28,1,0
BRDA:622,29,0,0
BRDA:622,29,1,0
BRDA:622,30,0,0
BRDA:622,30,1,0
BRDA:622,30,2,0
BRDA:622,30,3,0
BRDA:640,31,0,0
BRDA:640,31,1,0
BRDA:641,32,0,0
BRDA:641,32,1,0
BRDA:641,33,0,0
BRDA:641,33,1,0
BRDA:641,33,2,0
BRDA:657,34,0,0
BRDA:657,34,1,0
BRDA:658,35,0,0
BRDA:658,35,1,0
BRF:83
BRH:0
end_of_record
TN:
SF:D:\SecondSWE\Marioplex-Frontend\src\views\UserHome.vue
FN:119,(anonymous_1)
FN:120,(anonymous_2)
FN:130,(anonymous_3)
FN:138,(anonymous_4)
FNF:4
FNH:0
FNDA:0,(anonymous_1)
FNDA:0,(anonymous_2)
FNDA:0,(anonymous_3)
FNDA:0,(anonymous_4)
DA:102,0
DA:103,0
DA:104,0
DA:105,0
DA:106,0
DA:107,0
DA:120,0
DA:124,0
DA:131,0
DA:132,0
DA:133,0
DA:134,0
DA:135,0
DA:140,0
LF:14
LH:0
BRF:0
BRH:0
end_of_record
TN:
SF:D:\SecondSWE\Marioplex-Frontend\src\views\album_view.vue
FN:44,(anonymous_1)
FN:67,(anonymous_2)
FN:71,(anonymous_3)
FNF:3
FNH:0
FNDA:0,(anonymous_1)
FNDA:0,(anonymous_2)
FNDA:0,(anonymous_3)
DA:39,0
DA:40,0
DA:41,0
DA:45,0
DA:68,0
DA:69,0
DA:72,0
LF:7
LH:0
BRF:0
BRH:0
end_of_record
TN:
SF:D:\SecondSWE\Marioplex-Frontend\src\views\library-albums.vue
FN:59,(anonymous_1)
FNF:1
FNH:0
FNDA:0,(anonymous_1)
DA:50,0
DA:51,0
DA:52,0
DA:60,0
LF:4
LH:0
BRF:0
BRH:0
end_of_record
TN:
SF:D:\SecondSWE\Marioplex-Frontend\src\views\library-artists.vue
FN:57,(anonymous_1)
FNF:1
FNH:0
FNDA:0,(anonymous_1)
DA:48,0
DA:49,0
DA:50,0
DA:58,0
LF:4
LH:0
BRF:0
BRH:0
end_of_record
TN:
SF:D:\SecondSWE\Marioplex-Frontend\src\views\library-playlists.vue
FN:63,(anonymous_1)
FNF:1
FNH:0
FNDA:0,(anonymous_1)
DA:52,0
DA:53,0
DA:54,0
DA:55,0
DA:64,0
DA:65,0
LF:6
LH:0
BRF:0
BRH:0
end_of_record
TN:
SF:D:\SecondSWE\Marioplex-Frontend\src\views\playlist_view.vue
FN:93,(anonymous_1)
FN:110,(anonymous_2)
FN:115,(anonymous_3)
FN:132,(anonymous_4)
FN:140,(anonymous_5)
FNF:5
FNH:0
FNDA:0,(anonymous_1)
FNDA:0,(anonymous_2)
FNDA:0,(anonymous_3)
FNDA:0,(anonymous_4)
FNDA:0,(anonymous_5)
DA:78,0
DA:79,0
DA:80,0
DA:81,0
DA:83,0
DA:84,0
DA:94,0
DA:111,0
DA:112,0
DA:113,0
DA:117,0
DA:118,0
DA:119,0
DA:120,0
DA:121,0
DA:126,0
DA:127,0
DA:132,0
DA:141,0
DA:146,0
LF:20
LH:0
BRF:0
BRH:0
end_of_record
TN:
SF:D:\SecondSWE\Marioplex-Frontend\src\views\searchresults.vue
FNF:0
FNH:0
DA:147,0
DA:148,0
DA:149,0
DA:150,0
DA:151,0
LF:5
LH:0
BRF:0
BRH:0
end_of_record
TN:
SF:D:\SecondSWE\Marioplex-Frontend\src\views\seeallartist.vue
FN:42,(anonymous_1)
FNF:1
FNH:0
FNDA:0,(anonymous_1)
DA:34,0
DA:35,0
DA:43,0
LF:3
LH:0
BRF:0
BRH:0
end_of_record
