TN:
SF:D:\Unit_Testing\Marioplex-Frontend\src\components\AddTrackPopup.vue
FN:191,(anonymous_1)
FN:201,(anonymous_2)
FN:204,(anonymous_3)
FN:219,(anonymous_4)
FN:231,(anonymous_5)
FNF:5
FNH:0
FNDA:0,(anonymous_1)
FNDA:0,(anonymous_2)
FNDA:0,(anonymous_3)
FNDA:0,(anonymous_4)
FNDA:0,(anonymous_5)
DA:182,0
DA:184,0
DA:185,0
DA:191,0
DA:202,0
DA:205,0
DA:209,0
DA:213,0
DA:217,0
DA:220,0
DA:232,0
LF:11
LH:0
BRF:0
BRH:0
end_of_record
TN:
SF:D:\Unit_Testing\Marioplex-Frontend\src\components\CreatePlaylist.vue
FN:303,(anonymous_1)
FN:312,(anonymous_2)
FN:320,(anonymous_3)
FN:324,(anonymous_4)
FNF:4
FNH:0
FNDA:0,(anonymous_1)
FNDA:0,(anonymous_2)
FNDA:0,(anonymous_3)
FNDA:0,(anonymous_4)
DA:299,0
DA:304,0
DA:312,0
DA:321,0
DA:326,0
DA:327,0
DA:333,0
DA:339,0
DA:340,0
LF:9
LH:0
BRDA:326,0,0,0
BRDA:326,0,1,0
BRF:2
BRH:0
end_of_record
TN:
SF:D:\Unit_Testing\Marioplex-Frontend\src\components\DeletePlaylist.vue
FN:202,(anonymous_1)
FN:210,(anonymous_2)
FN:214,(anonymous_3)
FNF:3
FNH:0
FNDA:0,(anonymous_1)
FNDA:0,(anonymous_2)
FNDA:0,(anonymous_3)
DA:197,0
DA:202,0
DA:211,0
DA:212,0
DA:215,0
DA:216,0
DA:217,0
LF:7
LH:0
BRF:0
BRH:0
end_of_record
TN:
SF:D:\Unit_Testing\Marioplex-Frontend\src\components\DeleteSong.vue
FN:177,(anonymous_1)
FN:180,(anonymous_2)
FNF:2
FNH:0
FNDA:0,(anonymous_1)
FNDA:0,(anonymous_2)
DA:169,0
DA:178,0
DA:181,0
DA:182,0
DA:183,0
LF:5
LH:0
BRF:0
BRH:0
end_of_record
TN:
SF:D:\Unit_Testing\Marioplex-Frontend\src\components\EditBio.vue
FN:252,(anonymous_1)
FN:267,(anonymous_2)
FN:271,(anonymous_3)
FNF:3
FNH:0
FNDA:0,(anonymous_1)
FNDA:0,(anonymous_2)
FNDA:0,(anonymous_3)
DA:248,0
DA:253,0
DA:268,0
DA:272,0
DA:277,0
DA:278,0
LF:6
LH:0
BRF:0
BRH:0
end_of_record
TN:
SF:D:\Unit_Testing\Marioplex-Frontend\src\components\NavbarWebplayer.vue
FN:296,(anonymous_1)
FN:310,(anonymous_2)
FN:313,(anonymous_3)
FN:316,(anonymous_4)
FN:319,(anonymous_5)
FN:328,(anonymous_6)
FN:350,(anonymous_7)
FN:353,(anonymous_8)
FN:357,(anonymous_9)
FNF:9
FNH:0
FNDA:0,(anonymous_1)
FNDA:0,(anonymous_2)
FNDA:0,(anonymous_3)
FNDA:0,(anonymous_4)
FNDA:0,(anonymous_5)
FNDA:0,(anonymous_6)
FNDA:0,(anonymous_7)
FNDA:0,(anonymous_8)
FNDA:0,(anonymous_9)
DA:294,0
DA:297,0
DA:311,0
DA:314,0
DA:317,0
DA:320,0
DA:321,0
DA:322,0
DA:323,0
DA:325,0
DA:329,0
DA:337,0
DA:339,0
DA:341,0
DA:342,0
DA:344,0
DA:347,0
DA:354,0
DA:355,0
DA:358,0
DA:359,0
LF:21
LH:0
BRDA:322,0,0,0
BRDA:322,0,1,0
BRDA:329,1,0,0
BRDA:329,1,1,0
BRDA:329,2,0,0
BRDA:329,2,1,0
BRDA:329,2,2,0
BRDA:341,3,0,0
BRDA:341,3,1,0
BRF:9
BRH:0
end_of_record
TN:
SF:D:\Unit_Testing\Marioplex-Frontend\src\components\ShowPopularalbums.vue
FN:93,(anonymous_1)
FNF:1
FNH:0
FNDA:0,(anonymous_1)
DA:94,0
LF:1
LH:0
BRF:0
BRH:0
end_of_record
TN:
SF:D:\Unit_Testing\Marioplex-Frontend\src\components\ShowPopularartists.vue
FN:93,(anonymous_1)
FNF:1
FNH:0
FNDA:0,(anonymous_1)
DA:94,0
LF:1
LH:0
BRF:0
BRH:0
end_of_record
TN:
SF:D:\Unit_Testing\Marioplex-Frontend\src\components\ShowPopularplaylists.vue
FN:93,(anonymous_1)
FNF:1
FNH:0
FNDA:0,(anonymous_1)
DA:94,0
LF:1
LH:0
BRF:0
BRH:0
end_of_record
TN:
SF:D:\Unit_Testing\Marioplex-Frontend\src\components\ShowPopularreleases.vue
FN:93,(anonymous_1)
FNF:1
FNH:0
FNDA:0,(anonymous_1)
DA:94,0
LF:1
LH:0
BRF:0
BRH:0
end_of_record
TN:
SF:D:\Unit_Testing\Marioplex-Frontend\src\components\SideBar.vue
FN:247,(anonymous_1)
FN:258,(anonymous_2)
FN:272,(anonymous_3)
FN:275,(anonymous_4)
FN:278,(anonymous_5)
FN:281,(anonymous_6)
FNF:6
FNH:0
FNDA:0,(anonymous_1)
FNDA:0,(anonymous_2)
FNDA:0,(anonymous_3)
FNDA:0,(anonymous_4)
FNDA:0,(anonymous_5)
FNDA:0,(anonymous_6)
DA:243,0
DA:248,0
DA:259,0
DA:273,0
DA:276,0
DA:279,0
DA:282,0
DA:283,0
LF:8
LH:0
BRF:0
BRH:0
end_of_record
TN:
SF:D:\Unit_Testing\Marioplex-Frontend\src\components\SongComponent.vue
FN:232,(anonymous_1)
FN:238,(anonymous_2)
FN:245,(anonymous_3)
FN:292,(anonymous_4)
FN:298,(anonymous_5)
FN:305,(anonymous_6)
FN:314,(anonymous_7)
FN:322,(anonymous_8)
FN:325,(anonymous_9)
FN:336,(anonymous_10)
FN:349,(anonymous_11)
FN:353,(anonymous_12)
FN:358,(anonymous_13)
FN:363,(anonymous_14)
FN:370,(anonymous_15)
FN:382,(anonymous_16)
FN:385,(anonymous_17)
FN:388,(anonymous_18)
FNF:18
FNH:0
FNDA:0,(anonymous_1)
FNDA:0,(anonymous_2)
FNDA:0,(anonymous_3)
FNDA:0,(anonymous_4)
FNDA:0,(anonymous_5)
FNDA:0,(anonymous_6)
FNDA:0,(anonymous_7)
FNDA:0,(anonymous_8)
FNDA:0,(anonymous_9)
FNDA:0,(anonymous_10)
FNDA:0,(anonymous_11)
FNDA:0,(anonymous_12)
FNDA:0,(anonymous_13)
FNDA:0,(anonymous_14)
FNDA:0,(anonymous_15)
FNDA:0,(anonymous_16)
FNDA:0,(anonymous_17)
FNDA:0,(anonymous_18)
DA:228,0
DA:229,0
DA:230,0
DA:231,0
DA:233,0
DA:235,0
DA:236,0
DA:237,0
DA:238,0
DA:239,0
DA:241,0
DA:246,0
DA:293,0
DA:299,0
DA:300,0
DA:301,0
DA:302,0
DA:303,0
DA:304,0
DA:305,0
DA:306,0
DA:307,0
DA:308,0
DA:309,0
DA:310,0
DA:315,0
DA:316,0
DA:317,0
DA:318,0
DA:319,0
DA:323,0
DA:326,0
DA:327,0
DA:328,0
DA:329,0
DA:331,0
DA:332,0
DA:333,0
DA:337,0
DA:338,0
DA:339,0
DA:340,0
DA:342,0
DA:345,0
DA:346,0
DA:350,0
DA:351,0
DA:354,0
DA:359,0
DA:364,0
DA:371,0
DA:372,0
DA:373,0
DA:374,0
DA:375,0
DA:382,0
DA:386,0
DA:389,0
LF:58
LH:0
BRDA:304,0,0,0
BRDA:304,0,1,0
BRDA:317,1,0,0
BRDA:317,1,1,0
BRDA:317,2,0,0
BRDA:317,2,1,0
BRDA:326,3,0,0
BRDA:326,3,1,0
BRDA:338,4,0,0
BRDA:338,4,1,0
BRDA:339,5,0,0
BRDA:339,5,1,0
BRDA:364,6,0,0
BRDA:364,6,1,0
BRDA:364,6,2,0
BRDA:373,7,0,0
BRDA:373,7,1,0
BRF:17
BRH:0
end_of_record
TN:
SF:D:\Unit_Testing\Marioplex-Frontend\src\components\UploadSong.vue
FN:217,(anonymous_1)
FN:235,(anonymous_2)
FN:238,(anonymous_3)
FN:243,(anonymous_4)
FN:247,(anonymous_5)
FNF:5
FNH:0
FNDA:0,(anonymous_1)
FNDA:0,(anonymous_2)
FNDA:0,(anonymous_3)
FNDA:0,(anonymous_4)
FNDA:0,(anonymous_5)
DA:214,0
DA:218,0
DA:236,0
DA:239,0
DA:241,0
DA:244,0
DA:245,0
DA:271,0
LF:8
LH:0
BRF:0
BRH:0
end_of_record
TN:
SF:D:\Unit_Testing\Marioplex-Frontend\src\components\album_info.vue
FN:243,(anonymous_1)
FN:249,(anonymous_2)
FN:256,(anonymous_3)
FN:265,(anonymous_4)
FN:270,(anonymous_5)
FN:279,(anonymous_6)
FN:286,(anonymous_7)
FN:289,(anonymous_8)
FN:300,(anonymous_9)
FN:313,(anonymous_10)
FNF:10
FNH:1
FNDA:0,(anonymous_1)
FNDA:0,(anonymous_2)
FNDA:14,(anonymous_3)
FNDA:0,(anonymous_4)
FNDA:0,(anonymous_5)
FNDA:0,(anonymous_6)
FNDA:0,(anonymous_7)
FNDA:0,(anonymous_8)
FNDA:0,(anonymous_9)
FNDA:0,(anonymous_10)
DA:240,1
DA:241,1
DA:242,1
DA:244,0
DA:246,0
DA:247,0
DA:248,0
DA:249,0
DA:250,0
DA:252,0
DA:257,14
DA:266,0
DA:267,0
DA:268,0
DA:271,0
DA:272,0
DA:273,0
DA:274,0
DA:275,0
DA:276,0
DA:280,0
DA:281,0
DA:282,0
DA:283,0
DA:284,0
DA:287,0
DA:290,0
DA:291,0
DA:292,0
DA:293,0
DA:294,0
DA:296,0
DA:297,0
DA:301,0
DA:302,0
DA:304,0
DA:305,0
DA:306,0
DA:308,0
DA:309,0
DA:310,0
DA:314,0
DA:315,0
DA:316,0
DA:318,0
DA:319,0
LF:46
LH:4
BRDA:272,0,0,0
BRDA:272,0,1,0
BRDA:292,1,0,0
BRDA:292,1,1,0
BRDA:304,2,0,0
BRDA:304,2,1,0
BRDA:314,3,0,0
BRDA:314,3,1,0
BRF:8
BRH:0
end_of_record
TN:
SF:D:\Unit_Testing\Marioplex-Frontend\src\components\home-navigation-bar.vue
FN:181,(anonymous_1)
FN:187,(anonymous_2)
FN:196,(anonymous_3)
FNF:3
FNH:0
FNDA:0,(anonymous_1)
FNDA:0,(anonymous_2)
FNDA:0,(anonymous_3)
DA:178,0
DA:182,0
DA:188,0
DA:189,0
DA:190,0
DA:191,0
DA:192,0
DA:193,0
DA:197,0
DA:198,0
LF:10
LH:0
BRDA:193,0,0,0
BRDA:193,0,1,0
BRF:2
BRH:0
end_of_record
TN:
SF:D:\Unit_Testing\Marioplex-Frontend\src\components\lib-albums.vue
FN:100,(anonymous_1)
FNF:1
FNH:0
FNDA:0,(anonymous_1)
DA:101,0
LF:1
LH:0
BRF:0
BRH:0
end_of_record
TN:
SF:D:\Unit_Testing\Marioplex-Frontend\src\components\lib-artists.vue
FN:87,(anonymous_1)
FNF:1
FNH:0
FNDA:0,(anonymous_1)
DA:88,0
LF:1
LH:0
BRF:0
BRH:0
end_of_record
TN:
SF:D:\Unit_Testing\Marioplex-Frontend\src\components\lib-likedsongs.vue
FN:104,(anonymous_1)
FN:111,(anonymous_2)
FN:120,(anonymous_3)
FNF:3
FNH:0
FNDA:0,(anonymous_1)
FNDA:0,(anonymous_2)
FNDA:0,(anonymous_3)
DA:102,0
DA:105,0
DA:112,0
DA:121,0
LF:4
LH:0
BRF:0
BRH:0
end_of_record
TN:
SF:D:\Unit_Testing\Marioplex-Frontend\src\components\lib-playlists-default.vue
FN:71,(anonymous_1)
FNF:1
FNH:0
FNDA:0,(anonymous_1)
DA:72,0
LF:1
LH:0
BRF:0
BRH:0
end_of_record
TN:
SF:D:\Unit_Testing\Marioplex-Frontend\src\components\lib-playlists.vue
FN:103,(anonymous_1)
FNF:1
FNH:0
FNDA:0,(anonymous_1)
DA:101,0
DA:104,0
LF:2
LH:0
BRF:0
BRH:0
end_of_record
TN:
SF:D:\Unit_Testing\Marioplex-Frontend\src\components\library-navbar.vue
FN:320,(anonymous_1)
FN:331,(anonymous_2)
FN:336,(anonymous_3)
FN:339,(anonymous_4)
FN:342,(anonymous_5)
FN:345,(anonymous_6)
FNF:6
FNH:0
FNDA:0,(anonymous_1)
FNDA:0,(anonymous_2)
FNDA:0,(anonymous_3)
FNDA:0,(anonymous_4)
FNDA:0,(anonymous_5)
FNDA:0,(anonymous_6)
DA:318,0
DA:321,0
DA:332,0
DA:337,0
DA:340,0
DA:343,0
DA:346,0
DA:354,0
DA:356,0
DA:358,0
DA:359,0
LF:11
LH:0
BRDA:346,0,0,0
BRDA:346,0,1,0
BRDA:346,1,0,0
BRDA:346,1,1,0
BRDA:346,1,2,0
BRF:5
BRH:0
end_of_record
TN:
SF:D:\Unit_Testing\Marioplex-Frontend\src\components\likedtracks_info.vue
FN:150,(anonymous_1)
FN:158,(anonymous_2)
FN:167,(anonymous_3)
FN:174,(anonymous_4)
FN:177,(anonymous_5)
FN:188,(anonymous_6)
FNF:6
FNH:1
FNDA:7,(anonymous_1)
FNDA:0,(anonymous_2)
FNDA:0,(anonymous_3)
FNDA:0,(anonymous_4)
FNDA:0,(anonymous_5)
FNDA:0,(anonymous_6)
DA:147,1
DA:148,1
DA:151,7
DA:159,0
DA:160,0
DA:161,0
DA:162,0
DA:163,0
DA:164,0
DA:168,0
DA:169,0
DA:170,0
DA:171,0
DA:172,0
DA:175,0
DA:178,0
DA:179,0
DA:180,0
DA:181,0
DA:182,0
DA:184,0
DA:185,0
DA:189,0
DA:190,0
DA:192,0
DA:193,0
DA:194,0
DA:196,0
DA:197,0
DA:198,0
LF:30
LH:3
BRDA:160,0,0,0
BRDA:160,0,1,0
BRDA:180,1,0,0
BRDA:180,1,1,0
BRDA:192,2,0,0
BRDA:192,2,1,0
BRF:6
BRH:0
end_of_record
TN:
SF:D:\Unit_Testing\Marioplex-Frontend\src\components\mediaplayer.vue
FN:465,(anonymous_1)
FN:477,(anonymous_2)
FN:478,(anonymous_3)
FN:479,(anonymous_4)
FN:500,(anonymous_5)
FN:501,(anonymous_6)
FN:504,(anonymous_7)
FN:510,(anonymous_8)
FN:511,(anonymous_9)
FN:514,(anonymous_10)
FN:522,(anonymous_11)
FN:534,(anonymous_12)
FN:549,(anonymous_13)
FN:553,(anonymous_14)
FN:565,(anonymous_15)
FN:569,(anonymous_16)
FN:584,(anonymous_17)
FN:607,(anonymous_18)
FN:628,(anonymous_19)
FN:632,(anonymous_20)
FN:638,(anonymous_21)
FN:649,(anonymous_22)
FNF:22
FNH:0
FNDA:0,(anonymous_1)
FNDA:0,(anonymous_2)
FNDA:0,(anonymous_3)
FNDA:0,(anonymous_4)
FNDA:0,(anonymous_5)
FNDA:0,(anonymous_6)
FNDA:0,(anonymous_7)
FNDA:0,(anonymous_8)
FNDA:0,(anonymous_9)
FNDA:0,(anonymous_10)
FNDA:0,(anonymous_11)
FNDA:0,(anonymous_12)
FNDA:0,(anonymous_13)
FNDA:0,(anonymous_14)
FNDA:0,(anonymous_15)
FNDA:0,(anonymous_16)
FNDA:0,(anonymous_17)
FNDA:0,(anonymous_18)
FNDA:0,(anonymous_19)
FNDA:0,(anonymous_20)
FNDA:0,(anonymous_21)
FNDA:0,(anonymous_22)
DA:463,0
DA:466,0
DA:478,0
DA:479,0
DA:480,0
DA:501,0
DA:502,0
DA:503,0
DA:506,0
DA:507,0
DA:511,0
DA:512,0
DA:513,0
DA:516,0
DA:517,0
DA:523,0
DA:524,0
DA:526,0
DA:527,0
DA:528,0
DA:529,0
DA:530,0
DA:531,0
DA:535,0
DA:536,0
DA:537,0
DA:538,0
DA:539,0
DA:540,0
DA:541,0
DA:544,0
DA:545,0
DA:546,0
DA:550,0
DA:551,0
DA:554,0
DA:555,0
DA:556,0
DA:557,0
DA:558,0
DA:559,0
DA:560,0
DA:561,0
DA:562,0
DA:566,0
DA:567,0
DA:570,0
DA:571,0
DA:572,0
DA:573,0
DA:574,0
DA:576,0
DA:579,0
DA:580,0
DA:581,0
DA:585,0
DA:586,0
DA:587,0
DA:588,0
DA:589,0
DA:590,0
DA:593,0
DA:594,0
DA:595,0
DA:596,0
DA:597,0
DA:598,0
DA:599,0
DA:600,0
DA:604,0
DA:608,0
DA:609,0
DA:610,0
DA:614,0
DA:615,0
DA:616,0
DA:617,0
DA:618,0
DA:619,0
DA:620,0
DA:621,0
DA:623,0
DA:624,0
DA:629,0
DA:630,0
DA:633,0
DA:634,0
DA:639,0
DA:641,0
DA:642,0
DA:643,0
DA:644,0
DA:645,0
DA:647,0
DA:650,0
DA:651,0
DA:652,0
DA:653,0
DA:654,0
DA:655,0
DA:657,0
LF:101
LH:0
BRDA:524,0,0,0
BRDA:524,0,1,0
BRDA:524,1,0,0
BRDA:524,1,1,0
BRDA:535,2,0,0
BRDA:535,2,1,0
BRDA:541,3,0,0
BRDA:541,3,1,0
BRDA:554,4,0,0
BRDA:554,4,1,0
BRDA:570,5,0,0
BRDA:570,5,1,0
BRDA:576,6,0,0
BRDA:576,6,1,0
BRDA:585,7,0,0
BRDA:585,7,1,0
BRDA:590,8,0,0
BRDA:590,8,1,0
BRDA:600,9,0,0
BRDA:600,9,1,0
BRDA:610,10,0,0
BRDA:610,10,1,0
BRDA:610,11,0,0
BRDA:610,11,1,0
BRDA:617,12,0,0
BRDA:617,12,1,0
BRDA:619,13,0,0
BRDA:619,13,1,0
BRDA:619,14,0,0
BRDA:619,14,1,0
BRDA:639,15,0,0
BRDA:639,15,1,0
BRDA:643,16,0,0
BRDA:643,16,1,0
BRDA:650,17,0,0
BRDA:650,17,1,0
BRDA:653,18,0,0
BRDA:653,18,1,0
BRF:38
BRH:0
end_of_record
TN:
SF:D:\Unit_Testing\Marioplex-Frontend\src\components\playlist.vue
FN:155,(anonymous_1)
FN:162,(anonymous_2)
FNF:2
FNH:1
FNDA:4,(anonymous_1)
FNDA:0,(anonymous_2)
DA:153,1
DA:156,4
DA:163,0
DA:164,0
DA:165,0
LF:5
LH:2
BRF:0
BRH:0
end_of_record
TN:
SF:D:\Unit_Testing\Marioplex-Frontend\src\components\playlist_info.vue
FN:257,(anonymous_1)
FN:263,(anonymous_2)
FN:270,(anonymous_3)
FN:292,(anonymous_4)
FN:297,(anonymous_5)
FN:306,(anonymous_6)
FN:313,(anonymous_7)
FN:316,(anonymous_8)
FN:327,(anonymous_9)
FN:340,(anonymous_10)
FNF:10
FNH:1
FNDA:0,(anonymous_1)
FNDA:0,(anonymous_2)
FNDA:15,(anonymous_3)
FNDA:0,(anonymous_4)
FNDA:0,(anonymous_5)
FNDA:0,(anonymous_6)
FNDA:0,(anonymous_7)
FNDA:0,(anonymous_8)
FNDA:0,(anonymous_9)
FNDA:0,(anonymous_10)
DA:254,1
DA:255,1
DA:256,1
DA:258,0
DA:260,0
DA:261,0
DA:262,0
DA:263,0
DA:264,0
DA:266,0
DA:271,15
DA:293,0
DA:294,0
DA:295,0
DA:298,0
DA:299,0
DA:300,0
DA:301,0
DA:302,0
DA:303,0
DA:307,0
DA:308,0
DA:309,0
DA:310,0
DA:311,0
DA:314,0
DA:317,0
DA:318,0
DA:319,0
DA:320,0
DA:321,0
DA:323,0
DA:324,0
DA:328,0
DA:329,0
DA:331,0
DA:332,0
DA:333,0
DA:335,0
DA:336,0
DA:337,0
DA:341,0
DA:342,0
DA:343,0
DA:345,0
DA:349,0
DA:351,0
DA:352,0
DA:354,0
DA:358,0
LF:50
LH:4
BRDA:299,0,0,0
BRDA:299,0,1,0
BRDA:319,1,0,0
BRDA:319,1,1,0
BRDA:331,2,0,0
BRDA:331,2,1,0
BRDA:341,3,0,0
BRDA:341,3,1,0
BRDA:342,4,0,0
BRDA:342,4,1,0
BRDA:351,5,0,0
BRDA:351,5,1,0
BRF:12
BRH:0
end_of_record
TN:
SF:D:\Unit_Testing\Marioplex-Frontend\src\components\playlistpopup.vue
FN:189,(anonymous_1)
FN:198,(anonymous_2)
FNF:2
FNH:0
FNDA:0,(anonymous_1)
FNDA:0,(anonymous_2)
DA:190,0
DA:199,0
LF:2
LH:0
BRF:0
BRH:0
end_of_record
TN:
SF:D:\Unit_Testing\Marioplex-Frontend\src\components\searchcomponent.vue
FN:76,(anonymous_1)
FN:80,(anonymous_2)
FN:87,(anonymous_3)
FN:91,(anonymous_4)
FNF:4
FNH:0
FNDA:0,(anonymous_1)
FNDA:0,(anonymous_2)
FNDA:0,(anonymous_3)
FNDA:0,(anonymous_4)
DA:72,0
DA:73,0
DA:77,0
DA:81,0
DA:82,0
DA:83,0
DA:84,0
DA:88,0
DA:89,0
DA:92,0
DA:93,0
LF:11
LH:0
BRDA:83,0,0,0
BRDA:83,0,1,0
BRDA:92,1,0,0
BRDA:92,1,1,0
BRF:4
BRH:0
end_of_record
TN:
SF:D:\Unit_Testing\Marioplex-Frontend\src\components\topresult_card.vue
FN:160,(anonymous_1)
FNF:1
FNH:0
FNDA:0,(anonymous_1)
DA:161,0
LF:1
LH:0
BRF:0
BRH:0
end_of_record
TN:
SF:D:\Unit_Testing\Marioplex-Frontend\src\views\ArtistPersonalPage.vue
FN:327,(anonymous_1)
FN:338,(anonymous_2)
FN:339,(anonymous_3)
FN:347,(anonymous_4)
FN:354,(anonymous_5)
FNF:5
FNH:0
FNDA:0,(anonymous_1)
FNDA:0,(anonymous_2)
FNDA:0,(anonymous_3)
FNDA:0,(anonymous_4)
FNDA:0,(anonymous_5)
DA:315,0
DA:316,0
DA:318,0
DA:319,0
DA:328,0
DA:338,0
DA:339,0
DA:348,0
DA:355,0
LF:9
LH:0
BRF:0
BRH:0
end_of_record
TN:
SF:D:\Unit_Testing\Marioplex-Frontend\src\views\ClaimArtist.vue
FN:334,(anonymous_1)
FN:353,(anonymous_2)
FN:363,(anonymous_3)
FNF:3
FNH:0
FNDA:0,(anonymous_1)
FNDA:0,(anonymous_2)
FNDA:0,(anonymous_3)
DA:327,0
DA:335,0
DA:354,0
DA:364,0
DA:369,0
LF:5
LH:0
BRF:0
BRH:0
end_of_record
TN:
SF:D:\Unit_Testing\Marioplex-Frontend\src\views\ForArtist.vue
FNF:0
FNH:0
DA:114,0
LF:1
LH:0
BRF:0
BRH:0
end_of_record
TN:
SF:D:\Unit_Testing\Marioplex-Frontend\src\views\ForgetPassword.vue
FN:144,(anonymous_1)
FN:158,(anonymous_2)
FN:167,(anonymous_3)
FN:173,(anonymous_4)
FN:176,(anonymous_5)
FN:179,(anonymous_6)
FNF:6
FNH:0
FNDA:0,(anonymous_1)
FNDA:0,(anonymous_2)
FNDA:0,(anonymous_3)
FNDA:0,(anonymous_4)
FNDA:0,(anonymous_5)
FNDA:0,(anonymous_6)
DA:145,0
DA:159,0
DA:160,0
DA:161,0
DA:162,0
DA:164,0
DA:165,0
DA:166,0
DA:167,0
DA:174,0
DA:177,0
DA:180,0
LF:12
LH:0
BRDA:159,0,0,0
BRDA:159,0,1,0
BRF:2
BRH:0
end_of_record
TN:
SF:D:\Unit_Testing\Marioplex-Frontend\src\views\Home.vue
FNF:0
FNH:0
DA:12,0
DA:13,0
LF:2
LH:0
BRF:0
BRH:0
end_of_record
TN:
SF:D:\Unit_Testing\Marioplex-Frontend\src\views\HomeWebPlayer.vue
FN:54,(anonymous_1)
FN:55,(anonymous_2)
FNF:2
FNH:0
FNDA:0,(anonymous_1)
FNDA:0,(anonymous_2)
DA:30,0
DA:31,0
DA:32,0
DA:33,0
DA:34,0
DA:35,0
DA:54,0
DA:55,0
LF:8
LH:0
BRF:0
BRH:0
end_of_record
TN:
SF:D:\Unit_Testing\Marioplex-Frontend\src\views\LikedTracks.vue
FN:79,(anonymous_1)
FNF:1
FNH:0
FNDA:0,(anonymous_1)
DA:55,0
DA:56,0
DA:57,0
DA:58,0
DA:80,0
LF:5
LH:0
BRF:0
BRH:0
end_of_record
TN:
SF:D:\Unit_Testing\Marioplex-Frontend\src\views\Login.vue
FN:192,(anonymous_1)
FN:209,(anonymous_2)
FN:216,(anonymous_3)
FN:230,(anonymous_4)
FN:237,(anonymous_5)
FN:244,(anonymous_6)
FN:252,(anonymous_7)
FN:265,(anonymous_8)
FNF:8
FNH:0
FNDA:0,(anonymous_1)
FNDA:0,(anonymous_2)
FNDA:0,(anonymous_3)
FNDA:0,(anonymous_4)
FNDA:0,(anonymous_5)
FNDA:0,(anonymous_6)
FNDA:0,(anonymous_7)
FNDA:0,(anonymous_8)
DA:178,0
DA:179,0
DA:180,0
DA:193,0
DA:210,0
DA:211,0
DA:212,0
DA:213,0
DA:215,0
DA:216,0
DA:217,0
DA:218,0
DA:222,0
DA:231,0
DA:238,0
DA:245,0
DA:253,0
DA:254,0
DA:255,0
DA:256,0
DA:258,0
DA:259,0
DA:262,0
DA:266,0
DA:267,0
DA:268,0
DA:269,0
DA:271,0
DA:272,0
DA:275,0
LF:30
LH:0
BRDA:217,0,0,0
BRDA:217,0,1,0
BRDA:238,1,0,0
BRDA:238,1,1,0
BRDA:253,2,0,0
BRDA:253,2,1,0
BRDA:254,3,0,0
BRDA:254,3,1,0
BRDA:266,4,0,0
BRDA:266,4,1,0
BRDA:267,5,0,0
BRDA:267,5,1,0
BRF:12
BRH:0
end_of_record
TN:
SF:D:\Unit_Testing\Marioplex-Frontend\src\views\Queue.vue
FN:111,(anonymous_1)
FNF:1
FNH:0
FNDA:0,(anonymous_1)
DA:101,0
DA:102,0
DA:112,0
DA:113,0
LF:4
LH:0
BRF:0
BRH:0
end_of_record
TN:
SF:D:\Unit_Testing\Marioplex-Frontend\src\views\Search.vue
FN:271,(anonymous_1)
FN:282,(anonymous_2)
FN:290,(anonymous_3)
FN:306,(anonymous_4)
FN:307,(anonymous_5)
FNF:5
FNH:0
FNDA:0,(anonymous_1)
FNDA:0,(anonymous_2)
FNDA:0,(anonymous_3)
FNDA:0,(anonymous_4)
FNDA:0,(anonymous_5)
DA:257,0
DA:258,0
DA:259,0
DA:260,0
DA:261,0
DA:262,0
DA:263,0
DA:272,0
DA:283,0
DA:291,0
DA:306,0
DA:307,0
LF:12
LH:0
BRF:0
BRH:0
end_of_record
TN:
SF:D:\Unit_Testing\Marioplex-Frontend\src\views\SignUp.vue
FN:361,(anonymous_1)
FN:419,(anonymous_2)
FN:433,(anonymous_3)
FN:452,(anonymous_4)
FN:459,(anonymous_5)
FN:469,(anonymous_6)
FN:480,(anonymous_7)
FN:497,(anonymous_8)
FN:517,(anonymous_9)
FN:530,(anonymous_10)
FN:550,(anonymous_11)
FN:563,(anonymous_12)
FN:576,(anonymous_13)
FN:589,(anonymous_14)
FN:602,(anonymous_15)
FN:615,(anonymous_16)
FN:633,(anonymous_17)
FN:646,(anonymous_18)
FN:665,(anonymous_19)
FN:683,(anonymous_20)
FNF:20
FNH:0
FNDA:0,(anonymous_1)
FNDA:0,(anonymous_2)
FNDA:0,(anonymous_3)
FNDA:0,(anonymous_4)
FNDA:0,(anonymous_5)
FNDA:0,(anonymous_6)
FNDA:0,(anonymous_7)
FNDA:0,(anonymous_8)
FNDA:0,(anonymous_9)
FNDA:0,(anonymous_10)
FNDA:0,(anonymous_11)
FNDA:0,(anonymous_12)
FNDA:0,(anonymous_13)
FNDA:0,(anonymous_14)
FNDA:0,(anonymous_15)
FNDA:0,(anonymous_16)
FNDA:0,(anonymous_17)
FNDA:0,(anonymous_18)
FNDA:0,(anonymous_19)
FNDA:0,(anonymous_20)
DA:347,0
DA:348,0
DA:349,0
DA:362,0
DA:420,0
DA:421,0
DA:422,0
DA:423,0
DA:424,0
DA:425,0
DA:426,0
DA:427,0
DA:428,0
DA:429,0
DA:430,0
DA:431,0
DA:432,0
DA:433,0
DA:434,0
DA:435,0
DA:436,0
DA:444,0
DA:445,0
DA:453,0
DA:460,0
DA:461,0
DA:462,0
DA:463,0
DA:470,0
DA:471,0
DA:472,0
DA:473,0
DA:481,0
DA:482,0
DA:483,0
DA:484,0
DA:485,0
DA:486,0
DA:487,0
DA:488,0
DA:490,0
DA:491,0
DA:494,0
DA:498,0
DA:499,0
DA:500,0
DA:507,0
DA:508,0
DA:510,0
DA:511,0
DA:514,0
DA:518,0
DA:519,0
DA:520,0
DA:521,0
DA:523,0
DA:524,0
DA:527,0
DA:531,0
DA:532,0
DA:533,0
DA:540,0
DA:541,0
DA:543,0
DA:544,0
DA:547,0
DA:551,0
DA:552,0
DA:553,0
DA:554,0
DA:556,0
DA:557,0
DA:560,0
DA:564,0
DA:565,0
DA:566,0
DA:567,0
DA:569,0
DA:570,0
DA:573,0
DA:577,0
DA:578,0
DA:579,0
DA:580,0
DA:582,0
DA:583,0
DA:586,0
DA:590,0
DA:591,0
DA:592,0
DA:593,0
DA:595,0
DA:596,0
DA:599,0
DA:603,0
DA:604,0
DA:605,0
DA:606,0
DA:608,0
DA:609,0
DA:612,0
DA:616,0
DA:617,0
DA:623,0
DA:624,0
DA:626,0
DA:627,0
DA:630,0
DA:634,0
DA:635,0
DA:636,0
DA:637,0
DA:639,0
DA:640,0
DA:643,0
DA:647,0
DA:648,0
DA:649,0
DA:655,0
DA:656,0
DA:658,0
DA:659,0
DA:662,0
DA:666,0
DA:667,0
DA:668,0
DA:673,0
DA:674,0
DA:676,0
DA:677,0
DA:680,0
DA:684,0
DA:685,0
DA:686,0
DA:687,0
DA:689,0
DA:690,0
DA:693,0
LF:138
LH:0
BRDA:434,0,0,0
BRDA:434,0,1,0
BRDA:472,1,0,0
BRDA:472,1,1,0
BRDA:482,2,0,0
BRDA:482,2,1,0
BRDA:484,3,0,0
BRDA:484,3,1,0
BRDA:498,4,0,0
BRDA:498,4,1,0
BRDA:500,5,0,0
BRDA:500,5,1,0
BRDA:500,6,0,0
BRDA:500,6,1,0
BRDA:500,6,2,0
BRDA:500,6,3,0
BRDA:500,6,4,0
BRDA:518,7,0,0
BRDA:518,7,1,0
BRDA:519,8,0,0
BRDA:519,8,1,0
BRDA:531,9,0,0
BRDA:531,9,1,0
BRDA:533,10,0,0
BRDA:533,10,1,0
BRDA:533,11,0,0
BRDA:533,11,1,0
BRDA:533,11,2,0
BRDA:533,11,3,0
BRDA:533,11,4,0
BRDA:551,12,0,0
BRDA:551,12,1,0
BRDA:552,13,0,0
BRDA:552,13,1,0
BRDA:564,14,0,0
BRDA:564,14,1,0
BRDA:565,15,0,0
BRDA:565,15,1,0
BRDA:577,16,0,0
BRDA:577,16,1,0
BRDA:578,17,0,0
BRDA:578,17,1,0
BRDA:578,18,0,0
BRDA:578,18,1,0
BRDA:590,19,0,0
BRDA:590,19,1,0
BRDA:591,20,0,0
BRDA:591,20,1,0
BRDA:603,21,0,0
BRDA:603,21,1,0
BRDA:604,22,0,0
BRDA:604,22,1,0
BRDA:616,23,0,0
BRDA:616,23,1,0
BRDA:617,24,0,0
BRDA:617,24,1,0
BRDA:617,25,0,0
BRDA:617,25,1,0
BRDA:617,25,2,0
BRDA:617,25,3,0
BRDA:634,26,0,0
BRDA:634,26,1,0
BRDA:635,27,0,0
BRDA:635,27,1,0
BRDA:647,28,0,0
BRDA:647,28,1,0
BRDA:649,29,0,0
BRDA:649,29,1,0
BRDA:649,30,0,0
BRDA:649,30,1,0
BRDA:649,30,2,0
BRDA:649,30,3,0
BRDA:667,31,0,0
BRDA:667,31,1,0
BRDA:668,32,0,0
BRDA:668,32,1,0
BRDA:668,33,0,0
BRDA:668,33,1,0
BRDA:668,33,2,0
BRDA:684,34,0,0
BRDA:684,34,1,0
BRDA:685,35,0,0
BRDA:685,35,1,0
BRF:83
BRH:0
end_of_record
TN:
SF:D:\Unit_Testing\Marioplex-Frontend\src\views\UserHome.vue
FN:123,(anonymous_1)
FN:124,(anonymous_2)
FN:134,(anonymous_3)
FN:142,(anonymous_4)
FNF:4
FNH:0
FNDA:0,(anonymous_1)
FNDA:0,(anonymous_2)
FNDA:0,(anonymous_3)
FNDA:0,(anonymous_4)
DA:102,0
DA:103,0
DA:104,0
DA:105,0
DA:106,0
DA:107,0
DA:124,0
DA:128,0
DA:135,0
DA:136,0
DA:137,0
DA:138,0
DA:139,0
DA:144,0
LF:14
LH:0
BRF:0
BRH:0
end_of_record
TN:
SF:D:\Unit_Testing\Marioplex-Frontend\src\views\album_view.vue
FN:49,(anonymous_1)
FN:72,(anonymous_2)
FN:76,(anonymous_3)
FNF:3
FNH:0
FNDA:0,(anonymous_1)
FNDA:0,(anonymous_2)
FNDA:0,(anonymous_3)
DA:39,0
DA:40,0
DA:41,0
DA:50,0
DA:73,0
DA:74,0
DA:77,0
LF:7
LH:0
BRF:0
BRH:0
end_of_record
TN:
SF:D:\Unit_Testing\Marioplex-Frontend\src\views\library-albums.vue
FN:64,(anonymous_1)
FNF:1
FNH:0
FNDA:0,(anonymous_1)
DA:50,0
DA:51,0
DA:52,0
DA:65,0
LF:4
LH:0
BRF:0
BRH:0
end_of_record
TN:
SF:D:\Unit_Testing\Marioplex-Frontend\src\views\library-artists.vue
FN:62,(anonymous_1)
FNF:1
FNH:0
FNDA:0,(anonymous_1)
DA:48,0
DA:49,0
DA:50,0
DA:63,0
LF:4
LH:0
BRF:0
BRH:0
end_of_record
TN:
SF:D:\Unit_Testing\Marioplex-Frontend\src\views\library-playlists.vue
FN:68,(anonymous_1)
FNF:1
FNH:0
FNDA:0,(anonymous_1)
DA:52,0
DA:53,0
DA:54,0
DA:55,0
DA:69,0
DA:70,0
LF:6
LH:0
BRF:0
BRH:0
end_of_record
TN:
SF:D:\Unit_Testing\Marioplex-Frontend\src\views\playlist_view.vue
FN:98,(anonymous_1)
FN:115,(anonymous_2)
FN:127,(anonymous_3)
FN:144,(anonymous_4)
FN:152,(anonymous_5)
FNF:5
FNH:0
FNDA:0,(anonymous_1)
FNDA:0,(anonymous_2)
FNDA:0,(anonymous_3)
FNDA:0,(anonymous_4)
FNDA:0,(anonymous_5)
DA:78,0
DA:79,0
DA:80,0
DA:81,0
DA:83,0
DA:84,0
DA:99,0
DA:116,0
DA:117,0
DA:118,0
DA:129,0
DA:130,0
DA:131,0
DA:132,0
DA:133,0
DA:138,0
DA:139,0
DA:144,0
DA:153,0
DA:158,0
LF:20
LH:0
BRF:0
BRH:0
end_of_record
TN:
SF:D:\Unit_Testing\Marioplex-Frontend\src\views\searchresults.vue
FNF:0
FNH:0
DA:149,0
DA:150,0
DA:151,0
DA:152,0
DA:153,0
LF:5
LH:0
BRF:0
BRH:0
end_of_record
TN:
SF:D:\Unit_Testing\Marioplex-Frontend\src\views\seeallartist.vue
FN:51,(anonymous_1)
FNF:1
FNH:0
FNDA:0,(anonymous_1)
DA:34,0
DA:35,0
DA:52,0
LF:3
LH:0
BRF:0
BRH:0
end_of_record
